ARM GAS  C:\Users\lenovo\AppData\Local\Temp\ccGZALr8.s 			page 1


   1              		.syntax unified
   2              		.cpu cortex-m3
   3              		.fpu softvfp
   4              		.eabi_attribute 20, 1
   5              		.eabi_attribute 21, 1
   6              		.eabi_attribute 23, 3
   7              		.eabi_attribute 24, 1
   8              		.eabi_attribute 25, 1
   9              		.eabi_attribute 26, 1
  10              		.eabi_attribute 30, 1
  11              		.eabi_attribute 34, 1
  12              		.eabi_attribute 18, 4
  13              		.thumb
  14              		.file	"cymetadata.c"
  15              		.text
  16              	.Ltext0:
  17              		.cfi_sections	.debug_frame
  18              		.global	cy_metadata
  19              		.global	cy_meta_flashprotect
  20              		.global	cy_meta_wonvl
  21              		.global	cy_meta_custnvl
  22              		.global	cy_meta_configecc
  23              		.section	.cyconfigecc,"a",%progbits
  24              		.align	2
  25              		.type	cy_meta_configecc, %object
  26              		.size	cy_meta_configecc, 1764
  27              	cy_meta_configecc:
  28 0000 04       		.byte	4
  29 0001 52       		.byte	82
  30 0002 00       		.byte	0
  31 0003 40       		.byte	64
  32 0004 04       		.byte	4
  33 0005 64       		.byte	100
  34 0006 00       		.byte	0
  35 0007 40       		.byte	64
  36 0008 02       		.byte	2
  37 0009 65       		.byte	101
  38 000a 00       		.byte	0
  39 000b 40       		.byte	64
  40 000c 13       		.byte	19
  41 000d 00       		.byte	0
  42 000e 01       		.byte	1
  43 000f 40       		.byte	64
  44 0010 38       		.byte	56
  45 0011 01       		.byte	1
  46 0012 01       		.byte	1
  47 0013 40       		.byte	64
  48 0014 57       		.byte	87
  49 0015 02       		.byte	2
  50 0016 01       		.byte	1
  51 0017 40       		.byte	64
  52 0018 41       		.byte	65
  53 0019 03       		.byte	3
  54 001a 01       		.byte	1
  55 001b 40       		.byte	64
  56 001c 09       		.byte	9
  57 001d 04       		.byte	4
ARM GAS  C:\Users\lenovo\AppData\Local\Temp\ccGZALr8.s 			page 2


  58 001e 01       		.byte	1
  59 001f 40       		.byte	64
  60 0020 45       		.byte	69
  61 0021 05       		.byte	5
  62 0022 01       		.byte	1
  63 0023 40       		.byte	64
  64 0024 5B       		.byte	91
  65 0025 06       		.byte	6
  66 0026 01       		.byte	1
  67 0027 40       		.byte	64
  68 0028 43       		.byte	67
  69 0029 07       		.byte	7
  70 002a 01       		.byte	1
  71 002b 40       		.byte	64
  72 002c 02       		.byte	2
  73 002d 0B       		.byte	11
  74 002e 01       		.byte	1
  75 002f 40       		.byte	64
  76 0030 53       		.byte	83
  77 0031 16       		.byte	22
  78 0032 01       		.byte	1
  79 0033 40       		.byte	64
  80 0034 47       		.byte	71
  81 0035 17       		.byte	23
  82 0036 01       		.byte	1
  83 0037 40       		.byte	64
  84 0038 01       		.byte	1
  85 0039 19       		.byte	25
  86 003a 01       		.byte	1
  87 003b 40       		.byte	64
  88 003c 10       		.byte	16
  89 003d 40       		.byte	64
  90 003e 01       		.byte	1
  91 003f 40       		.byte	64
  92 0040 08       		.byte	8
  93 0041 41       		.byte	65
  94 0042 01       		.byte	1
  95 0043 40       		.byte	64
  96 0044 06       		.byte	6
  97 0045 42       		.byte	66
  98 0046 01       		.byte	1
  99 0047 40       		.byte	64
 100 0048 04       		.byte	4
 101 0049 43       		.byte	67
 102 004a 01       		.byte	1
 103 004b 40       		.byte	64
 104 004c 04       		.byte	4
 105 004d 46       		.byte	70
 106 004e 01       		.byte	1
 107 004f 40       		.byte	64
 108 0050 02       		.byte	2
 109 0051 47       		.byte	71
 110 0052 01       		.byte	1
 111 0053 40       		.byte	64
 112 0054 06       		.byte	6
 113 0055 48       		.byte	72
 114 0056 01       		.byte	1
ARM GAS  C:\Users\lenovo\AppData\Local\Temp\ccGZALr8.s 			page 3


 115 0057 40       		.byte	64
 116 0058 0A       		.byte	10
 117 0059 4C       		.byte	76
 118 005a 01       		.byte	1
 119 005b 40       		.byte	64
 120 005c 07       		.byte	7
 121 005d 50       		.byte	80
 122 005e 01       		.byte	1
 123 005f 40       		.byte	64
 124 0060 01       		.byte	1
 125 0061 51       		.byte	81
 126 0062 01       		.byte	1
 127 0063 40       		.byte	64
 128 0064 08       		.byte	8
 129 0065 40       		.byte	64
 130 0066 09       		.byte	9
 131 0067 40       		.byte	64
 132 0068 0B       		.byte	11
 133 0069 40       		.byte	64
 134 006a 21       		.byte	33
 135 006b 02       		.byte	2
 136 006c 82       		.byte	-126
 137 006d 38       		.byte	56
 138 006e 84       		.byte	-124
 139 006f 72       		.byte	114
 140 0070 85       		.byte	-123
 141 0071 72       		.byte	114
 142 0072 87       		.byte	-121
 143 0073 0F       		.byte	15
 144 0074 86       		.byte	-122
 145 0075 0F       		.byte	15
 146 0076 87       		.byte	-121
 147 0077 38       		.byte	56
 148 0078 00       		.byte	0
 149 0079 0A       		.byte	10
 150 007a 02       		.byte	2
 151 007b 51       		.byte	81
 152 007c 0C       		.byte	12
 153 007d 80       		.byte	-128
 154 007e 10       		.byte	16
 155 007f 14       		.byte	20
 156 0080 12       		.byte	18
 157 0081 49       		.byte	73
 158 0082 14       		.byte	20
 159 0083 01       		.byte	1
 160 0084 16       		.byte	22
 161 0085 26       		.byte	38
 162 0086 24       		.byte	36
 163 0087 9F       		.byte	-97
 164 0088 28       		.byte	40
 165 0089 9F       		.byte	-97
 166 008a 30       		.byte	48
 167 008b 18       		.byte	24
 168 008c 32       		.byte	50
 169 008d 07       		.byte	7
 170 008e 34       		.byte	52
 171 008f 60       		.byte	96
ARM GAS  C:\Users\lenovo\AppData\Local\Temp\ccGZALr8.s 			page 4


 172 0090 36       		.byte	54
 173 0091 80       		.byte	-128
 174 0092 3B       		.byte	59
 175 0093 80       		.byte	-128
 176 0094 3E       		.byte	62
 177 0095 10       		.byte	16
 178 0096 58       		.byte	88
 179 0097 04       		.byte	4
 180 0098 59       		.byte	89
 181 0099 04       		.byte	4
 182 009a 5C       		.byte	92
 183 009b 22       		.byte	34
 184 009c 5F       		.byte	95
 185 009d 01       		.byte	1
 186 009e 01       		.byte	1
 187 009f 42       		.byte	66
 188 00a0 04       		.byte	4
 189 00a1 01       		.byte	1
 190 00a2 05       		.byte	5
 191 00a3 41       		.byte	65
 192 00a4 06       		.byte	6
 193 00a5 40       		.byte	64
 194 00a6 07       		.byte	7
 195 00a7 10       		.byte	16
 196 00a8 08       		.byte	8
 197 00a9 01       		.byte	1
 198 00aa 0A       		.byte	10
 199 00ab 10       		.byte	16
 200 00ac 0D       		.byte	13
 201 00ad 08       		.byte	8
 202 00ae 0E       		.byte	14
 203 00af 04       		.byte	4
 204 00b0 0F       		.byte	15
 205 00b1 80       		.byte	-128
 206 00b2 11       		.byte	17
 207 00b3 24       		.byte	36
 208 00b4 16       		.byte	22
 209 00b5 89       		.byte	-119
 210 00b6 17       		.byte	23
 211 00b7 08       		.byte	8
 212 00b8 19       		.byte	25
 213 00b9 02       		.byte	2
 214 00ba 1A       		.byte	26
 215 00bb 12       		.byte	18
 216 00bc 1B       		.byte	27
 217 00bd 50       		.byte	80
 218 00be 1D       		.byte	29
 219 00bf 48       		.byte	72
 220 00c0 1E       		.byte	30
 221 00c1 84       		.byte	-124
 222 00c2 20       		.byte	32
 223 00c3 01       		.byte	1
 224 00c4 24       		.byte	36
 225 00c5 80       		.byte	-128
 226 00c6 25       		.byte	37
 227 00c7 40       		.byte	64
 228 00c8 26       		.byte	38
ARM GAS  C:\Users\lenovo\AppData\Local\Temp\ccGZALr8.s 			page 5


 229 00c9 08       		.byte	8
 230 00ca 27       		.byte	39
 231 00cb 48       		.byte	72
 232 00cc 2C       		.byte	44
 233 00cd 20       		.byte	32
 234 00ce 2D       		.byte	45
 235 00cf 02       		.byte	2
 236 00d0 2E       		.byte	46
 237 00d1 28       		.byte	40
 238 00d2 35       		.byte	53
 239 00d3 41       		.byte	65
 240 00d4 37       		.byte	55
 241 00d5 18       		.byte	24
 242 00d6 3E       		.byte	62
 243 00d7 14       		.byte	20
 244 00d8 3F       		.byte	63
 245 00d9 81       		.byte	-127
 246 00da 46       		.byte	70
 247 00db 40       		.byte	64
 248 00dc 47       		.byte	71
 249 00dd 48       		.byte	72
 250 00de 4E       		.byte	78
 251 00df 01       		.byte	1
 252 00e0 4F       		.byte	79
 253 00e1 20       		.byte	32
 254 00e2 56       		.byte	86
 255 00e3 10       		.byte	16
 256 00e4 57       		.byte	87
 257 00e5 02       		.byte	2
 258 00e6 5C       		.byte	92
 259 00e7 80       		.byte	-128
 260 00e8 64       		.byte	100
 261 00e9 01       		.byte	1
 262 00ea 66       		.byte	102
 263 00eb 80       		.byte	-128
 264 00ec 67       		.byte	103
 265 00ed 01       		.byte	1
 266 00ee 85       		.byte	-123
 267 00ef 01       		.byte	1
 268 00f0 86       		.byte	-122
 269 00f1 08       		.byte	8
 270 00f2 88       		.byte	-120
 271 00f3 80       		.byte	-128
 272 00f4 8C       		.byte	-116
 273 00f5 02       		.byte	2
 274 00f6 C0       		.byte	-64
 275 00f7 B9       		.byte	-71
 276 00f8 C2       		.byte	-62
 277 00f9 7C       		.byte	124
 278 00fa C4       		.byte	-60
 279 00fb F6       		.byte	-10
 280 00fc CA       		.byte	-54
 281 00fd E0       		.byte	-32
 282 00fe CC       		.byte	-52
 283 00ff F0       		.byte	-16
 284 0100 CE       		.byte	-50
 285 0101 F0       		.byte	-16
ARM GAS  C:\Users\lenovo\AppData\Local\Temp\ccGZALr8.s 			page 6


 286 0102 D0       		.byte	-48
 287 0103 D0       		.byte	-48
 288 0104 D2       		.byte	-46
 289 0105 30       		.byte	48
 290 0106 D6       		.byte	-42
 291 0107 10       		.byte	16
 292 0108 D8       		.byte	-40
 293 0109 10       		.byte	16
 294 010a E0       		.byte	-32
 295 010b 20       		.byte	32
 296 010c E4       		.byte	-28
 297 010d 40       		.byte	64
 298 010e 00       		.byte	0
 299 010f 54       		.byte	84
 300 0110 01       		.byte	1
 301 0111 04       		.byte	4
 302 0112 02       		.byte	2
 303 0113 20       		.byte	32
 304 0114 03       		.byte	3
 305 0115 08       		.byte	8
 306 0116 06       		.byte	6
 307 0117 01       		.byte	1
 308 0118 07       		.byte	7
 309 0119 10       		.byte	16
 310 011a 08       		.byte	8
 311 011b 18       		.byte	24
 312 011c 0A       		.byte	10
 313 011d 20       		.byte	32
 314 011e 0E       		.byte	14
 315 011f 01       		.byte	1
 316 0120 0F       		.byte	15
 317 0121 01       		.byte	1
 318 0122 11       		.byte	17
 319 0123 30       		.byte	48
 320 0124 13       		.byte	19
 321 0125 0A       		.byte	10
 322 0126 14       		.byte	20
 323 0127 1E       		.byte	30
 324 0128 16       		.byte	22
 325 0129 60       		.byte	96
 326 012a 1B       		.byte	27
 327 012b 30       		.byte	48
 328 012c 1D       		.byte	29
 329 012d 02       		.byte	2
 330 012e 1E       		.byte	30
 331 012f 2A       		.byte	42
 332 0130 1F       		.byte	31
 333 0131 18       		.byte	24
 334 0132 20       		.byte	32
 335 0133 1E       		.byte	30
 336 0134 22       		.byte	34
 337 0135 20       		.byte	32
 338 0136 26       		.byte	38
 339 0137 40       		.byte	64
 340 0138 29       		.byte	41
 341 0139 02       		.byte	2
 342 013a 2B       		.byte	43
ARM GAS  C:\Users\lenovo\AppData\Local\Temp\ccGZALr8.s 			page 7


 343 013b 28       		.byte	40
 344 013c 2F       		.byte	47
 345 013d 01       		.byte	1
 346 013e 30       		.byte	48
 347 013f 01       		.byte	1
 348 0140 31       		.byte	49
 349 0141 01       		.byte	1
 350 0142 32       		.byte	50
 351 0143 78       		.byte	120
 352 0144 34       		.byte	52
 353 0145 06       		.byte	6
 354 0146 35       		.byte	53
 355 0147 06       		.byte	6
 356 0148 37       		.byte	55
 357 0149 38       		.byte	56
 358 014a 38       		.byte	56
 359 014b 20       		.byte	32
 360 014c 39       		.byte	57
 361 014d 20       		.byte	32
 362 014e 3A       		.byte	58
 363 014f 08       		.byte	8
 364 0150 3B       		.byte	59
 365 0151 80       		.byte	-128
 366 0152 3E       		.byte	62
 367 0153 11       		.byte	17
 368 0154 3F       		.byte	63
 369 0155 01       		.byte	1
 370 0156 40       		.byte	64
 371 0157 02       		.byte	2
 372 0158 47       		.byte	71
 373 0159 04       		.byte	4
 374 015a 49       		.byte	73
 375 015b FF       		.byte	-1
 376 015c 4A       		.byte	74
 377 015d 07       		.byte	7
 378 015e 4B       		.byte	75
 379 015f FF       		.byte	-1
 380 0160 4C       		.byte	76
 381 0161 40       		.byte	64
 382 0162 4D       		.byte	77
 383 0163 20       		.byte	32
 384 0164 4E       		.byte	78
 385 0165 F0       		.byte	-16
 386 0166 4F       		.byte	79
 387 0167 05       		.byte	5
 388 0168 50       		.byte	80
 389 0169 08       		.byte	8
 390 016a 54       		.byte	84
 391 016b 18       		.byte	24
 392 016c 56       		.byte	86
 393 016d 04       		.byte	4
 394 016e 58       		.byte	88
 395 016f 04       		.byte	4
 396 0170 59       		.byte	89
 397 0171 04       		.byte	4
 398 0172 5A       		.byte	90
 399 0173 04       		.byte	4
ARM GAS  C:\Users\lenovo\AppData\Local\Temp\ccGZALr8.s 			page 8


 400 0174 5B       		.byte	91
 401 0175 04       		.byte	4
 402 0176 5D       		.byte	93
 403 0177 20       		.byte	32
 404 0178 5F       		.byte	95
 405 0179 01       		.byte	1
 406 017a 60       		.byte	96
 407 017b 40       		.byte	64
 408 017c 61       		.byte	97
 409 017d A8       		.byte	-88
 410 017e 62       		.byte	98
 411 017f 40       		.byte	64
 412 0180 63       		.byte	99
 413 0181 20       		.byte	32
 414 0182 81       		.byte	-127
 415 0183 02       		.byte	2
 416 0184 83       		.byte	-125
 417 0185 01       		.byte	1
 418 0186 84       		.byte	-124
 419 0187 80       		.byte	-128
 420 0188 88       		.byte	-120
 421 0189 01       		.byte	1
 422 018a 8A       		.byte	-118
 423 018b 0E       		.byte	14
 424 018c 90       		.byte	-112
 425 018d 44       		.byte	68
 426 018e 92       		.byte	-110
 427 018f 31       		.byte	49
 428 0190 93       		.byte	-109
 429 0191 04       		.byte	4
 430 0192 95       		.byte	-107
 431 0193 03       		.byte	3
 432 0194 98       		.byte	-104
 433 0195 67       		.byte	103
 434 0196 9D       		.byte	-99
 435 0197 03       		.byte	3
 436 0198 A7       		.byte	-89
 437 0199 01       		.byte	1
 438 019a A8       		.byte	-88
 439 019b 67       		.byte	103
 440 019c AC       		.byte	-84
 441 019d 22       		.byte	34
 442 019e AE       		.byte	-82
 443 019f 51       		.byte	81
 444 01a0 AF       		.byte	-81
 445 01a1 01       		.byte	1
 446 01a2 B0       		.byte	-80
 447 01a3 60       		.byte	96
 448 01a4 B1       		.byte	-79
 449 01a5 01       		.byte	1
 450 01a6 B2       		.byte	-78
 451 01a7 18       		.byte	24
 452 01a8 B3       		.byte	-77
 453 01a9 04       		.byte	4
 454 01aa B4       		.byte	-76
 455 01ab 07       		.byte	7
 456 01ac B5       		.byte	-75
ARM GAS  C:\Users\lenovo\AppData\Local\Temp\ccGZALr8.s 			page 9


 457 01ad 02       		.byte	2
 458 01ae B6       		.byte	-74
 459 01af 80       		.byte	-128
 460 01b0 B9       		.byte	-71
 461 01b1 20       		.byte	32
 462 01b2 BE       		.byte	-66
 463 01b3 44       		.byte	68
 464 01b4 BF       		.byte	-65
 465 01b5 01       		.byte	1
 466 01b6 D8       		.byte	-40
 467 01b7 04       		.byte	4
 468 01b8 D9       		.byte	-39
 469 01b9 04       		.byte	4
 470 01ba DF       		.byte	-33
 471 01bb 01       		.byte	1
 472 01bc 00       		.byte	0
 473 01bd 08       		.byte	8
 474 01be 01       		.byte	1
 475 01bf 30       		.byte	48
 476 01c0 04       		.byte	4
 477 01c1 82       		.byte	-126
 478 01c2 05       		.byte	5
 479 01c3 02       		.byte	2
 480 01c4 06       		.byte	6
 481 01c5 14       		.byte	20
 482 01c6 0A       		.byte	10
 483 01c7 44       		.byte	68
 484 01c8 0E       		.byte	14
 485 01c9 21       		.byte	33
 486 01ca 0F       		.byte	15
 487 01cb 02       		.byte	2
 488 01cc 10       		.byte	16
 489 01cd 0B       		.byte	11
 490 01ce 15       		.byte	21
 491 01cf 02       		.byte	2
 492 01d0 17       		.byte	23
 493 01d1 09       		.byte	9
 494 01d2 19       		.byte	25
 495 01d3 30       		.byte	48
 496 01d4 1A       		.byte	26
 497 01d5 D2       		.byte	-46
 498 01d6 1D       		.byte	29
 499 01d7 20       		.byte	32
 500 01d8 1E       		.byte	30
 501 01d9 20       		.byte	32
 502 01da 1F       		.byte	31
 503 01db 09       		.byte	9
 504 01dc 20       		.byte	32
 505 01dd 08       		.byte	8
 506 01de 21       		.byte	33
 507 01df 04       		.byte	4
 508 01e0 23       		.byte	35
 509 01e1 80       		.byte	-128
 510 01e2 24       		.byte	36
 511 01e3 40       		.byte	64
 512 01e4 26       		.byte	38
 513 01e5 A0       		.byte	-96
ARM GAS  C:\Users\lenovo\AppData\Local\Temp\ccGZALr8.s 			page 10


 514 01e6 27       		.byte	39
 515 01e7 09       		.byte	9
 516 01e8 2A       		.byte	42
 517 01e9 04       		.byte	4
 518 01ea 2B       		.byte	43
 519 01eb 01       		.byte	1
 520 01ec 2F       		.byte	47
 521 01ed 0A       		.byte	10
 522 01ee 30       		.byte	48
 523 01ef 02       		.byte	2
 524 01f0 32       		.byte	50
 525 01f1 80       		.byte	-128
 526 01f2 33       		.byte	51
 527 01f3 08       		.byte	8
 528 01f4 35       		.byte	53
 529 01f5 02       		.byte	2
 530 01f6 36       		.byte	54
 531 01f7 A0       		.byte	-96
 532 01f8 38       		.byte	56
 533 01f9 02       		.byte	2
 534 01fa 3D       		.byte	61
 535 01fb 88       		.byte	-120
 536 01fc 3F       		.byte	63
 537 01fd 02       		.byte	2
 538 01fe 45       		.byte	69
 539 01ff 20       		.byte	32
 540 0200 55       		.byte	85
 541 0201 04       		.byte	4
 542 0202 57       		.byte	87
 543 0203 01       		.byte	1
 544 0204 5D       		.byte	93
 545 0205 01       		.byte	1
 546 0206 64       		.byte	100
 547 0207 88       		.byte	-120
 548 0208 67       		.byte	103
 549 0209 02       		.byte	2
 550 020a 80       		.byte	-128
 551 020b 80       		.byte	-128
 552 020c 8A       		.byte	-118
 553 020d 01       		.byte	1
 554 020e 8C       		.byte	-116
 555 020f 48       		.byte	72
 556 0210 90       		.byte	-112
 557 0211 80       		.byte	-128
 558 0212 91       		.byte	-111
 559 0213 01       		.byte	1
 560 0214 95       		.byte	-107
 561 0215 44       		.byte	68
 562 0216 9A       		.byte	-102
 563 0217 10       		.byte	16
 564 0218 9E       		.byte	-98
 565 0219 01       		.byte	1
 566 021a 9F       		.byte	-97
 567 021b 10       		.byte	16
 568 021c A0       		.byte	-96
 569 021d 02       		.byte	2
 570 021e A1       		.byte	-95
ARM GAS  C:\Users\lenovo\AppData\Local\Temp\ccGZALr8.s 			page 11


 571 021f 40       		.byte	64
 572 0220 A2       		.byte	-94
 573 0221 40       		.byte	64
 574 0222 A3       		.byte	-93
 575 0223 02       		.byte	2
 576 0224 A4       		.byte	-92
 577 0225 20       		.byte	32
 578 0226 A5       		.byte	-91
 579 0227 10       		.byte	16
 580 0228 AA       		.byte	-86
 581 0229 21       		.byte	33
 582 022a C0       		.byte	-64
 583 022b F6       		.byte	-10
 584 022c C2       		.byte	-62
 585 022d AA       		.byte	-86
 586 022e C4       		.byte	-60
 587 022f 33       		.byte	51
 588 0230 CA       		.byte	-54
 589 0231 3A       		.byte	58
 590 0232 CC       		.byte	-52
 591 0233 BB       		.byte	-69
 592 0234 CE       		.byte	-50
 593 0235 D1       		.byte	-47
 594 0236 D0       		.byte	-48
 595 0237 20       		.byte	32
 596 0238 D6       		.byte	-42
 597 0239 80       		.byte	-128
 598 023a D8       		.byte	-40
 599 023b B0       		.byte	-80
 600 023c E2       		.byte	-30
 601 023d 20       		.byte	32
 602 023e 9C       		.byte	-100
 603 023f 01       		.byte	1
 604 0240 B6       		.byte	-74
 605 0241 01       		.byte	1
 606 0242 BE       		.byte	-66
 607 0243 40       		.byte	64
 608 0244 D6       		.byte	-42
 609 0245 02       		.byte	2
 610 0246 D7       		.byte	-41
 611 0247 10       		.byte	16
 612 0248 D8       		.byte	-40
 613 0249 04       		.byte	4
 614 024a DB       		.byte	-37
 615 024b 04       		.byte	4
 616 024c DD       		.byte	-35
 617 024d 20       		.byte	32
 618 024e DF       		.byte	-33
 619 024f 01       		.byte	1
 620 0250 00       		.byte	0
 621 0251 64       		.byte	100
 622 0252 01       		.byte	1
 623 0253 80       		.byte	-128
 624 0254 08       		.byte	8
 625 0255 80       		.byte	-128
 626 0256 0A       		.byte	10
 627 0257 08       		.byte	8
ARM GAS  C:\Users\lenovo\AppData\Local\Temp\ccGZALr8.s 			page 12


 628 0258 0E       		.byte	14
 629 0259 02       		.byte	2
 630 025a 10       		.byte	16
 631 025b 40       		.byte	64
 632 025c 13       		.byte	19
 633 025d 15       		.byte	21
 634 025e 19       		.byte	25
 635 025f 01       		.byte	1
 636 0260 1A       		.byte	26
 637 0261 28       		.byte	40
 638 0262 1B       		.byte	27
 639 0263 20       		.byte	32
 640 0264 1F       		.byte	31
 641 0265 80       		.byte	-128
 642 0266 20       		.byte	32
 643 0267 20       		.byte	32
 644 0268 21       		.byte	33
 645 0269 20       		.byte	32
 646 026a 22       		.byte	34
 647 026b 09       		.byte	9
 648 026c 28       		.byte	40
 649 026d 49       		.byte	73
 650 026e 2A       		.byte	42
 651 026f 08       		.byte	8
 652 0270 31       		.byte	49
 653 0271 10       		.byte	16
 654 0272 32       		.byte	50
 655 0273 48       		.byte	72
 656 0274 33       		.byte	51
 657 0275 02       		.byte	2
 658 0276 38       		.byte	56
 659 0277 40       		.byte	64
 660 0278 39       		.byte	57
 661 0279 09       		.byte	9
 662 027a 3B       		.byte	59
 663 027b 10       		.byte	16
 664 027c 40       		.byte	64
 665 027d 8C       		.byte	-116
 666 027e 42       		.byte	66
 667 027f 10       		.byte	16
 668 0280 43       		.byte	67
 669 0281 02       		.byte	2
 670 0282 49       		.byte	73
 671 0283 A0       		.byte	-96
 672 0284 4B       		.byte	75
 673 0285 02       		.byte	2
 674 0286 52       		.byte	82
 675 0287 40       		.byte	64
 676 0288 59       		.byte	89
 677 0289 21       		.byte	33
 678 028a 5A       		.byte	90
 679 028b 20       		.byte	32
 680 028c 5E       		.byte	94
 681 028d 80       		.byte	-128
 682 028e 68       		.byte	104
 683 028f 08       		.byte	8
 684 0290 6A       		.byte	106
ARM GAS  C:\Users\lenovo\AppData\Local\Temp\ccGZALr8.s 			page 13


 685 0291 44       		.byte	68
 686 0292 6D       		.byte	109
 687 0293 64       		.byte	100
 688 0294 70       		.byte	112
 689 0295 04       		.byte	4
 690 0296 72       		.byte	114
 691 0297 08       		.byte	8
 692 0298 73       		.byte	115
 693 0299 15       		.byte	21
 694 029a 74       		.byte	116
 695 029b 20       		.byte	32
 696 029c 76       		.byte	118
 697 029d 01       		.byte	1
 698 029e 77       		.byte	119
 699 029f 10       		.byte	16
 700 02a0 7D       		.byte	125
 701 02a1 01       		.byte	1
 702 02a2 7E       		.byte	126
 703 02a3 80       		.byte	-128
 704 02a4 86       		.byte	-122
 705 02a5 84       		.byte	-124
 706 02a6 91       		.byte	-111
 707 02a7 1A       		.byte	26
 708 02a8 92       		.byte	-110
 709 02a9 91       		.byte	-111
 710 02aa 94       		.byte	-108
 711 02ab 02       		.byte	2
 712 02ac 95       		.byte	-107
 713 02ad 44       		.byte	68
 714 02ae 96       		.byte	-106
 715 02af 04       		.byte	4
 716 02b0 98       		.byte	-104
 717 02b1 01       		.byte	1
 718 02b2 99       		.byte	-103
 719 02b3 10       		.byte	16
 720 02b4 9B       		.byte	-101
 721 02b5 80       		.byte	-128
 722 02b6 9E       		.byte	-98
 723 02b7 05       		.byte	5
 724 02b8 9F       		.byte	-97
 725 02b9 10       		.byte	16
 726 02ba A1       		.byte	-95
 727 02bb 04       		.byte	4
 728 02bc A2       		.byte	-94
 729 02bd 60       		.byte	96
 730 02be A3       		.byte	-93
 731 02bf 08       		.byte	8
 732 02c0 A4       		.byte	-92
 733 02c1 28       		.byte	40
 734 02c2 A5       		.byte	-91
 735 02c3 10       		.byte	16
 736 02c4 B0       		.byte	-80
 737 02c5 04       		.byte	4
 738 02c6 C0       		.byte	-64
 739 02c7 07       		.byte	7
 740 02c8 C2       		.byte	-62
 741 02c9 83       		.byte	-125
ARM GAS  C:\Users\lenovo\AppData\Local\Temp\ccGZALr8.s 			page 14


 742 02ca C4       		.byte	-60
 743 02cb 0E       		.byte	14
 744 02cc CA       		.byte	-54
 745 02cd 0F       		.byte	15
 746 02ce CC       		.byte	-52
 747 02cf 0F       		.byte	15
 748 02d0 CE       		.byte	-50
 749 02d1 0F       		.byte	15
 750 02d2 D0       		.byte	-48
 751 02d3 07       		.byte	7
 752 02d4 D2       		.byte	-46
 753 02d5 0C       		.byte	12
 754 02d6 D6       		.byte	-42
 755 02d7 11       		.byte	17
 756 02d8 E6       		.byte	-26
 757 02d9 01       		.byte	1
 758 02da 04       		.byte	4
 759 02db 71       		.byte	113
 760 02dc 06       		.byte	6
 761 02dd 0E       		.byte	14
 762 02de 08       		.byte	8
 763 02df 2C       		.byte	44
 764 02e0 0A       		.byte	10
 765 02e1 43       		.byte	67
 766 02e2 16       		.byte	22
 767 02e3 0C       		.byte	12
 768 02e4 1C       		.byte	28
 769 02e5 80       		.byte	-128
 770 02e6 1E       		.byte	30
 771 02e7 13       		.byte	19
 772 02e8 20       		.byte	32
 773 02e9 71       		.byte	113
 774 02ea 22       		.byte	34
 775 02eb 06       		.byte	6
 776 02ec 2E       		.byte	46
 777 02ed 08       		.byte	8
 778 02ee 32       		.byte	50
 779 02ef C0       		.byte	-64
 780 02f0 34       		.byte	52
 781 02f1 0F       		.byte	15
 782 02f2 36       		.byte	54
 783 02f3 30       		.byte	48
 784 02f4 38       		.byte	56
 785 02f5 88       		.byte	-120
 786 02f6 3A       		.byte	58
 787 02f7 20       		.byte	32
 788 02f8 3E       		.byte	62
 789 02f9 40       		.byte	64
 790 02fa 40       		.byte	64
 791 02fb 01       		.byte	1
 792 02fc 47       		.byte	71
 793 02fd 40       		.byte	64
 794 02fe 49       		.byte	73
 795 02ff FF       		.byte	-1
 796 0300 4A       		.byte	74
 797 0301 07       		.byte	7
 798 0302 4B       		.byte	75
ARM GAS  C:\Users\lenovo\AppData\Local\Temp\ccGZALr8.s 			page 15


 799 0303 FF       		.byte	-1
 800 0304 4C       		.byte	76
 801 0305 40       		.byte	64
 802 0306 4D       		.byte	77
 803 0307 20       		.byte	32
 804 0308 4E       		.byte	78
 805 0309 F0       		.byte	-16
 806 030a 4F       		.byte	79
 807 030b 05       		.byte	5
 808 030c 50       		.byte	80
 809 030d 08       		.byte	8
 810 030e 58       		.byte	88
 811 030f 04       		.byte	4
 812 0310 5A       		.byte	90
 813 0311 04       		.byte	4
 814 0312 5C       		.byte	92
 815 0313 02       		.byte	2
 816 0314 5D       		.byte	93
 817 0315 02       		.byte	2
 818 0316 5F       		.byte	95
 819 0317 01       		.byte	1
 820 0318 60       		.byte	96
 821 0319 40       		.byte	64
 822 031a 61       		.byte	97
 823 031b A8       		.byte	-88
 824 031c 62       		.byte	98
 825 031d 40       		.byte	64
 826 031e 63       		.byte	99
 827 031f 20       		.byte	32
 828 0320 80       		.byte	-128
 829 0321 38       		.byte	56
 830 0322 81       		.byte	-127
 831 0323 10       		.byte	16
 832 0324 82       		.byte	-126
 833 0325 04       		.byte	4
 834 0326 84       		.byte	-124
 835 0327 12       		.byte	18
 836 0328 85       		.byte	-123
 837 0329 18       		.byte	24
 838 032a 86       		.byte	-122
 839 032b 20       		.byte	32
 840 032c 89       		.byte	-119
 841 032d 06       		.byte	6
 842 032e 8A       		.byte	-118
 843 032f 06       		.byte	6
 844 0330 8D       		.byte	-115
 845 0331 06       		.byte	6
 846 0332 8F       		.byte	-113
 847 0333 18       		.byte	24
 848 0334 90       		.byte	-112
 849 0335 01       		.byte	1
 850 0336 93       		.byte	-109
 851 0337 06       		.byte	6
 852 0338 94       		.byte	-108
 853 0339 20       		.byte	32
 854 033a 95       		.byte	-107
 855 033b 18       		.byte	24
ARM GAS  C:\Users\lenovo\AppData\Local\Temp\ccGZALr8.s 			page 16


 856 033c 96       		.byte	-106
 857 033d 18       		.byte	24
 858 033e 97       		.byte	-105
 859 033f 06       		.byte	6
 860 0340 98       		.byte	-104
 861 0341 01       		.byte	1
 862 0342 99       		.byte	-103
 863 0343 1E       		.byte	30
 864 0344 9C       		.byte	-100
 865 0345 18       		.byte	24
 866 0346 9D       		.byte	-99
 867 0347 04       		.byte	4
 868 0348 9E       		.byte	-98
 869 0349 22       		.byte	34
 870 034a A0       		.byte	-96
 871 034b 28       		.byte	40
 872 034c A1       		.byte	-95
 873 034d 01       		.byte	1
 874 034e A4       		.byte	-92
 875 034f 20       		.byte	32
 876 0350 A5       		.byte	-91
 877 0351 08       		.byte	8
 878 0352 A8       		.byte	-88
 879 0353 01       		.byte	1
 880 0354 A9       		.byte	-87
 881 0355 1E       		.byte	30
 882 0356 AD       		.byte	-83
 883 0357 02       		.byte	2
 884 0358 B0       		.byte	-80
 885 0359 01       		.byte	1
 886 035a B1       		.byte	-79
 887 035b 1E       		.byte	30
 888 035c B2       		.byte	-78
 889 035d 3E       		.byte	62
 890 035e B3       		.byte	-77
 891 035f 01       		.byte	1
 892 0360 BA       		.byte	-70
 893 0361 20       		.byte	32
 894 0362 BB       		.byte	-69
 895 0363 02       		.byte	2
 896 0364 BF       		.byte	-65
 897 0365 04       		.byte	4
 898 0366 C0       		.byte	-64
 899 0367 31       		.byte	49
 900 0368 C1       		.byte	-63
 901 0369 04       		.byte	4
 902 036a C5       		.byte	-59
 903 036b E0       		.byte	-32
 904 036c C6       		.byte	-58
 905 036d 0B       		.byte	11
 906 036e C7       		.byte	-57
 907 036f 0C       		.byte	12
 908 0370 C8       		.byte	-56
 909 0371 16       		.byte	22
 910 0372 C9       		.byte	-55
 911 0373 FF       		.byte	-1
 912 0374 CA       		.byte	-54
ARM GAS  C:\Users\lenovo\AppData\Local\Temp\ccGZALr8.s 			page 17


 913 0375 FF       		.byte	-1
 914 0376 CB       		.byte	-53
 915 0377 FF       		.byte	-1
 916 0378 CE       		.byte	-50
 917 0379 F0       		.byte	-16
 918 037a CF       		.byte	-49
 919 037b 44       		.byte	68
 920 037c D0       		.byte	-48
 921 037d 0C       		.byte	12
 922 037e D4       		.byte	-44
 923 037f 01       		.byte	1
 924 0380 D8       		.byte	-40
 925 0381 04       		.byte	4
 926 0382 D9       		.byte	-39
 927 0383 04       		.byte	4
 928 0384 DA       		.byte	-38
 929 0385 04       		.byte	4
 930 0386 DB       		.byte	-37
 931 0387 04       		.byte	4
 932 0388 DF       		.byte	-33
 933 0389 01       		.byte	1
 934 038a E6       		.byte	-26
 935 038b C0       		.byte	-64
 936 038c EA       		.byte	-22
 937 038d 40       		.byte	64
 938 038e EB       		.byte	-21
 939 038f 02       		.byte	2
 940 0390 00       		.byte	0
 941 0391 10       		.byte	16
 942 0392 02       		.byte	2
 943 0393 20       		.byte	32
 944 0394 03       		.byte	3
 945 0395 80       		.byte	-128
 946 0396 05       		.byte	5
 947 0397 14       		.byte	20
 948 0398 08       		.byte	8
 949 0399 84       		.byte	-124
 950 039a 0A       		.byte	10
 951 039b 54       		.byte	84
 952 039c 0E       		.byte	14
 953 039d 20       		.byte	32
 954 039e 0F       		.byte	15
 955 039f 02       		.byte	2
 956 03a0 10       		.byte	16
 957 03a1 08       		.byte	8
 958 03a2 11       		.byte	17
 959 03a3 08       		.byte	8
 960 03a4 12       		.byte	18
 961 03a5 80       		.byte	-128
 962 03a6 16       		.byte	22
 963 03a7 05       		.byte	5
 964 03a8 17       		.byte	23
 965 03a9 22       		.byte	34
 966 03aa 18       		.byte	24
 967 03ab 14       		.byte	20
 968 03ac 19       		.byte	25
 969 03ad 20       		.byte	32
ARM GAS  C:\Users\lenovo\AppData\Local\Temp\ccGZALr8.s 			page 18


 970 03ae 1B       		.byte	27
 971 03af 02       		.byte	2
 972 03b0 1C       		.byte	28
 973 03b1 20       		.byte	32
 974 03b2 1D       		.byte	29
 975 03b3 90       		.byte	-112
 976 03b4 1E       		.byte	30
 977 03b5 20       		.byte	32
 978 03b6 20       		.byte	32
 979 03b7 40       		.byte	64
 980 03b8 22       		.byte	34
 981 03b9 04       		.byte	4
 982 03ba 28       		.byte	40
 983 03bb 01       		.byte	1
 984 03bc 29       		.byte	41
 985 03bd 21       		.byte	33
 986 03be 2A       		.byte	42
 987 03bf 08       		.byte	8
 988 03c0 32       		.byte	50
 989 03c1 48       		.byte	72
 990 03c2 33       		.byte	51
 991 03c3 22       		.byte	34
 992 03c4 38       		.byte	56
 993 03c5 48       		.byte	72
 994 03c6 39       		.byte	57
 995 03c7 10       		.byte	16
 996 03c8 3B       		.byte	59
 997 03c9 01       		.byte	1
 998 03ca 40       		.byte	64
 999 03cb 82       		.byte	-126
 1000 03cc 41       		.byte	65
 1001 03cd 01       		.byte	1
 1002 03ce 42       		.byte	66
 1003 03cf 11       		.byte	17
 1004 03d0 43       		.byte	67
 1005 03d1 08       		.byte	8
 1006 03d2 45       		.byte	69
 1007 03d3 80       		.byte	-128
 1008 03d4 49       		.byte	73
 1009 03d5 01       		.byte	1
 1010 03d6 4F       		.byte	79
 1011 03d7 02       		.byte	2
 1012 03d8 52       		.byte	82
 1013 03d9 84       		.byte	-124
 1014 03da 56       		.byte	86
 1015 03db 01       		.byte	1
 1016 03dc 59       		.byte	89
 1017 03dd 01       		.byte	1
 1018 03de 5A       		.byte	90
 1019 03df 08       		.byte	8
 1020 03e0 5B       		.byte	91
 1021 03e1 A0       		.byte	-96
 1022 03e2 79       		.byte	121
 1023 03e3 40       		.byte	64
 1024 03e4 7B       		.byte	123
 1025 03e5 01       		.byte	1
 1026 03e6 90       		.byte	-112
ARM GAS  C:\Users\lenovo\AppData\Local\Temp\ccGZALr8.s 			page 19


 1027 03e7 08       		.byte	8
 1028 03e8 91       		.byte	-111
 1029 03e9 12       		.byte	18
 1030 03ea 92       		.byte	-110
 1031 03eb E7       		.byte	-25
 1032 03ec 93       		.byte	-109
 1033 03ed 03       		.byte	3
 1034 03ee 94       		.byte	-108
 1035 03ef 46       		.byte	70
 1036 03f0 98       		.byte	-104
 1037 03f1 01       		.byte	1
 1038 03f2 9A       		.byte	-102
 1039 03f3 48       		.byte	72
 1040 03f4 9B       		.byte	-101
 1041 03f5 80       		.byte	-128
 1042 03f6 9E       		.byte	-98
 1043 03f7 04       		.byte	4
 1044 03f8 A0       		.byte	-96
 1045 03f9 08       		.byte	8
 1046 03fa A1       		.byte	-95
 1047 03fb 24       		.byte	36
 1048 03fc A2       		.byte	-94
 1049 03fd 28       		.byte	40
 1050 03fe A3       		.byte	-93
 1051 03ff 28       		.byte	40
 1052 0400 A6       		.byte	-90
 1053 0401 01       		.byte	1
 1054 0402 A7       		.byte	-89
 1055 0403 02       		.byte	2
 1056 0404 AF       		.byte	-81
 1057 0405 80       		.byte	-128
 1058 0406 C0       		.byte	-64
 1059 0407 6E       		.byte	110
 1060 0408 C2       		.byte	-62
 1061 0409 AF       		.byte	-81
 1062 040a C4       		.byte	-60
 1063 040b 9E       		.byte	-98
 1064 040c CA       		.byte	-54
 1065 040d 0F       		.byte	15
 1066 040e CC       		.byte	-52
 1067 040f 0F       		.byte	15
 1068 0410 CE       		.byte	-50
 1069 0411 0F       		.byte	15
 1070 0412 D0       		.byte	-48
 1071 0413 1B       		.byte	27
 1072 0414 D6       		.byte	-42
 1073 0415 0F       		.byte	15
 1074 0416 E6       		.byte	-26
 1075 0417 01       		.byte	1
 1076 0418 E8       		.byte	-24
 1077 0419 20       		.byte	32
 1078 041a 02       		.byte	2
 1079 041b 20       		.byte	32
 1080 041c 04       		.byte	4
 1081 041d 0C       		.byte	12
 1082 041e 05       		.byte	5
 1083 041f 20       		.byte	32
ARM GAS  C:\Users\lenovo\AppData\Local\Temp\ccGZALr8.s 			page 20


 1084 0420 06       		.byte	6
 1085 0421 71       		.byte	113
 1086 0422 08       		.byte	8
 1087 0423 DC       		.byte	-36
 1088 0424 0A       		.byte	10
 1089 0425 22       		.byte	34
 1090 0426 0B       		.byte	11
 1091 0427 08       		.byte	8
 1092 0428 0C       		.byte	12
 1093 0429 10       		.byte	16
 1094 042a 0E       		.byte	14
 1095 042b AC       		.byte	-84
 1096 042c 11       		.byte	17
 1097 042d 13       		.byte	19
 1098 042e 13       		.byte	19
 1099 042f 0C       		.byte	12
 1100 0430 15       		.byte	21
 1101 0431 13       		.byte	19
 1102 0432 17       		.byte	23
 1103 0433 04       		.byte	4
 1104 0434 19       		.byte	25
 1105 0435 0A       		.byte	10
 1106 0436 1B       		.byte	27
 1107 0437 14       		.byte	20
 1108 0438 1E       		.byte	30
 1109 0439 03       		.byte	3
 1110 043a 24       		.byte	36
 1111 043b 14       		.byte	20
 1112 043c 25       		.byte	37
 1113 043d 03       		.byte	3
 1114 043e 27       		.byte	39
 1115 043f 14       		.byte	20
 1116 0440 28       		.byte	40
 1117 0441 09       		.byte	9
 1118 0442 2A       		.byte	42
 1119 0443 D0       		.byte	-48
 1120 0444 2C       		.byte	44
 1121 0445 10       		.byte	16
 1122 0446 2E       		.byte	46
 1123 0447 40       		.byte	64
 1124 0448 2F       		.byte	47
 1125 0449 15       		.byte	21
 1126 044a 31       		.byte	49
 1127 044b 10       		.byte	16
 1128 044c 32       		.byte	50
 1129 044d E0       		.byte	-32
 1130 044e 35       		.byte	53
 1131 044f 20       		.byte	32
 1132 0450 36       		.byte	54
 1133 0451 1F       		.byte	31
 1134 0452 37       		.byte	55
 1135 0453 0F       		.byte	15
 1136 0454 3A       		.byte	58
 1137 0455 08       		.byte	8
 1138 0456 3B       		.byte	59
 1139 0457 80       		.byte	-128
 1140 0458 3F       		.byte	63
ARM GAS  C:\Users\lenovo\AppData\Local\Temp\ccGZALr8.s 			page 21


 1141 0459 11       		.byte	17
 1142 045a 40       		.byte	64
 1143 045b 45       		.byte	69
 1144 045c 41       		.byte	65
 1145 045d 03       		.byte	3
 1146 045e 45       		.byte	69
 1147 045f EE       		.byte	-18
 1148 0460 46       		.byte	70
 1149 0461 B0       		.byte	-80
 1150 0462 47       		.byte	71
 1151 0463 0C       		.byte	12
 1152 0464 48       		.byte	72
 1153 0465 1B       		.byte	27
 1154 0466 49       		.byte	73
 1155 0467 FF       		.byte	-1
 1156 0468 4A       		.byte	74
 1157 0469 FF       		.byte	-1
 1158 046a 4B       		.byte	75
 1159 046b FF       		.byte	-1
 1160 046c 4E       		.byte	78
 1161 046d F0       		.byte	-16
 1162 046e 4F       		.byte	79
 1163 046f 44       		.byte	68
 1164 0470 50       		.byte	80
 1165 0471 0C       		.byte	12
 1166 0472 54       		.byte	84
 1167 0473 01       		.byte	1
 1168 0474 56       		.byte	86
 1169 0475 04       		.byte	4
 1170 0476 58       		.byte	88
 1171 0477 04       		.byte	4
 1172 0478 59       		.byte	89
 1173 0479 04       		.byte	4
 1174 047a 5A       		.byte	90
 1175 047b 04       		.byte	4
 1176 047c 5B       		.byte	91
 1177 047d 04       		.byte	4
 1178 047e 5C       		.byte	92
 1179 047f 22       		.byte	34
 1180 0480 5D       		.byte	93
 1181 0481 22       		.byte	34
 1182 0482 5F       		.byte	95
 1183 0483 01       		.byte	1
 1184 0484 66       		.byte	102
 1185 0485 C0       		.byte	-64
 1186 0486 6A       		.byte	106
 1187 0487 40       		.byte	64
 1188 0488 6B       		.byte	107
 1189 0489 02       		.byte	2
 1190 048a 80       		.byte	-128
 1191 048b 0C       		.byte	12
 1192 048c 82       		.byte	-126
 1193 048d 03       		.byte	3
 1194 048e 86       		.byte	-122
 1195 048f 0C       		.byte	12
 1196 0490 89       		.byte	-119
 1197 0491 01       		.byte	1
ARM GAS  C:\Users\lenovo\AppData\Local\Temp\ccGZALr8.s 			page 22


 1198 0492 8C       		.byte	-116
 1199 0493 01       		.byte	1
 1200 0494 8E       		.byte	-114
 1201 0495 0E       		.byte	14
 1202 0496 92       		.byte	-110
 1203 0497 03       		.byte	3
 1204 0498 96       		.byte	-106
 1205 0499 20       		.byte	32
 1206 049a 9A       		.byte	-102
 1207 049b 10       		.byte	16
 1208 049c 9E       		.byte	-98
 1209 049d 10       		.byte	16
 1210 049e A2       		.byte	-94
 1211 049f 20       		.byte	32
 1212 04a0 A6       		.byte	-90
 1213 04a1 08       		.byte	8
 1214 04a2 A8       		.byte	-88
 1215 04a3 01       		.byte	1
 1216 04a4 AA       		.byte	-86
 1217 04a5 06       		.byte	6
 1218 04a6 B0       		.byte	-80
 1219 04a7 20       		.byte	32
 1220 04a8 B2       		.byte	-78
 1221 04a9 10       		.byte	16
 1222 04aa B6       		.byte	-74
 1223 04ab 0F       		.byte	15
 1224 04ac B7       		.byte	-73
 1225 04ad 01       		.byte	1
 1226 04ae BA       		.byte	-70
 1227 04af 80       		.byte	-128
 1228 04b0 BE       		.byte	-66
 1229 04b1 05       		.byte	5
 1230 04b2 BF       		.byte	-65
 1231 04b3 40       		.byte	64
 1232 04b4 D4       		.byte	-44
 1233 04b5 18       		.byte	24
 1234 04b6 D6       		.byte	-42
 1235 04b7 04       		.byte	4
 1236 04b8 D8       		.byte	-40
 1237 04b9 04       		.byte	4
 1238 04ba D9       		.byte	-39
 1239 04bb 04       		.byte	4
 1240 04bc DB       		.byte	-37
 1241 04bd 04       		.byte	4
 1242 04be DF       		.byte	-33
 1243 04bf 01       		.byte	1
 1244 04c0 02       		.byte	2
 1245 04c1 20       		.byte	32
 1246 04c2 03       		.byte	3
 1247 04c3 82       		.byte	-126
 1248 04c4 05       		.byte	5
 1249 04c5 14       		.byte	20
 1250 04c6 06       		.byte	6
 1251 04c7 80       		.byte	-128
 1252 04c8 07       		.byte	7
 1253 04c9 02       		.byte	2
 1254 04ca 08       		.byte	8
ARM GAS  C:\Users\lenovo\AppData\Local\Temp\ccGZALr8.s 			page 23


 1255 04cb 02       		.byte	2
 1256 04cc 09       		.byte	9
 1257 04cd 20       		.byte	32
 1258 04ce 0A       		.byte	10
 1259 04cf 20       		.byte	32
 1260 04d0 0B       		.byte	11
 1261 04d1 02       		.byte	2
 1262 04d2 0E       		.byte	14
 1263 04d3 01       		.byte	1
 1264 04d4 10       		.byte	16
 1265 04d5 04       		.byte	4
 1266 04d6 11       		.byte	17
 1267 04d7 08       		.byte	8
 1268 04d8 12       		.byte	18
 1269 04d9 40       		.byte	64
 1270 04da 15       		.byte	21
 1271 04db 10       		.byte	16
 1272 04dc 16       		.byte	22
 1273 04dd 11       		.byte	17
 1274 04de 18       		.byte	24
 1275 04df 02       		.byte	2
 1276 04e0 1B       		.byte	27
 1277 04e1 85       		.byte	-123
 1278 04e2 1D       		.byte	29
 1279 04e3 04       		.byte	4
 1280 04e4 1E       		.byte	30
 1281 04e5 03       		.byte	3
 1282 04e6 20       		.byte	32
 1283 04e7 02       		.byte	2
 1284 04e8 24       		.byte	36
 1285 04e9 40       		.byte	64
 1286 04ea 27       		.byte	39
 1287 04eb 0A       		.byte	10
 1288 04ec 2D       		.byte	45
 1289 04ed 40       		.byte	64
 1290 04ee 2E       		.byte	46
 1291 04ef 88       		.byte	-120
 1292 04f0 35       		.byte	53
 1293 04f1 14       		.byte	20
 1294 04f2 37       		.byte	55
 1295 04f3 06       		.byte	6
 1296 04f4 38       		.byte	56
 1297 04f5 10       		.byte	16
 1298 04f6 3C       		.byte	60
 1299 04f7 20       		.byte	32
 1300 04f8 3D       		.byte	61
 1301 04f9 10       		.byte	16
 1302 04fa 3F       		.byte	63
 1303 04fb 04       		.byte	4
 1304 04fc 41       		.byte	65
 1305 04fd 01       		.byte	1
 1306 04fe 43       		.byte	67
 1307 04ff 02       		.byte	2
 1308 0500 46       		.byte	70
 1309 0501 08       		.byte	8
 1310 0502 47       		.byte	71
 1311 0503 26       		.byte	38
ARM GAS  C:\Users\lenovo\AppData\Local\Temp\ccGZALr8.s 			page 24


 1312 0504 4D       		.byte	77
 1313 0505 41       		.byte	65
 1314 0506 4F       		.byte	79
 1315 0507 04       		.byte	4
 1316 0508 56       		.byte	86
 1317 0509 18       		.byte	24
 1318 050a 5A       		.byte	90
 1319 050b 02       		.byte	2
 1320 050c 5C       		.byte	92
 1321 050d 40       		.byte	64
 1322 050e 5D       		.byte	93
 1323 050f 01       		.byte	1
 1324 0510 5F       		.byte	95
 1325 0511 28       		.byte	40
 1326 0512 63       		.byte	99
 1327 0513 4A       		.byte	74
 1328 0514 65       		.byte	101
 1329 0515 01       		.byte	1
 1330 0516 81       		.byte	-127
 1331 0517 01       		.byte	1
 1332 0518 87       		.byte	-121
 1333 0519 40       		.byte	64
 1334 051a 88       		.byte	-120
 1335 051b 01       		.byte	1
 1336 051c 90       		.byte	-112
 1337 051d 10       		.byte	16
 1338 051e 91       		.byte	-111
 1339 051f 42       		.byte	66
 1340 0520 92       		.byte	-110
 1341 0521 22       		.byte	34
 1342 0522 93       		.byte	-109
 1343 0523 02       		.byte	2
 1344 0524 94       		.byte	-108
 1345 0525 02       		.byte	2
 1346 0526 98       		.byte	-104
 1347 0527 06       		.byte	6
 1348 0528 99       		.byte	-103
 1349 0529 10       		.byte	16
 1350 052a 9A       		.byte	-102
 1351 052b 41       		.byte	65
 1352 052c 9D       		.byte	-99
 1353 052d 04       		.byte	4
 1354 052e 9F       		.byte	-97
 1355 052f 02       		.byte	2
 1356 0530 A0       		.byte	-96
 1357 0531 10       		.byte	16
 1358 0532 A1       		.byte	-95
 1359 0533 24       		.byte	36
 1360 0534 A2       		.byte	-94
 1361 0535 20       		.byte	32
 1362 0536 A6       		.byte	-90
 1363 0537 01       		.byte	1
 1364 0538 A7       		.byte	-89
 1365 0539 80       		.byte	-128
 1366 053a C0       		.byte	-64
 1367 053b FD       		.byte	-3
 1368 053c C2       		.byte	-62
ARM GAS  C:\Users\lenovo\AppData\Local\Temp\ccGZALr8.s 			page 25


 1369 053d 8F       		.byte	-113
 1370 053e C4       		.byte	-60
 1371 053f EE       		.byte	-18
 1372 0540 CA       		.byte	-54
 1373 0541 50       		.byte	80
 1374 0542 CC       		.byte	-52
 1375 0543 E0       		.byte	-32
 1376 0544 CE       		.byte	-50
 1377 0545 64       		.byte	100
 1378 0546 D0       		.byte	-48
 1379 0547 C0       		.byte	-64
 1380 0548 D2       		.byte	-46
 1381 0549 10       		.byte	16
 1382 054a D6       		.byte	-42
 1383 054b F1       		.byte	-15
 1384 054c D8       		.byte	-40
 1385 054d 8D       		.byte	-115
 1386 054e E0       		.byte	-32
 1387 054f 80       		.byte	-128
 1388 0550 03       		.byte	3
 1389 0551 10       		.byte	16
 1390 0552 0F       		.byte	15
 1391 0553 40       		.byte	64
 1392 0554 30       		.byte	48
 1393 0555 02       		.byte	2
 1394 0556 33       		.byte	51
 1395 0557 40       		.byte	64
 1396 0558 36       		.byte	54
 1397 0559 40       		.byte	64
 1398 055a 5A       		.byte	90
 1399 055b 80       		.byte	-128
 1400 055c 63       		.byte	99
 1401 055d 02       		.byte	2
 1402 055e 68       		.byte	104
 1403 055f 04       		.byte	4
 1404 0560 8B       		.byte	-117
 1405 0561 40       		.byte	64
 1406 0562 8F       		.byte	-113
 1407 0563 10       		.byte	16
 1408 0564 C0       		.byte	-64
 1409 0565 10       		.byte	16
 1410 0566 C2       		.byte	-62
 1411 0567 20       		.byte	32
 1412 0568 CC       		.byte	-52
 1413 0569 70       		.byte	112
 1414 056a D4       		.byte	-44
 1415 056b 80       		.byte	-128
 1416 056c D6       		.byte	-42
 1417 056d 40       		.byte	64
 1418 056e DA       		.byte	-38
 1419 056f 40       		.byte	64
 1420 0570 83       		.byte	-125
 1421 0571 40       		.byte	64
 1422 0572 88       		.byte	-120
 1423 0573 04       		.byte	4
 1424 0574 96       		.byte	-106
 1425 0575 80       		.byte	-128
ARM GAS  C:\Users\lenovo\AppData\Local\Temp\ccGZALr8.s 			page 26


 1426 0576 9F       		.byte	-97
 1427 0577 40       		.byte	64
 1428 0578 A4       		.byte	-92
 1429 0579 06       		.byte	6
 1430 057a A6       		.byte	-90
 1431 057b 40       		.byte	64
 1432 057c A7       		.byte	-89
 1433 057d 01       		.byte	1
 1434 057e E6       		.byte	-26
 1435 057f 80       		.byte	-128
 1436 0580 82       		.byte	-126
 1437 0581 40       		.byte	64
 1438 0582 96       		.byte	-106
 1439 0583 80       		.byte	-128
 1440 0584 A4       		.byte	-92
 1441 0585 02       		.byte	2
 1442 0586 A6       		.byte	-90
 1443 0587 40       		.byte	64
 1444 0588 A7       		.byte	-89
 1445 0589 01       		.byte	1
 1446 058a E6       		.byte	-26
 1447 058b 80       		.byte	-128
 1448 058c A4       		.byte	-92
 1449 058d 02       		.byte	2
 1450 058e A6       		.byte	-90
 1451 058f 40       		.byte	64
 1452 0590 AF       		.byte	-81
 1453 0591 01       		.byte	1
 1454 0592 EE       		.byte	-18
 1455 0593 10       		.byte	16
 1456 0594 81       		.byte	-127
 1457 0595 80       		.byte	-128
 1458 0596 9A       		.byte	-102
 1459 0597 08       		.byte	8
 1460 0598 B2       		.byte	-78
 1461 0599 08       		.byte	8
 1462 059a E8       		.byte	-24
 1463 059b 04       		.byte	4
 1464 059c 9A       		.byte	-102
 1465 059d 08       		.byte	8
 1466 059e A5       		.byte	-91
 1467 059f 80       		.byte	-128
 1468 05a0 80       		.byte	-128
 1469 05a1 02       		.byte	2
 1470 05a2 86       		.byte	-122
 1471 05a3 40       		.byte	64
 1472 05a4 A4       		.byte	-92
 1473 05a5 02       		.byte	2
 1474 05a6 A6       		.byte	-90
 1475 05a7 40       		.byte	64
 1476 05a8 E2       		.byte	-30
 1477 05a9 20       		.byte	32
 1478 05aa E6       		.byte	-26
 1479 05ab 40       		.byte	64
 1480 05ac 09       		.byte	9
 1481 05ad 80       		.byte	-128
 1482 05ae 66       		.byte	102
ARM GAS  C:\Users\lenovo\AppData\Local\Temp\ccGZALr8.s 			page 27


 1483 05af 02       		.byte	2
 1484 05b0 72       		.byte	114
 1485 05b1 08       		.byte	8
 1486 05b2 8A       		.byte	-118
 1487 05b3 02       		.byte	2
 1488 05b4 9A       		.byte	-102
 1489 05b5 08       		.byte	8
 1490 05b6 A5       		.byte	-91
 1491 05b7 80       		.byte	-128
 1492 05b8 C2       		.byte	-62
 1493 05b9 02       		.byte	2
 1494 05ba D8       		.byte	-40
 1495 05bb 01       		.byte	1
 1496 05bc DC       		.byte	-36
 1497 05bd 04       		.byte	4
 1498 05be E0       		.byte	-32
 1499 05bf 01       		.byte	1
 1500 05c0 00       		.byte	0
 1501 05c1 05       		.byte	5
 1502 05c2 01       		.byte	1
 1503 05c3 01       		.byte	1
 1504 05c4 08       		.byte	8
 1505 05c5 05       		.byte	5
 1506 05c6 09       		.byte	9
 1507 05c7 01       		.byte	1
 1508 05c8 0A       		.byte	10
 1509 05c9 05       		.byte	5
 1510 05ca 10       		.byte	16
 1511 05cb 05       		.byte	5
 1512 05cc 1A       		.byte	26
 1513 05cd 05       		.byte	5
 1514 05ce 00       		.byte	0
 1515 05cf 3F       		.byte	63
 1516 05d0 7F       		.byte	127
 1517 05d1 82       		.byte	-126
 1518 05d2 00       		.byte	0
 1519 05d3 00       		.byte	0
 1520 05d4 30       		.byte	48
 1521 05d5 38       		.byte	56
 1522 05d6 00       		.byte	0
 1523 05d7 C7       		.byte	-57
 1524 05d8 00       		.byte	0
 1525 05d9 C3       		.byte	-61
 1526 05da 00       		.byte	0
 1527 05db 00       		.byte	0
 1528 05dc 39       		.byte	57
 1529 05dd 00       		.byte	0
 1530 05de 42       		.byte	66
 1531 05df CB       		.byte	-53
 1532 05e0 00       		.byte	0
 1533 05e1 FF       		.byte	-1
 1534 05e2 46       		.byte	70
 1535 05e3 00       		.byte	0
 1536 05e4 00       		.byte	0
 1537 05e5 CF       		.byte	-49
 1538 05e6 08       		.byte	8
 1539 05e7 30       		.byte	48
ARM GAS  C:\Users\lenovo\AppData\Local\Temp\ccGZALr8.s 			page 28


 1540 05e8 39       		.byte	57
 1541 05e9 30       		.byte	48
 1542 05ea 44       		.byte	68
 1543 05eb 00       		.byte	0
 1544 05ec 00       		.byte	0
 1545 05ed F0       		.byte	-16
 1546 05ee 00       		.byte	0
 1547 05ef 0F       		.byte	15
 1548 05f0 08       		.byte	8
 1549 05f1 41       		.byte	65
 1550 05f2 80       		.byte	-128
 1551 05f3 00       		.byte	0
 1552 05f4 4F       		.byte	79
 1553 05f5 10       		.byte	16
 1554 05f6 30       		.byte	48
 1555 05f7 00       		.byte	0
 1556 05f8 10       		.byte	16
 1557 05f9 20       		.byte	32
 1558 05fa 00       		.byte	0
 1559 05fb 00       		.byte	0
 1560 05fc 20       		.byte	32
 1561 05fd 00       		.byte	0
 1562 05fe 00       		.byte	0
 1563 05ff 00       		.byte	0
 1564 0600 01       		.byte	1
 1565 0601 38       		.byte	56
 1566 0602 80       		.byte	-128
 1567 0603 03       		.byte	3
 1568 0604 3E       		.byte	62
 1569 0605 F0       		.byte	-16
 1570 0606 70       		.byte	112
 1571 0607 04       		.byte	4
 1572 0608 00       		.byte	0
 1573 0609 80       		.byte	-128
 1574 060a A0       		.byte	-96
 1575 060b 20       		.byte	32
 1576 060c 00       		.byte	0
 1577 060d 00       		.byte	0
 1578 060e 01       		.byte	1
 1579 060f 00       		.byte	0
 1580 0610 35       		.byte	53
 1581 0611 04       		.byte	4
 1582 0612 01       		.byte	1
 1583 0613 00       		.byte	0
 1584 0614 06       		.byte	6
 1585 0615 00       		.byte	0
 1586 0616 C0       		.byte	-64
 1587 0617 E0       		.byte	-32
 1588 0618 28       		.byte	40
 1589 0619 FF       		.byte	-1
 1590 061a FF       		.byte	-1
 1591 061b FF       		.byte	-1
 1592 061c 62       		.byte	98
 1593 061d A0       		.byte	-96
 1594 061e F0       		.byte	-16
 1595 061f 41       		.byte	65
 1596 0620 0C       		.byte	12
ARM GAS  C:\Users\lenovo\AppData\Local\Temp\ccGZALr8.s 			page 29


 1597 0621 00       		.byte	0
 1598 0622 00       		.byte	0
 1599 0623 00       		.byte	0
 1600 0624 00       		.byte	0
 1601 0625 00       		.byte	0
 1602 0626 08       		.byte	8
 1603 0627 00       		.byte	0
 1604 0628 04       		.byte	4
 1605 0629 04       		.byte	4
 1606 062a 04       		.byte	4
 1607 062b 04       		.byte	4
 1608 062c 22       		.byte	34
 1609 062d 92       		.byte	-110
 1610 062e 00       		.byte	0
 1611 062f 01       		.byte	1
 1612 0630 00       		.byte	0
 1613 0631 00       		.byte	0
 1614 0632 00       		.byte	0
 1615 0633 00       		.byte	0
 1616 0634 00       		.byte	0
 1617 0635 00       		.byte	0
 1618 0636 40       		.byte	64
 1619 0637 02       		.byte	2
 1620 0638 00       		.byte	0
 1621 0639 10       		.byte	16
 1622 063a 30       		.byte	48
 1623 063b 10       		.byte	16
 1624 063c 00       		.byte	0
 1625 063d 10       		.byte	16
 1626 063e 10       		.byte	16
 1627 063f 12       		.byte	18
 1628 0640 00       		.byte	0
 1629 0641 00       		.byte	0
 1630 0642 00       		.byte	0
 1631 0643 00       		.byte	0
 1632 0644 00       		.byte	0
 1633 0645 00       		.byte	0
 1634 0646 00       		.byte	0
 1635 0647 00       		.byte	0
 1636 0648 00       		.byte	0
 1637 0649 00       		.byte	0
 1638 064a 00       		.byte	0
 1639 064b 00       		.byte	0
 1640 064c 00       		.byte	0
 1641 064d 00       		.byte	0
 1642 064e 00       		.byte	0
 1643 064f 00       		.byte	0
 1644 0650 00       		.byte	0
 1645 0651 1C       		.byte	28
 1646 0652 00       		.byte	0
 1647 0653 E1       		.byte	-31
 1648 0654 1F       		.byte	31
 1649 0655 00       		.byte	0
 1650 0656 00       		.byte	0
 1651 0657 04       		.byte	4
 1652 0658 1D       		.byte	29
 1653 0659 18       		.byte	24
ARM GAS  C:\Users\lenovo\AppData\Local\Temp\ccGZALr8.s 			page 30


 1654 065a 02       		.byte	2
 1655 065b 00       		.byte	0
 1656 065c 13       		.byte	19
 1657 065d E7       		.byte	-25
 1658 065e 0C       		.byte	12
 1659 065f 18       		.byte	24
 1660 0660 00       		.byte	0
 1661 0661 00       		.byte	0
 1662 0662 00       		.byte	0
 1663 0663 63       		.byte	99
 1664 0664 00       		.byte	0
 1665 0665 1C       		.byte	28
 1666 0666 00       		.byte	0
 1667 0667 E2       		.byte	-30
 1668 0668 0D       		.byte	13
 1669 0669 60       		.byte	96
 1670 066a 12       		.byte	18
 1671 066b 00       		.byte	0
 1672 066c 00       		.byte	0
 1673 066d 40       		.byte	64
 1674 066e 12       		.byte	18
 1675 066f 00       		.byte	0
 1676 0670 08       		.byte	8
 1677 0671 10       		.byte	16
 1678 0672 00       		.byte	0
 1679 0673 00       		.byte	0
 1680 0674 04       		.byte	4
 1681 0675 08       		.byte	8
 1682 0676 00       		.byte	0
 1683 0677 00       		.byte	0
 1684 0678 0C       		.byte	12
 1685 0679 FF       		.byte	-1
 1686 067a 00       		.byte	0
 1687 067b 00       		.byte	0
 1688 067c 00       		.byte	0
 1689 067d 24       		.byte	36
 1690 067e 00       		.byte	0
 1691 067f 00       		.byte	0
 1692 0680 01       		.byte	1
 1693 0681 60       		.byte	96
 1694 0682 1C       		.byte	28
 1695 0683 1F       		.byte	31
 1696 0684 0E       		.byte	14
 1697 0685 80       		.byte	-128
 1698 0686 00       		.byte	0
 1699 0687 00       		.byte	0
 1700 0688 00       		.byte	0
 1701 0689 20       		.byte	32
 1702 068a 20       		.byte	32
 1703 068b 08       		.byte	8
 1704 068c 00       		.byte	0
 1705 068d 00       		.byte	0
 1706 068e 01       		.byte	1
 1707 068f 00       		.byte	0
 1708 0690 54       		.byte	84
 1709 0691 02       		.byte	2
 1710 0692 06       		.byte	6
ARM GAS  C:\Users\lenovo\AppData\Local\Temp\ccGZALr8.s 			page 31


 1711 0693 00       		.byte	0
 1712 0694 03       		.byte	3
 1713 0695 E0       		.byte	-32
 1714 0696 0C       		.byte	12
 1715 0697 00       		.byte	0
 1716 0698 06       		.byte	6
 1717 0699 FF       		.byte	-1
 1718 069a FF       		.byte	-1
 1719 069b FF       		.byte	-1
 1720 069c 62       		.byte	98
 1721 069d A0       		.byte	-96
 1722 069e F0       		.byte	-16
 1723 069f 41       		.byte	65
 1724 06a0 0C       		.byte	12
 1725 06a1 00       		.byte	0
 1726 06a2 00       		.byte	0
 1727 06a3 00       		.byte	0
 1728 06a4 00       		.byte	0
 1729 06a5 00       		.byte	0
 1730 06a6 02       		.byte	2
 1731 06a7 13       		.byte	19
 1732 06a8 04       		.byte	4
 1733 06a9 04       		.byte	4
 1734 06aa 04       		.byte	4
 1735 06ab 04       		.byte	4
 1736 06ac 00       		.byte	0
 1737 06ad 00       		.byte	0
 1738 06ae 00       		.byte	0
 1739 06af 01       		.byte	1
 1740 06b0 00       		.byte	0
 1741 06b1 00       		.byte	0
 1742 06b2 00       		.byte	0
 1743 06b3 00       		.byte	0
 1744 06b4 00       		.byte	0
 1745 06b5 00       		.byte	0
 1746 06b6 40       		.byte	64
 1747 06b7 02       		.byte	2
 1748 06b8 00       		.byte	0
 1749 06b9 10       		.byte	16
 1750 06ba 30       		.byte	48
 1751 06bb 10       		.byte	16
 1752 06bc 00       		.byte	0
 1753 06bd 10       		.byte	16
 1754 06be 10       		.byte	16
 1755 06bf 12       		.byte	18
 1756 06c0 00       		.byte	0
 1757 06c1 00       		.byte	0
 1758 06c2 00       		.byte	0
 1759 06c3 00       		.byte	0
 1760 06c4 00       		.byte	0
 1761 06c5 00       		.byte	0
 1762 06c6 00       		.byte	0
 1763 06c7 00       		.byte	0
 1764 06c8 00       		.byte	0
 1765 06c9 00       		.byte	0
 1766 06ca 00       		.byte	0
 1767 06cb 00       		.byte	0
ARM GAS  C:\Users\lenovo\AppData\Local\Temp\ccGZALr8.s 			page 32


 1768 06cc 00       		.byte	0
 1769 06cd 00       		.byte	0
 1770 06ce 00       		.byte	0
 1771 06cf 00       		.byte	0
 1772 06d0 00       		.byte	0
 1773 06d1 00       		.byte	0
 1774 06d2 40       		.byte	64
 1775 06d3 00       		.byte	0
 1776 06d4 40       		.byte	64
 1777 06d5 40       		.byte	64
 1778 06d6 00       		.byte	0
 1779 06d7 00       		.byte	0
 1780 06d8 10       		.byte	16
 1781 06d9 00       		.byte	0
 1782 06da 21       		.byte	33
 1783 06db 10       		.byte	16
 1784 06dc 12       		.byte	18
 1785 06dd 00       		.byte	0
 1786 06de 12       		.byte	18
 1787 06df 02       		.byte	2
 1788 06e0 00       		.byte	0
 1789 06e1 00       		.byte	0
 1790 06e2 00       		.byte	0
 1791 06e3 00       		.byte	0
 1792              		.section	.cywolatch,"a",%progbits
 1793              		.align	2
 1794              		.type	cy_meta_wonvl, %object
 1795              		.size	cy_meta_wonvl, 4
 1796              	cy_meta_wonvl:
 1797 0000 BC       		.byte	-68
 1798 0001 90       		.byte	-112
 1799 0002 AC       		.byte	-84
 1800 0003 AF       		.byte	-81
 1801              		.section	.cycustnvl,"a",%progbits
 1802              		.align	2
 1803              		.type	cy_meta_custnvl, %object
 1804              		.size	cy_meta_custnvl, 4
 1805              	cy_meta_custnvl:
 1806 0000 00       		.byte	0
 1807 0001 00       		.byte	0
 1808 0002 40       		.byte	64
 1809 0003 05       		.byte	5
 1810              		.section	.cymeta,"a",%progbits
 1811              		.align	2
 1812              		.type	cy_metadata, %object
 1813              		.size	cy_metadata, 12
 1814              	cy_metadata:
 1815 0000 00       		.byte	0
 1816 0001 01       		.byte	1
 1817 0002 2E       		.byte	46
 1818 0003 12       		.byte	18
 1819 0004 30       		.byte	48
 1820 0005 69       		.byte	105
 1821 0006 00       		.byte	0
 1822 0007 01       		.byte	1
 1823 0008 00       		.byte	0
 1824 0009 00       		.byte	0
ARM GAS  C:\Users\lenovo\AppData\Local\Temp\ccGZALr8.s 			page 33


 1825 000a 00       		.byte	0
 1826 000b 00       		.byte	0
 1827              		.section	.cyflashprotect,"a",%progbits
 1828              		.align	2
 1829              		.type	cy_meta_flashprotect, %object
 1830              		.size	cy_meta_flashprotect, 256
 1831              	cy_meta_flashprotect:
 1832 0000 00000000 		.space	256
 1832      00000000 
 1832      00000000 
 1832      00000000 
 1832      00000000 
 1833              		.text
 1834              	.Letext0:
 1835              		.file 1 ".\\Generated_Source\\PSoC5\\cymetadata.c"
 1836              		.file 2 ".\\Generated_Source\\PSoC5\\cytypes.h"
 1837              		.section	.debug_info,"",%progbits
 1838              	.Ldebug_info0:
 1839 0000 3B010000 		.4byte	0x13b
 1840 0004 0400     		.2byte	0x4
 1841 0006 00000000 		.4byte	.Ldebug_abbrev0
 1842 000a 04       		.byte	0x4
 1843 000b 01       		.uleb128 0x1
 1844 000c 94000000 		.4byte	.LASF18
 1845 0010 01       		.byte	0x1
 1846 0011 00000000 		.4byte	.LASF19
 1847 0015 69010000 		.4byte	.LASF20
 1848 0019 00000000 		.4byte	.Ldebug_line0
 1849 001d 02       		.uleb128 0x2
 1850 001e 01       		.byte	0x1
 1851 001f 06       		.byte	0x6
 1852 0020 C5010000 		.4byte	.LASF0
 1853 0024 02       		.uleb128 0x2
 1854 0025 01       		.byte	0x1
 1855 0026 08       		.byte	0x8
 1856 0027 38000000 		.4byte	.LASF1
 1857 002b 02       		.uleb128 0x2
 1858 002c 02       		.byte	0x2
 1859 002d 05       		.byte	0x5
 1860 002e AC010000 		.4byte	.LASF2
 1861 0032 02       		.uleb128 0x2
 1862 0033 02       		.byte	0x2
 1863 0034 07       		.byte	0x7
 1864 0035 58000000 		.4byte	.LASF3
 1865 0039 02       		.uleb128 0x2
 1866 003a 04       		.byte	0x4
 1867 003b 05       		.byte	0x5
 1868 003c BC010000 		.4byte	.LASF4
 1869 0040 02       		.uleb128 0x2
 1870 0041 04       		.byte	0x4
 1871 0042 07       		.byte	0x7
 1872 0043 46000000 		.4byte	.LASF5
 1873 0047 02       		.uleb128 0x2
 1874 0048 08       		.byte	0x8
 1875 0049 05       		.byte	0x5
 1876 004a 99010000 		.4byte	.LASF6
 1877 004e 02       		.uleb128 0x2
ARM GAS  C:\Users\lenovo\AppData\Local\Temp\ccGZALr8.s 			page 34


 1878 004f 08       		.byte	0x8
 1879 0050 07       		.byte	0x7
 1880 0051 2F010000 		.4byte	.LASF7
 1881 0055 03       		.uleb128 0x3
 1882 0056 04       		.byte	0x4
 1883 0057 05       		.byte	0x5
 1884 0058 696E7400 		.ascii	"int\000"
 1885 005c 02       		.uleb128 0x2
 1886 005d 04       		.byte	0x4
 1887 005e 07       		.byte	0x7
 1888 005f 22010000 		.4byte	.LASF8
 1889 0063 04       		.uleb128 0x4
 1890 0064 B6010000 		.4byte	.LASF21
 1891 0068 02       		.byte	0x2
 1892 0069 9201     		.2byte	0x192
 1893 006b 24000000 		.4byte	0x24
 1894 006f 02       		.uleb128 0x2
 1895 0070 04       		.byte	0x4
 1896 0071 04       		.byte	0x4
 1897 0072 32000000 		.4byte	.LASF9
 1898 0076 02       		.uleb128 0x2
 1899 0077 08       		.byte	0x8
 1900 0078 04       		.byte	0x4
 1901 0079 6B000000 		.4byte	.LASF10
 1902 007d 02       		.uleb128 0x2
 1903 007e 01       		.byte	0x1
 1904 007f 08       		.byte	0x8
 1905 0080 A7010000 		.4byte	.LASF11
 1906 0084 05       		.uleb128 0x5
 1907 0085 63000000 		.4byte	0x63
 1908 0089 95000000 		.4byte	0x95
 1909 008d 06       		.uleb128 0x6
 1910 008e 95000000 		.4byte	0x95
 1911 0092 E306     		.2byte	0x6e3
 1912 0094 00       		.byte	0
 1913 0095 02       		.uleb128 0x2
 1914 0096 04       		.byte	0x4
 1915 0097 07       		.byte	0x7
 1916 0098 90010000 		.4byte	.LASF12
 1917 009c 07       		.uleb128 0x7
 1918 009d 82000000 		.4byte	.LASF13
 1919 00a1 01       		.byte	0x1
 1920 00a2 1F       		.byte	0x1f
 1921 00a3 AD000000 		.4byte	0xad
 1922 00a7 05       		.uleb128 0x5
 1923 00a8 03       		.byte	0x3
 1924 00a9 00000000 		.4byte	cy_meta_configecc
 1925 00ad 08       		.uleb128 0x8
 1926 00ae 84000000 		.4byte	0x84
 1927 00b2 05       		.uleb128 0x5
 1928 00b3 63000000 		.4byte	0x63
 1929 00b7 C2000000 		.4byte	0xc2
 1930 00bb 09       		.uleb128 0x9
 1931 00bc 95000000 		.4byte	0x95
 1932 00c0 03       		.byte	0x3
 1933 00c1 00       		.byte	0
 1934 00c2 0A       		.uleb128 0xa
ARM GAS  C:\Users\lenovo\AppData\Local\Temp\ccGZALr8.s 			page 35


 1935 00c3 72000000 		.4byte	.LASF14
 1936 00c7 01       		.byte	0x1
 1937 00c8 0901     		.2byte	0x109
 1938 00ca D4000000 		.4byte	0xd4
 1939 00ce 05       		.uleb128 0x5
 1940 00cf 03       		.byte	0x3
 1941 00d0 00000000 		.4byte	cy_meta_custnvl
 1942 00d4 08       		.uleb128 0x8
 1943 00d5 B2000000 		.4byte	0xb2
 1944 00d9 0A       		.uleb128 0xa
 1945 00da 5B010000 		.4byte	.LASF15
 1946 00de 01       		.byte	0x1
 1947 00df 1701     		.2byte	0x117
 1948 00e1 EB000000 		.4byte	0xeb
 1949 00e5 05       		.uleb128 0x5
 1950 00e6 03       		.byte	0x3
 1951 00e7 00000000 		.4byte	cy_meta_wonvl
 1952 00eb 08       		.uleb128 0x8
 1953 00ec B2000000 		.4byte	0xb2
 1954 00f0 05       		.uleb128 0x5
 1955 00f1 63000000 		.4byte	0x63
 1956 00f5 00010000 		.4byte	0x100
 1957 00f9 09       		.uleb128 0x9
 1958 00fa 95000000 		.4byte	0x95
 1959 00fe FF       		.byte	0xff
 1960 00ff 00       		.byte	0
 1961 0100 0A       		.uleb128 0xa
 1962 0101 46010000 		.4byte	.LASF16
 1963 0105 01       		.byte	0x1
 1964 0106 2501     		.2byte	0x125
 1965 0108 12010000 		.4byte	0x112
 1966 010c 05       		.uleb128 0x5
 1967 010d 03       		.byte	0x3
 1968 010e 00000000 		.4byte	cy_meta_flashprotect
 1969 0112 08       		.uleb128 0x8
 1970 0113 F0000000 		.4byte	0xf0
 1971 0117 05       		.uleb128 0x5
 1972 0118 63000000 		.4byte	0x63
 1973 011c 27010000 		.4byte	0x127
 1974 0120 09       		.uleb128 0x9
 1975 0121 95000000 		.4byte	0x95
 1976 0125 0B       		.byte	0xb
 1977 0126 00       		.byte	0
 1978 0127 0A       		.uleb128 0xa
 1979 0128 26000000 		.4byte	.LASF17
 1980 012c 01       		.byte	0x1
 1981 012d 5201     		.2byte	0x152
 1982 012f 39010000 		.4byte	0x139
 1983 0133 05       		.uleb128 0x5
 1984 0134 03       		.byte	0x3
 1985 0135 00000000 		.4byte	cy_metadata
 1986 0139 08       		.uleb128 0x8
 1987 013a 17010000 		.4byte	0x117
 1988 013e 00       		.byte	0
 1989              		.section	.debug_abbrev,"",%progbits
 1990              	.Ldebug_abbrev0:
 1991 0000 01       		.uleb128 0x1
ARM GAS  C:\Users\lenovo\AppData\Local\Temp\ccGZALr8.s 			page 36


 1992 0001 11       		.uleb128 0x11
 1993 0002 01       		.byte	0x1
 1994 0003 25       		.uleb128 0x25
 1995 0004 0E       		.uleb128 0xe
 1996 0005 13       		.uleb128 0x13
 1997 0006 0B       		.uleb128 0xb
 1998 0007 03       		.uleb128 0x3
 1999 0008 0E       		.uleb128 0xe
 2000 0009 1B       		.uleb128 0x1b
 2001 000a 0E       		.uleb128 0xe
 2002 000b 10       		.uleb128 0x10
 2003 000c 17       		.uleb128 0x17
 2004 000d 00       		.byte	0
 2005 000e 00       		.byte	0
 2006 000f 02       		.uleb128 0x2
 2007 0010 24       		.uleb128 0x24
 2008 0011 00       		.byte	0
 2009 0012 0B       		.uleb128 0xb
 2010 0013 0B       		.uleb128 0xb
 2011 0014 3E       		.uleb128 0x3e
 2012 0015 0B       		.uleb128 0xb
 2013 0016 03       		.uleb128 0x3
 2014 0017 0E       		.uleb128 0xe
 2015 0018 00       		.byte	0
 2016 0019 00       		.byte	0
 2017 001a 03       		.uleb128 0x3
 2018 001b 24       		.uleb128 0x24
 2019 001c 00       		.byte	0
 2020 001d 0B       		.uleb128 0xb
 2021 001e 0B       		.uleb128 0xb
 2022 001f 3E       		.uleb128 0x3e
 2023 0020 0B       		.uleb128 0xb
 2024 0021 03       		.uleb128 0x3
 2025 0022 08       		.uleb128 0x8
 2026 0023 00       		.byte	0
 2027 0024 00       		.byte	0
 2028 0025 04       		.uleb128 0x4
 2029 0026 16       		.uleb128 0x16
 2030 0027 00       		.byte	0
 2031 0028 03       		.uleb128 0x3
 2032 0029 0E       		.uleb128 0xe
 2033 002a 3A       		.uleb128 0x3a
 2034 002b 0B       		.uleb128 0xb
 2035 002c 3B       		.uleb128 0x3b
 2036 002d 05       		.uleb128 0x5
 2037 002e 49       		.uleb128 0x49
 2038 002f 13       		.uleb128 0x13
 2039 0030 00       		.byte	0
 2040 0031 00       		.byte	0
 2041 0032 05       		.uleb128 0x5
 2042 0033 01       		.uleb128 0x1
 2043 0034 01       		.byte	0x1
 2044 0035 49       		.uleb128 0x49
 2045 0036 13       		.uleb128 0x13
 2046 0037 01       		.uleb128 0x1
 2047 0038 13       		.uleb128 0x13
 2048 0039 00       		.byte	0
ARM GAS  C:\Users\lenovo\AppData\Local\Temp\ccGZALr8.s 			page 37


 2049 003a 00       		.byte	0
 2050 003b 06       		.uleb128 0x6
 2051 003c 21       		.uleb128 0x21
 2052 003d 00       		.byte	0
 2053 003e 49       		.uleb128 0x49
 2054 003f 13       		.uleb128 0x13
 2055 0040 2F       		.uleb128 0x2f
 2056 0041 05       		.uleb128 0x5
 2057 0042 00       		.byte	0
 2058 0043 00       		.byte	0
 2059 0044 07       		.uleb128 0x7
 2060 0045 34       		.uleb128 0x34
 2061 0046 00       		.byte	0
 2062 0047 03       		.uleb128 0x3
 2063 0048 0E       		.uleb128 0xe
 2064 0049 3A       		.uleb128 0x3a
 2065 004a 0B       		.uleb128 0xb
 2066 004b 3B       		.uleb128 0x3b
 2067 004c 0B       		.uleb128 0xb
 2068 004d 49       		.uleb128 0x49
 2069 004e 13       		.uleb128 0x13
 2070 004f 3F       		.uleb128 0x3f
 2071 0050 19       		.uleb128 0x19
 2072 0051 02       		.uleb128 0x2
 2073 0052 18       		.uleb128 0x18
 2074 0053 00       		.byte	0
 2075 0054 00       		.byte	0
 2076 0055 08       		.uleb128 0x8
 2077 0056 26       		.uleb128 0x26
 2078 0057 00       		.byte	0
 2079 0058 49       		.uleb128 0x49
 2080 0059 13       		.uleb128 0x13
 2081 005a 00       		.byte	0
 2082 005b 00       		.byte	0
 2083 005c 09       		.uleb128 0x9
 2084 005d 21       		.uleb128 0x21
 2085 005e 00       		.byte	0
 2086 005f 49       		.uleb128 0x49
 2087 0060 13       		.uleb128 0x13
 2088 0061 2F       		.uleb128 0x2f
 2089 0062 0B       		.uleb128 0xb
 2090 0063 00       		.byte	0
 2091 0064 00       		.byte	0
 2092 0065 0A       		.uleb128 0xa
 2093 0066 34       		.uleb128 0x34
 2094 0067 00       		.byte	0
 2095 0068 03       		.uleb128 0x3
 2096 0069 0E       		.uleb128 0xe
 2097 006a 3A       		.uleb128 0x3a
 2098 006b 0B       		.uleb128 0xb
 2099 006c 3B       		.uleb128 0x3b
 2100 006d 05       		.uleb128 0x5
 2101 006e 49       		.uleb128 0x49
 2102 006f 13       		.uleb128 0x13
 2103 0070 3F       		.uleb128 0x3f
 2104 0071 19       		.uleb128 0x19
 2105 0072 02       		.uleb128 0x2
ARM GAS  C:\Users\lenovo\AppData\Local\Temp\ccGZALr8.s 			page 38


 2106 0073 18       		.uleb128 0x18
 2107 0074 00       		.byte	0
 2108 0075 00       		.byte	0
 2109 0076 00       		.byte	0
 2110              		.section	.debug_aranges,"",%progbits
 2111 0000 14000000 		.4byte	0x14
 2112 0004 0200     		.2byte	0x2
 2113 0006 00000000 		.4byte	.Ldebug_info0
 2114 000a 04       		.byte	0x4
 2115 000b 00       		.byte	0
 2116 000c 0000     		.2byte	0
 2117 000e 0000     		.2byte	0
 2118 0010 00000000 		.4byte	0
 2119 0014 00000000 		.4byte	0
 2120              		.section	.debug_line,"",%progbits
 2121              	.Ldebug_line0:
 2122 0000 4F000000 		.section	.debug_str,"MS",%progbits,1
 2122      02004900 
 2122      00000201 
 2122      FB0E0D00 
 2122      01010101 
 2123              	.LASF19:
 2124 0000 2E5C4765 		.ascii	".\\Generated_Source\\PSoC5\\cymetadata.c\000"
 2124      6E657261 
 2124      7465645F 
 2124      536F7572 
 2124      63655C50 
 2125              	.LASF17:
 2126 0026 63795F6D 		.ascii	"cy_metadata\000"
 2126      65746164 
 2126      61746100 
 2127              	.LASF9:
 2128 0032 666C6F61 		.ascii	"float\000"
 2128      7400
 2129              	.LASF1:
 2130 0038 756E7369 		.ascii	"unsigned char\000"
 2130      676E6564 
 2130      20636861 
 2130      7200
 2131              	.LASF5:
 2132 0046 6C6F6E67 		.ascii	"long unsigned int\000"
 2132      20756E73 
 2132      69676E65 
 2132      6420696E 
 2132      7400
 2133              	.LASF3:
 2134 0058 73686F72 		.ascii	"short unsigned int\000"
 2134      7420756E 
 2134      7369676E 
 2134      65642069 
 2134      6E7400
 2135              	.LASF10:
 2136 006b 646F7562 		.ascii	"double\000"
 2136      6C6500
 2137              	.LASF14:
 2138 0072 63795F6D 		.ascii	"cy_meta_custnvl\000"
 2138      6574615F 
ARM GAS  C:\Users\lenovo\AppData\Local\Temp\ccGZALr8.s 			page 39


 2138      63757374 
 2138      6E766C00 
 2139              	.LASF13:
 2140 0082 63795F6D 		.ascii	"cy_meta_configecc\000"
 2140      6574615F 
 2140      636F6E66 
 2140      69676563 
 2140      6300
 2141              	.LASF18:
 2142 0094 474E5520 		.ascii	"GNU C 4.9.3 20150303 (release) [ARM/embedded-4_9-br"
 2142      4320342E 
 2142      392E3320 
 2142      32303135 
 2142      30333033 
 2143 00c7 616E6368 		.ascii	"anch revision 221220] -mcpu=cortex-m3 -mthumb -g -O"
 2143      20726576 
 2143      6973696F 
 2143      6E203232 
 2143      31323230 
 2144 00fa 67202D66 		.ascii	"g -ffunction-sections -ffat-lto-objects\000"
 2144      66756E63 
 2144      74696F6E 
 2144      2D736563 
 2144      74696F6E 
 2145              	.LASF8:
 2146 0122 756E7369 		.ascii	"unsigned int\000"
 2146      676E6564 
 2146      20696E74 
 2146      00
 2147              	.LASF7:
 2148 012f 6C6F6E67 		.ascii	"long long unsigned int\000"
 2148      206C6F6E 
 2148      6720756E 
 2148      7369676E 
 2148      65642069 
 2149              	.LASF16:
 2150 0146 63795F6D 		.ascii	"cy_meta_flashprotect\000"
 2150      6574615F 
 2150      666C6173 
 2150      6870726F 
 2150      74656374 
 2151              	.LASF15:
 2152 015b 63795F6D 		.ascii	"cy_meta_wonvl\000"
 2152      6574615F 
 2152      776F6E76 
 2152      6C00
 2153              	.LASF20:
 2154 0169 453A5C50 		.ascii	"E:\\Psoc\\AAAAAA\\Creative\\Creative.cydsn\000"
 2154      736F635C 
 2154      41414141 
 2154      41415C43 
 2154      72656174 
 2155              	.LASF12:
 2156 0190 73697A65 		.ascii	"sizetype\000"
 2156      74797065 
 2156      00
 2157              	.LASF6:
ARM GAS  C:\Users\lenovo\AppData\Local\Temp\ccGZALr8.s 			page 40


 2158 0199 6C6F6E67 		.ascii	"long long int\000"
 2158      206C6F6E 
 2158      6720696E 
 2158      7400
 2159              	.LASF11:
 2160 01a7 63686172 		.ascii	"char\000"
 2160      00
 2161              	.LASF2:
 2162 01ac 73686F72 		.ascii	"short int\000"
 2162      7420696E 
 2162      7400
 2163              	.LASF21:
 2164 01b6 75696E74 		.ascii	"uint8\000"
 2164      3800
 2165              	.LASF4:
 2166 01bc 6C6F6E67 		.ascii	"long int\000"
 2166      20696E74 
 2166      00
 2167              	.LASF0:
 2168 01c5 7369676E 		.ascii	"signed char\000"
 2168      65642063 
 2168      68617200 
 2169              		.ident	"GCC: (GNU Tools for ARM Embedded Processors) 4.9.3 20150303 (release) [ARM/embedded-4_9-br
