ARM GAS  C:\Users\lenovo\AppData\Local\Temp\ccr9phlH.s 			page 1


   1              		.syntax unified
   2              		.cpu cortex-m3
   3              		.fpu softvfp
   4              		.eabi_attribute 20, 1
   5              		.eabi_attribute 21, 1
   6              		.eabi_attribute 23, 3
   7              		.eabi_attribute 24, 1
   8              		.eabi_attribute 25, 1
   9              		.eabi_attribute 26, 1
  10              		.eabi_attribute 30, 1
  11              		.eabi_attribute 34, 1
  12              		.eabi_attribute 18, 4
  13              		.thumb
  14              		.file	"ISR_BLUE.c"
  15              		.text
  16              	.Ltext0:
  17              		.cfi_sections	.debug_frame
  18              		.section	.text.isr_rx_Interrupt,"ax",%progbits
  19              		.align	2
  20              		.global	isr_rx_Interrupt
  21              		.thumb
  22              		.thumb_func
  23              		.type	isr_rx_Interrupt, %function
  24              	isr_rx_Interrupt:
  25              	.LFB63:
  26              		.file 1 ".\\ISR_BLUE.c"
   1:.\ISR_BLUE.c  **** /* ========================================
   2:.\ISR_BLUE.c  ****  *
   3:.\ISR_BLUE.c  ****  * Copyright YOUR COMPANY, THE YEAR
   4:.\ISR_BLUE.c  ****  * All Rights Reserved
   5:.\ISR_BLUE.c  ****  * UNPUBLISHED, LICENSED SOFTWARE.
   6:.\ISR_BLUE.c  ****  *
   7:.\ISR_BLUE.c  ****  * CONFIDENTIAL AND PROPRIETARY INFORMATION
   8:.\ISR_BLUE.c  ****  * WHICH IS THE PROPERTY OF your company.
   9:.\ISR_BLUE.c  ****  *
  10:.\ISR_BLUE.c  ****  * ========================================
  11:.\ISR_BLUE.c  **** */
  12:.\ISR_BLUE.c  **** 
  13:.\ISR_BLUE.c  **** /* [] END OF FILE */
  14:.\ISR_BLUE.c  **** #include <cydevice_trm.h>
  15:.\ISR_BLUE.c  **** #include <CyLib.h>
  16:.\ISR_BLUE.c  **** #include <isr_rx.h>
  17:.\ISR_BLUE.c  **** #include "cyapicallbacks.h"
  18:.\ISR_BLUE.c  **** #include <project.h>
  19:.\ISR_BLUE.c  **** 
  20:.\ISR_BLUE.c  **** 
  21:.\ISR_BLUE.c  **** extern volatile uint8 Mode;
  22:.\ISR_BLUE.c  **** 
  23:.\ISR_BLUE.c  **** extern void limit_ccw(char id, char angle);
  24:.\ISR_BLUE.c  **** extern void limit_cw(char id, char angle);
  25:.\ISR_BLUE.c  **** extern void motion(char id, int angle, int speed);
  26:.\ISR_BLUE.c  **** extern void read_current_position(uint8 id);
  27:.\ISR_BLUE.c  **** extern void read_current_v(uint8 id);
  28:.\ISR_BLUE.c  **** extern void get_blue_rx();
  29:.\ISR_BLUE.c  **** 
  30:.\ISR_BLUE.c  **** #ifndef CYINT_IRQ_BASE
  31:.\ISR_BLUE.c  **** #define CYINT_IRQ_BASE      16
ARM GAS  C:\Users\lenovo\AppData\Local\Temp\ccr9phlH.s 			page 2


  32:.\ISR_BLUE.c  **** #endif /* CYINT_IRQ_BASE */
  33:.\ISR_BLUE.c  **** #ifndef CYINT_VECT_TABLE
  34:.\ISR_BLUE.c  **** #define CYINT_VECT_TABLE    ((cyisraddress **) CYREG_NVIC_VECT_OFFSET)
  35:.\ISR_BLUE.c  **** #endif /* CYINT_VECT_TABLE */
  36:.\ISR_BLUE.c  **** 
  37:.\ISR_BLUE.c  **** /* Declared in startup, used to set unused interrupts to. */
  38:.\ISR_BLUE.c  **** CY_ISR_PROTO(IntDefaultHandler);
  39:.\ISR_BLUE.c  **** 
  40:.\ISR_BLUE.c  **** 
  41:.\ISR_BLUE.c  **** CY_ISR(isr_rx_Interrupt)
  42:.\ISR_BLUE.c  **** {
  27              		.loc 1 42 0
  28              		.cfi_startproc
  29              		@ args = 0, pretend = 0, frame = 0
  30              		@ frame_needed = 0, uses_anonymous_args = 0
  31 0000 10B5     		push	{r4, lr}
  32              		.cfi_def_cfa_offset 8
  33              		.cfi_offset 4, -8
  34              		.cfi_offset 14, -4
  43:.\ISR_BLUE.c  ****     #ifdef isr_rx_INTERRUPT_INTERRUPT_CALLBACK
  44:.\ISR_BLUE.c  ****         isr_rx_Interrupt_InterruptCallback();
  45:.\ISR_BLUE.c  ****     #endif /* isr_rx_INTERRUPT_INTERRUPT_CALLBACK */ 
  46:.\ISR_BLUE.c  ****     isr_rx_ClearPending();
  35              		.loc 1 46 0
  36 0002 FFF7FEFF 		bl	isr_rx_ClearPending
  37              	.LVL0:
  47:.\ISR_BLUE.c  ****         char a;        
  48:.\ISR_BLUE.c  ****         a = UART_Blue_GetChar();
  38              		.loc 1 48 0
  39 0006 FFF7FEFF 		bl	UART_Blue_GetChar
  40              	.LVL1:
  41 000a 0446     		mov	r4, r0
  42              	.LVL2:
  49:.\ISR_BLUE.c  ****         
  50:.\ISR_BLUE.c  ****         UART_Blue_PutChar(a);
  43              		.loc 1 50 0
  44 000c FFF7FEFF 		bl	UART_Blue_PutChar
  45              	.LVL3:
  51:.\ISR_BLUE.c  ****             switch(a)
  46              		.loc 1 51 0
  47 0010 312C     		cmp	r4, #49
  48 0012 02D0     		beq	.L3
  49 0014 322C     		cmp	r4, #50
  50 0016 04D0     		beq	.L4
  51 0018 07E0     		b	.L6
  52              	.L3:
  52:.\ISR_BLUE.c  ****             {
  53:.\ISR_BLUE.c  ****                 case '1':
  54:.\ISR_BLUE.c  ****                     Mode = 1;
  53              		.loc 1 54 0
  54 001a 0122     		movs	r2, #1
  55 001c 054B     		ldr	r3, .L8
  56 001e 1A70     		strb	r2, [r3]
  55:.\ISR_BLUE.c  ****                     break;   
  57              		.loc 1 55 0
  58 0020 10BD     		pop	{r4, pc}
  59              	.LVL4:
ARM GAS  C:\Users\lenovo\AppData\Local\Temp\ccr9phlH.s 			page 3


  60              	.L4:
  56:.\ISR_BLUE.c  ****                 case '2':
  57:.\ISR_BLUE.c  ****                     Mode = 2;
  61              		.loc 1 57 0
  62 0022 0222     		movs	r2, #2
  63 0024 034B     		ldr	r3, .L8
  64 0026 1A70     		strb	r2, [r3]
  58:.\ISR_BLUE.c  ****                     break;
  65              		.loc 1 58 0
  66 0028 10BD     		pop	{r4, pc}
  67              	.LVL5:
  68              	.L6:
  59:.\ISR_BLUE.c  ****                 default:
  60:.\ISR_BLUE.c  ****                     Mode = 0;
  69              		.loc 1 60 0
  70 002a 0022     		movs	r2, #0
  71 002c 014B     		ldr	r3, .L8
  72 002e 1A70     		strb	r2, [r3]
  73 0030 10BD     		pop	{r4, pc}
  74              	.LVL6:
  75              	.L9:
  76 0032 00BF     		.align	2
  77              	.L8:
  78 0034 00000000 		.word	Mode
  79              		.cfi_endproc
  80              	.LFE63:
  81              		.size	isr_rx_Interrupt, .-isr_rx_Interrupt
  82              		.text
  83              	.Letext0:
  84              		.file 2 "c:\\program files (x86)\\cypress\\psoc creator\\3.3\\psoc creator\\import\\gnu\\arm\\4.9.
  85              		.file 3 "c:\\program files (x86)\\cypress\\psoc creator\\3.3\\psoc creator\\import\\gnu\\arm\\4.9.
  86              		.file 4 "Generated_Source\\PSoC5/cytypes.h"
  87              		.file 5 "Generated_Source\\PSoC5/core_cm3.h"
  88              		.file 6 "Generated_Source\\PSoC5/isr_rx.h"
  89              		.file 7 "Generated_Source\\PSoC5/UART_Blue.h"
  90              		.section	.debug_info,"",%progbits
  91              	.Ldebug_info0:
  92 0000 2B010000 		.4byte	0x12b
  93 0004 0400     		.2byte	0x4
  94 0006 00000000 		.4byte	.Ldebug_abbrev0
  95 000a 04       		.byte	0x4
  96 000b 01       		.uleb128 0x1
  97 000c 80000000 		.4byte	.LASF18
  98 0010 01       		.byte	0x1
  99 0011 5E010000 		.4byte	.LASF19
 100 0015 AD010000 		.4byte	.LASF20
 101 0019 00000000 		.4byte	.Ldebug_ranges0+0
 102 001d 00000000 		.4byte	0
 103 0021 00000000 		.4byte	.Ldebug_line0
 104 0025 02       		.uleb128 0x2
 105 0026 04       		.byte	0x4
 106 0027 05       		.byte	0x5
 107 0028 696E7400 		.ascii	"int\000"
 108 002c 03       		.uleb128 0x3
 109 002d 04       		.byte	0x4
 110 002e 07       		.byte	0x7
 111 002f 21000000 		.4byte	.LASF0
ARM GAS  C:\Users\lenovo\AppData\Local\Temp\ccr9phlH.s 			page 4


 112 0033 03       		.uleb128 0x3
 113 0034 01       		.byte	0x1
 114 0035 06       		.byte	0x6
 115 0036 52010000 		.4byte	.LASF1
 116 003a 03       		.uleb128 0x3
 117 003b 01       		.byte	0x1
 118 003c 08       		.byte	0x8
 119 003d 22010000 		.4byte	.LASF2
 120 0041 03       		.uleb128 0x3
 121 0042 02       		.byte	0x2
 122 0043 05       		.byte	0x5
 123 0044 80010000 		.4byte	.LASF3
 124 0048 03       		.uleb128 0x3
 125 0049 02       		.byte	0x2
 126 004a 07       		.byte	0x7
 127 004b 0E000000 		.4byte	.LASF4
 128 004f 04       		.uleb128 0x4
 129 0050 6B010000 		.4byte	.LASF11
 130 0054 02       		.byte	0x2
 131 0055 3F       		.byte	0x3f
 132 0056 5A000000 		.4byte	0x5a
 133 005a 03       		.uleb128 0x3
 134 005b 04       		.byte	0x4
 135 005c 05       		.byte	0x5
 136 005d 35010000 		.4byte	.LASF5
 137 0061 03       		.uleb128 0x3
 138 0062 04       		.byte	0x4
 139 0063 07       		.byte	0x7
 140 0064 45000000 		.4byte	.LASF6
 141 0068 03       		.uleb128 0x3
 142 0069 08       		.byte	0x8
 143 006a 05       		.byte	0x5
 144 006b 00000000 		.4byte	.LASF7
 145 006f 03       		.uleb128 0x3
 146 0070 08       		.byte	0x8
 147 0071 07       		.byte	0x7
 148 0072 57000000 		.4byte	.LASF8
 149 0076 03       		.uleb128 0x3
 150 0077 04       		.byte	0x4
 151 0078 07       		.byte	0x7
 152 0079 A4010000 		.4byte	.LASF9
 153 007d 03       		.uleb128 0x3
 154 007e 01       		.byte	0x1
 155 007f 08       		.byte	0x8
 156 0080 30010000 		.4byte	.LASF10
 157 0084 04       		.uleb128 0x4
 158 0085 8A010000 		.4byte	.LASF12
 159 0089 03       		.byte	0x3
 160 008a 2C       		.byte	0x2c
 161 008b 4F000000 		.4byte	0x4f
 162 008f 05       		.uleb128 0x5
 163 0090 3F000000 		.4byte	.LASF13
 164 0094 04       		.byte	0x4
 165 0095 9201     		.2byte	0x192
 166 0097 3A000000 		.4byte	0x3a
 167 009b 03       		.uleb128 0x3
 168 009c 04       		.byte	0x4
ARM GAS  C:\Users\lenovo\AppData\Local\Temp\ccr9phlH.s 			page 5


 169 009d 04       		.byte	0x4
 170 009e 7A010000 		.4byte	.LASF14
 171 00a2 03       		.uleb128 0x3
 172 00a3 08       		.byte	0x8
 173 00a4 04       		.byte	0x4
 174 00a5 3E010000 		.4byte	.LASF15
 175 00a9 06       		.uleb128 0x6
 176 00aa 8F000000 		.4byte	0x8f
 177 00ae 07       		.uleb128 0x7
 178 00af 2E000000 		.4byte	.LASF21
 179 00b3 01       		.byte	0x1
 180 00b4 29       		.byte	0x29
 181 00b5 00000000 		.4byte	.LFB63
 182 00b9 38000000 		.4byte	.LFE63-.LFB63
 183 00bd 01       		.uleb128 0x1
 184 00be 9C       		.byte	0x9c
 185 00bf F3000000 		.4byte	0xf3
 186 00c3 08       		.uleb128 0x8
 187 00c4 6100     		.ascii	"a\000"
 188 00c6 01       		.byte	0x1
 189 00c7 2F       		.byte	0x2f
 190 00c8 7D000000 		.4byte	0x7d
 191 00cc 00000000 		.4byte	.LLST0
 192 00d0 09       		.uleb128 0x9
 193 00d1 06000000 		.4byte	.LVL0
 194 00d5 0F010000 		.4byte	0x10f
 195 00d9 09       		.uleb128 0x9
 196 00da 0A000000 		.4byte	.LVL1
 197 00de 16010000 		.4byte	0x116
 198 00e2 0A       		.uleb128 0xa
 199 00e3 10000000 		.4byte	.LVL3
 200 00e7 21010000 		.4byte	0x121
 201 00eb 0B       		.uleb128 0xb
 202 00ec 01       		.uleb128 0x1
 203 00ed 50       		.byte	0x50
 204 00ee 02       		.uleb128 0x2
 205 00ef 74       		.byte	0x74
 206 00f0 00       		.sleb128 0
 207 00f1 00       		.byte	0
 208 00f2 00       		.byte	0
 209 00f3 0C       		.uleb128 0xc
 210 00f4 45010000 		.4byte	.LASF16
 211 00f8 05       		.byte	0x5
 212 00f9 9606     		.2byte	0x696
 213 00fb FF000000 		.4byte	0xff
 214 00ff 06       		.uleb128 0x6
 215 0100 84000000 		.4byte	0x84
 216 0104 0D       		.uleb128 0xd
 217 0105 75010000 		.4byte	.LASF17
 218 0109 01       		.byte	0x1
 219 010a 15       		.byte	0x15
 220 010b A9000000 		.4byte	0xa9
 221 010f 0E       		.uleb128 0xe
 222 0110 0E010000 		.4byte	.LASF22
 223 0114 06       		.byte	0x6
 224 0115 28       		.byte	0x28
 225 0116 0F       		.uleb128 0xf
ARM GAS  C:\Users\lenovo\AppData\Local\Temp\ccr9phlH.s 			page 6


 226 0117 92010000 		.4byte	.LASF23
 227 011b 07       		.byte	0x7
 228 011c 71       		.byte	0x71
 229 011d 8F000000 		.4byte	0x8f
 230 0121 10       		.uleb128 0x10
 231 0122 6E000000 		.4byte	.LASF24
 232 0126 07       		.byte	0x7
 233 0127 8A       		.byte	0x8a
 234 0128 11       		.uleb128 0x11
 235 0129 8F000000 		.4byte	0x8f
 236 012d 00       		.byte	0
 237 012e 00       		.byte	0
 238              		.section	.debug_abbrev,"",%progbits
 239              	.Ldebug_abbrev0:
 240 0000 01       		.uleb128 0x1
 241 0001 11       		.uleb128 0x11
 242 0002 01       		.byte	0x1
 243 0003 25       		.uleb128 0x25
 244 0004 0E       		.uleb128 0xe
 245 0005 13       		.uleb128 0x13
 246 0006 0B       		.uleb128 0xb
 247 0007 03       		.uleb128 0x3
 248 0008 0E       		.uleb128 0xe
 249 0009 1B       		.uleb128 0x1b
 250 000a 0E       		.uleb128 0xe
 251 000b 55       		.uleb128 0x55
 252 000c 17       		.uleb128 0x17
 253 000d 11       		.uleb128 0x11
 254 000e 01       		.uleb128 0x1
 255 000f 10       		.uleb128 0x10
 256 0010 17       		.uleb128 0x17
 257 0011 00       		.byte	0
 258 0012 00       		.byte	0
 259 0013 02       		.uleb128 0x2
 260 0014 24       		.uleb128 0x24
 261 0015 00       		.byte	0
 262 0016 0B       		.uleb128 0xb
 263 0017 0B       		.uleb128 0xb
 264 0018 3E       		.uleb128 0x3e
 265 0019 0B       		.uleb128 0xb
 266 001a 03       		.uleb128 0x3
 267 001b 08       		.uleb128 0x8
 268 001c 00       		.byte	0
 269 001d 00       		.byte	0
 270 001e 03       		.uleb128 0x3
 271 001f 24       		.uleb128 0x24
 272 0020 00       		.byte	0
 273 0021 0B       		.uleb128 0xb
 274 0022 0B       		.uleb128 0xb
 275 0023 3E       		.uleb128 0x3e
 276 0024 0B       		.uleb128 0xb
 277 0025 03       		.uleb128 0x3
 278 0026 0E       		.uleb128 0xe
 279 0027 00       		.byte	0
 280 0028 00       		.byte	0
 281 0029 04       		.uleb128 0x4
 282 002a 16       		.uleb128 0x16
ARM GAS  C:\Users\lenovo\AppData\Local\Temp\ccr9phlH.s 			page 7


 283 002b 00       		.byte	0
 284 002c 03       		.uleb128 0x3
 285 002d 0E       		.uleb128 0xe
 286 002e 3A       		.uleb128 0x3a
 287 002f 0B       		.uleb128 0xb
 288 0030 3B       		.uleb128 0x3b
 289 0031 0B       		.uleb128 0xb
 290 0032 49       		.uleb128 0x49
 291 0033 13       		.uleb128 0x13
 292 0034 00       		.byte	0
 293 0035 00       		.byte	0
 294 0036 05       		.uleb128 0x5
 295 0037 16       		.uleb128 0x16
 296 0038 00       		.byte	0
 297 0039 03       		.uleb128 0x3
 298 003a 0E       		.uleb128 0xe
 299 003b 3A       		.uleb128 0x3a
 300 003c 0B       		.uleb128 0xb
 301 003d 3B       		.uleb128 0x3b
 302 003e 05       		.uleb128 0x5
 303 003f 49       		.uleb128 0x49
 304 0040 13       		.uleb128 0x13
 305 0041 00       		.byte	0
 306 0042 00       		.byte	0
 307 0043 06       		.uleb128 0x6
 308 0044 35       		.uleb128 0x35
 309 0045 00       		.byte	0
 310 0046 49       		.uleb128 0x49
 311 0047 13       		.uleb128 0x13
 312 0048 00       		.byte	0
 313 0049 00       		.byte	0
 314 004a 07       		.uleb128 0x7
 315 004b 2E       		.uleb128 0x2e
 316 004c 01       		.byte	0x1
 317 004d 3F       		.uleb128 0x3f
 318 004e 19       		.uleb128 0x19
 319 004f 03       		.uleb128 0x3
 320 0050 0E       		.uleb128 0xe
 321 0051 3A       		.uleb128 0x3a
 322 0052 0B       		.uleb128 0xb
 323 0053 3B       		.uleb128 0x3b
 324 0054 0B       		.uleb128 0xb
 325 0055 27       		.uleb128 0x27
 326 0056 19       		.uleb128 0x19
 327 0057 11       		.uleb128 0x11
 328 0058 01       		.uleb128 0x1
 329 0059 12       		.uleb128 0x12
 330 005a 06       		.uleb128 0x6
 331 005b 40       		.uleb128 0x40
 332 005c 18       		.uleb128 0x18
 333 005d 9742     		.uleb128 0x2117
 334 005f 19       		.uleb128 0x19
 335 0060 01       		.uleb128 0x1
 336 0061 13       		.uleb128 0x13
 337 0062 00       		.byte	0
 338 0063 00       		.byte	0
 339 0064 08       		.uleb128 0x8
ARM GAS  C:\Users\lenovo\AppData\Local\Temp\ccr9phlH.s 			page 8


 340 0065 34       		.uleb128 0x34
 341 0066 00       		.byte	0
 342 0067 03       		.uleb128 0x3
 343 0068 08       		.uleb128 0x8
 344 0069 3A       		.uleb128 0x3a
 345 006a 0B       		.uleb128 0xb
 346 006b 3B       		.uleb128 0x3b
 347 006c 0B       		.uleb128 0xb
 348 006d 49       		.uleb128 0x49
 349 006e 13       		.uleb128 0x13
 350 006f 02       		.uleb128 0x2
 351 0070 17       		.uleb128 0x17
 352 0071 00       		.byte	0
 353 0072 00       		.byte	0
 354 0073 09       		.uleb128 0x9
 355 0074 898201   		.uleb128 0x4109
 356 0077 00       		.byte	0
 357 0078 11       		.uleb128 0x11
 358 0079 01       		.uleb128 0x1
 359 007a 31       		.uleb128 0x31
 360 007b 13       		.uleb128 0x13
 361 007c 00       		.byte	0
 362 007d 00       		.byte	0
 363 007e 0A       		.uleb128 0xa
 364 007f 898201   		.uleb128 0x4109
 365 0082 01       		.byte	0x1
 366 0083 11       		.uleb128 0x11
 367 0084 01       		.uleb128 0x1
 368 0085 31       		.uleb128 0x31
 369 0086 13       		.uleb128 0x13
 370 0087 00       		.byte	0
 371 0088 00       		.byte	0
 372 0089 0B       		.uleb128 0xb
 373 008a 8A8201   		.uleb128 0x410a
 374 008d 00       		.byte	0
 375 008e 02       		.uleb128 0x2
 376 008f 18       		.uleb128 0x18
 377 0090 9142     		.uleb128 0x2111
 378 0092 18       		.uleb128 0x18
 379 0093 00       		.byte	0
 380 0094 00       		.byte	0
 381 0095 0C       		.uleb128 0xc
 382 0096 34       		.uleb128 0x34
 383 0097 00       		.byte	0
 384 0098 03       		.uleb128 0x3
 385 0099 0E       		.uleb128 0xe
 386 009a 3A       		.uleb128 0x3a
 387 009b 0B       		.uleb128 0xb
 388 009c 3B       		.uleb128 0x3b
 389 009d 05       		.uleb128 0x5
 390 009e 49       		.uleb128 0x49
 391 009f 13       		.uleb128 0x13
 392 00a0 3F       		.uleb128 0x3f
 393 00a1 19       		.uleb128 0x19
 394 00a2 3C       		.uleb128 0x3c
 395 00a3 19       		.uleb128 0x19
 396 00a4 00       		.byte	0
ARM GAS  C:\Users\lenovo\AppData\Local\Temp\ccr9phlH.s 			page 9


 397 00a5 00       		.byte	0
 398 00a6 0D       		.uleb128 0xd
 399 00a7 34       		.uleb128 0x34
 400 00a8 00       		.byte	0
 401 00a9 03       		.uleb128 0x3
 402 00aa 0E       		.uleb128 0xe
 403 00ab 3A       		.uleb128 0x3a
 404 00ac 0B       		.uleb128 0xb
 405 00ad 3B       		.uleb128 0x3b
 406 00ae 0B       		.uleb128 0xb
 407 00af 49       		.uleb128 0x49
 408 00b0 13       		.uleb128 0x13
 409 00b1 3F       		.uleb128 0x3f
 410 00b2 19       		.uleb128 0x19
 411 00b3 3C       		.uleb128 0x3c
 412 00b4 19       		.uleb128 0x19
 413 00b5 00       		.byte	0
 414 00b6 00       		.byte	0
 415 00b7 0E       		.uleb128 0xe
 416 00b8 2E       		.uleb128 0x2e
 417 00b9 00       		.byte	0
 418 00ba 3F       		.uleb128 0x3f
 419 00bb 19       		.uleb128 0x19
 420 00bc 03       		.uleb128 0x3
 421 00bd 0E       		.uleb128 0xe
 422 00be 3A       		.uleb128 0x3a
 423 00bf 0B       		.uleb128 0xb
 424 00c0 3B       		.uleb128 0x3b
 425 00c1 0B       		.uleb128 0xb
 426 00c2 27       		.uleb128 0x27
 427 00c3 19       		.uleb128 0x19
 428 00c4 3C       		.uleb128 0x3c
 429 00c5 19       		.uleb128 0x19
 430 00c6 00       		.byte	0
 431 00c7 00       		.byte	0
 432 00c8 0F       		.uleb128 0xf
 433 00c9 2E       		.uleb128 0x2e
 434 00ca 00       		.byte	0
 435 00cb 3F       		.uleb128 0x3f
 436 00cc 19       		.uleb128 0x19
 437 00cd 03       		.uleb128 0x3
 438 00ce 0E       		.uleb128 0xe
 439 00cf 3A       		.uleb128 0x3a
 440 00d0 0B       		.uleb128 0xb
 441 00d1 3B       		.uleb128 0x3b
 442 00d2 0B       		.uleb128 0xb
 443 00d3 27       		.uleb128 0x27
 444 00d4 19       		.uleb128 0x19
 445 00d5 49       		.uleb128 0x49
 446 00d6 13       		.uleb128 0x13
 447 00d7 3C       		.uleb128 0x3c
 448 00d8 19       		.uleb128 0x19
 449 00d9 00       		.byte	0
 450 00da 00       		.byte	0
 451 00db 10       		.uleb128 0x10
 452 00dc 2E       		.uleb128 0x2e
 453 00dd 01       		.byte	0x1
ARM GAS  C:\Users\lenovo\AppData\Local\Temp\ccr9phlH.s 			page 10


 454 00de 3F       		.uleb128 0x3f
 455 00df 19       		.uleb128 0x19
 456 00e0 03       		.uleb128 0x3
 457 00e1 0E       		.uleb128 0xe
 458 00e2 3A       		.uleb128 0x3a
 459 00e3 0B       		.uleb128 0xb
 460 00e4 3B       		.uleb128 0x3b
 461 00e5 0B       		.uleb128 0xb
 462 00e6 27       		.uleb128 0x27
 463 00e7 19       		.uleb128 0x19
 464 00e8 3C       		.uleb128 0x3c
 465 00e9 19       		.uleb128 0x19
 466 00ea 00       		.byte	0
 467 00eb 00       		.byte	0
 468 00ec 11       		.uleb128 0x11
 469 00ed 05       		.uleb128 0x5
 470 00ee 00       		.byte	0
 471 00ef 49       		.uleb128 0x49
 472 00f0 13       		.uleb128 0x13
 473 00f1 00       		.byte	0
 474 00f2 00       		.byte	0
 475 00f3 00       		.byte	0
 476              		.section	.debug_loc,"",%progbits
 477              	.Ldebug_loc0:
 478              	.LLST0:
 479 0000 0C000000 		.4byte	.LVL2
 480 0004 32000000 		.4byte	.LVL6
 481 0008 0100     		.2byte	0x1
 482 000a 54       		.byte	0x54
 483 000b 00000000 		.4byte	0
 484 000f 00000000 		.4byte	0
 485              		.section	.debug_aranges,"",%progbits
 486 0000 1C000000 		.4byte	0x1c
 487 0004 0200     		.2byte	0x2
 488 0006 00000000 		.4byte	.Ldebug_info0
 489 000a 04       		.byte	0x4
 490 000b 00       		.byte	0
 491 000c 0000     		.2byte	0
 492 000e 0000     		.2byte	0
 493 0010 00000000 		.4byte	.LFB63
 494 0014 38000000 		.4byte	.LFE63-.LFB63
 495 0018 00000000 		.4byte	0
 496 001c 00000000 		.4byte	0
 497              		.section	.debug_ranges,"",%progbits
 498              	.Ldebug_ranges0:
 499 0000 00000000 		.4byte	.LFB63
 500 0004 38000000 		.4byte	.LFE63
 501 0008 00000000 		.4byte	0
 502 000c 00000000 		.4byte	0
 503              		.section	.debug_line,"",%progbits
 504              	.Ldebug_line0:
 505 0000 86010000 		.section	.debug_str,"MS",%progbits,1
 505      02006801 
 505      00000201 
 505      FB0E0D00 
 505      01010101 
 506              	.LASF7:
ARM GAS  C:\Users\lenovo\AppData\Local\Temp\ccr9phlH.s 			page 11


 507 0000 6C6F6E67 		.ascii	"long long int\000"
 507      206C6F6E 
 507      6720696E 
 507      7400
 508              	.LASF4:
 509 000e 73686F72 		.ascii	"short unsigned int\000"
 509      7420756E 
 509      7369676E 
 509      65642069 
 509      6E7400
 510              	.LASF0:
 511 0021 756E7369 		.ascii	"unsigned int\000"
 511      676E6564 
 511      20696E74 
 511      00
 512              	.LASF21:
 513 002e 6973725F 		.ascii	"isr_rx_Interrupt\000"
 513      72785F49 
 513      6E746572 
 513      72757074 
 513      00
 514              	.LASF13:
 515 003f 75696E74 		.ascii	"uint8\000"
 515      3800
 516              	.LASF6:
 517 0045 6C6F6E67 		.ascii	"long unsigned int\000"
 517      20756E73 
 517      69676E65 
 517      6420696E 
 517      7400
 518              	.LASF8:
 519 0057 6C6F6E67 		.ascii	"long long unsigned int\000"
 519      206C6F6E 
 519      6720756E 
 519      7369676E 
 519      65642069 
 520              	.LASF24:
 521 006e 55415254 		.ascii	"UART_Blue_PutChar\000"
 521      5F426C75 
 521      655F5075 
 521      74436861 
 521      7200
 522              	.LASF18:
 523 0080 474E5520 		.ascii	"GNU C 4.9.3 20150303 (release) [ARM/embedded-4_9-br"
 523      4320342E 
 523      392E3320 
 523      32303135 
 523      30333033 
 524 00b3 616E6368 		.ascii	"anch revision 221220] -mcpu=cortex-m3 -mthumb -g -O"
 524      20726576 
 524      6973696F 
 524      6E203232 
 524      31323230 
 525 00e6 67202D66 		.ascii	"g -ffunction-sections -ffat-lto-objects\000"
 525      66756E63 
 525      74696F6E 
 525      2D736563 
ARM GAS  C:\Users\lenovo\AppData\Local\Temp\ccr9phlH.s 			page 12


 525      74696F6E 
 526              	.LASF22:
 527 010e 6973725F 		.ascii	"isr_rx_ClearPending\000"
 527      72785F43 
 527      6C656172 
 527      50656E64 
 527      696E6700 
 528              	.LASF2:
 529 0122 756E7369 		.ascii	"unsigned char\000"
 529      676E6564 
 529      20636861 
 529      7200
 530              	.LASF10:
 531 0130 63686172 		.ascii	"char\000"
 531      00
 532              	.LASF5:
 533 0135 6C6F6E67 		.ascii	"long int\000"
 533      20696E74 
 533      00
 534              	.LASF15:
 535 013e 646F7562 		.ascii	"double\000"
 535      6C6500
 536              	.LASF16:
 537 0145 49544D5F 		.ascii	"ITM_RxBuffer\000"
 537      52784275 
 537      66666572 
 537      00
 538              	.LASF1:
 539 0152 7369676E 		.ascii	"signed char\000"
 539      65642063 
 539      68617200 
 540              	.LASF19:
 541 015e 2E5C4953 		.ascii	".\\ISR_BLUE.c\000"
 541      525F424C 
 541      55452E63 
 541      00
 542              	.LASF11:
 543 016b 5F5F696E 		.ascii	"__int32_t\000"
 543      7433325F 
 543      7400
 544              	.LASF17:
 545 0175 4D6F6465 		.ascii	"Mode\000"
 545      00
 546              	.LASF14:
 547 017a 666C6F61 		.ascii	"float\000"
 547      7400
 548              	.LASF3:
 549 0180 73686F72 		.ascii	"short int\000"
 549      7420696E 
 549      7400
 550              	.LASF12:
 551 018a 696E7433 		.ascii	"int32_t\000"
 551      325F7400 
 552              	.LASF23:
 553 0192 55415254 		.ascii	"UART_Blue_GetChar\000"
 553      5F426C75 
 553      655F4765 
ARM GAS  C:\Users\lenovo\AppData\Local\Temp\ccr9phlH.s 			page 13


 553      74436861 
 553      7200
 554              	.LASF9:
 555 01a4 73697A65 		.ascii	"sizetype\000"
 555      74797065 
 555      00
 556              	.LASF20:
 557 01ad 433A5C55 		.ascii	"C:\\Users\\lenovo\\Desktop\\fun\\Creative.cydsn\000"
 557      73657273 
 557      5C6C656E 
 557      6F766F5C 
 557      4465736B 
 558              		.ident	"GCC: (GNU Tools for ARM Embedded Processors) 4.9.3 20150303 (release) [ARM/embedded-4_9-br
