ARM GAS  C:\Users\dell1\AppData\Local\Temp\ccArCNFz.s 			page 1


   1              		.syntax unified
   2              		.cpu cortex-m3
   3              		.fpu softvfp
   4              		.eabi_attribute 20, 1
   5              		.eabi_attribute 21, 1
   6              		.eabi_attribute 23, 3
   7              		.eabi_attribute 24, 1
   8              		.eabi_attribute 25, 1
   9              		.eabi_attribute 26, 1
  10              		.eabi_attribute 30, 1
  11              		.eabi_attribute 34, 1
  12              		.eabi_attribute 18, 4
  13              		.thumb
  14              		.file	"ISR_1.c"
  15              		.text
  16              	.Ltext0:
  17              		.cfi_sections	.debug_frame
  18              		.comm	CNM,64,4
  19              	.Letext0:
  20              		.file 1 "f:\\psoc\\psoc creator\\3.3\\psoc creator\\import\\gnu\\arm\\4.9.3\\arm-none-eabi\\includ
  21              		.file 2 "f:\\psoc\\psoc creator\\3.3\\psoc creator\\import\\gnu\\arm\\4.9.3\\arm-none-eabi\\includ
  22              		.file 3 "Generated_Source\\PSoC5/cytypes.h"
  23              		.file 4 "Generated_Source\\PSoC5/core_cm3.h"
  24              		.file 5 ".\\ISR_1.c"
  25              		.section	.debug_info,"",%progbits
  26              	.Ldebug_info0:
  27 0000 D0000000 		.4byte	0xd0
  28 0004 0400     		.2byte	0x4
  29 0006 00000000 		.4byte	.Ldebug_abbrev0
  30 000a 04       		.byte	0x4
  31 000b 01       		.uleb128 0x1
  32 000c 67000000 		.4byte	.LASF17
  33 0010 01       		.byte	0x1
  34 0011 21000000 		.4byte	.LASF18
  35 0015 08010000 		.4byte	.LASF19
  36 0019 00000000 		.4byte	.Ldebug_line0
  37 001d 02       		.uleb128 0x2
  38 001e 04       		.byte	0x4
  39 001f 05       		.byte	0x5
  40 0020 696E7400 		.ascii	"int\000"
  41 0024 03       		.uleb128 0x3
  42 0025 04       		.byte	0x4
  43 0026 07       		.byte	0x7
  44 0027 2B000000 		.4byte	.LASF0
  45 002b 03       		.uleb128 0x3
  46 002c 01       		.byte	0x1
  47 002d 06       		.byte	0x6
  48 002e 55010000 		.4byte	.LASF1
  49 0032 03       		.uleb128 0x3
  50 0033 01       		.byte	0x1
  51 0034 08       		.byte	0x8
  52 0035 F5000000 		.4byte	.LASF2
  53 0039 03       		.uleb128 0x3
  54 003a 02       		.byte	0x2
  55 003b 05       		.byte	0x5
  56 003c 71010000 		.4byte	.LASF3
  57 0040 03       		.uleb128 0x3
ARM GAS  C:\Users\dell1\AppData\Local\Temp\ccArCNFz.s 			page 2


  58 0041 02       		.byte	0x2
  59 0042 07       		.byte	0x7
  60 0043 0E000000 		.4byte	.LASF4
  61 0047 04       		.uleb128 0x4
  62 0048 61010000 		.4byte	.LASF11
  63 004c 01       		.byte	0x1
  64 004d 3F       		.byte	0x3f
  65 004e 52000000 		.4byte	0x52
  66 0052 03       		.uleb128 0x3
  67 0053 04       		.byte	0x4
  68 0054 05       		.byte	0x5
  69 0055 38010000 		.4byte	.LASF5
  70 0059 03       		.uleb128 0x3
  71 005a 04       		.byte	0x4
  72 005b 07       		.byte	0x7
  73 005c 3E000000 		.4byte	.LASF6
  74 0060 03       		.uleb128 0x3
  75 0061 08       		.byte	0x8
  76 0062 05       		.byte	0x5
  77 0063 00000000 		.4byte	.LASF7
  78 0067 03       		.uleb128 0x3
  79 0068 08       		.byte	0x8
  80 0069 07       		.byte	0x7
  81 006a 50000000 		.4byte	.LASF8
  82 006e 03       		.uleb128 0x3
  83 006f 04       		.byte	0x4
  84 0070 07       		.byte	0x7
  85 0071 83010000 		.4byte	.LASF9
  86 0075 03       		.uleb128 0x3
  87 0076 01       		.byte	0x1
  88 0077 08       		.byte	0x8
  89 0078 03010000 		.4byte	.LASF10
  90 007c 04       		.uleb128 0x4
  91 007d 7B010000 		.4byte	.LASF12
  92 0081 02       		.byte	0x2
  93 0082 2C       		.byte	0x2c
  94 0083 47000000 		.4byte	0x47
  95 0087 05       		.uleb128 0x5
  96 0088 38000000 		.4byte	.LASF13
  97 008c 03       		.byte	0x3
  98 008d 9201     		.2byte	0x192
  99 008f 32000000 		.4byte	0x32
 100 0093 03       		.uleb128 0x3
 101 0094 04       		.byte	0x4
 102 0095 04       		.byte	0x4
 103 0096 6B010000 		.4byte	.LASF14
 104 009a 03       		.uleb128 0x3
 105 009b 08       		.byte	0x8
 106 009c 04       		.byte	0x4
 107 009d 41010000 		.4byte	.LASF15
 108 00a1 06       		.uleb128 0x6
 109 00a2 48010000 		.4byte	.LASF16
 110 00a6 04       		.byte	0x4
 111 00a7 9606     		.2byte	0x696
 112 00a9 AD000000 		.4byte	0xad
 113 00ad 07       		.uleb128 0x7
 114 00ae 7C000000 		.4byte	0x7c
ARM GAS  C:\Users\dell1\AppData\Local\Temp\ccArCNFz.s 			page 3


 115 00b2 08       		.uleb128 0x8
 116 00b3 87000000 		.4byte	0x87
 117 00b7 C2000000 		.4byte	0xc2
 118 00bb 09       		.uleb128 0x9
 119 00bc 6E000000 		.4byte	0x6e
 120 00c0 3F       		.byte	0x3f
 121 00c1 00       		.byte	0
 122 00c2 0A       		.uleb128 0xa
 123 00c3 434E4D00 		.ascii	"CNM\000"
 124 00c7 05       		.byte	0x5
 125 00c8 2C       		.byte	0x2c
 126 00c9 B2000000 		.4byte	0xb2
 127 00cd 05       		.uleb128 0x5
 128 00ce 03       		.byte	0x3
 129 00cf 00000000 		.4byte	CNM
 130 00d3 00       		.byte	0
 131              		.section	.debug_abbrev,"",%progbits
 132              	.Ldebug_abbrev0:
 133 0000 01       		.uleb128 0x1
 134 0001 11       		.uleb128 0x11
 135 0002 01       		.byte	0x1
 136 0003 25       		.uleb128 0x25
 137 0004 0E       		.uleb128 0xe
 138 0005 13       		.uleb128 0x13
 139 0006 0B       		.uleb128 0xb
 140 0007 03       		.uleb128 0x3
 141 0008 0E       		.uleb128 0xe
 142 0009 1B       		.uleb128 0x1b
 143 000a 0E       		.uleb128 0xe
 144 000b 10       		.uleb128 0x10
 145 000c 17       		.uleb128 0x17
 146 000d 00       		.byte	0
 147 000e 00       		.byte	0
 148 000f 02       		.uleb128 0x2
 149 0010 24       		.uleb128 0x24
 150 0011 00       		.byte	0
 151 0012 0B       		.uleb128 0xb
 152 0013 0B       		.uleb128 0xb
 153 0014 3E       		.uleb128 0x3e
 154 0015 0B       		.uleb128 0xb
 155 0016 03       		.uleb128 0x3
 156 0017 08       		.uleb128 0x8
 157 0018 00       		.byte	0
 158 0019 00       		.byte	0
 159 001a 03       		.uleb128 0x3
 160 001b 24       		.uleb128 0x24
 161 001c 00       		.byte	0
 162 001d 0B       		.uleb128 0xb
 163 001e 0B       		.uleb128 0xb
 164 001f 3E       		.uleb128 0x3e
 165 0020 0B       		.uleb128 0xb
 166 0021 03       		.uleb128 0x3
 167 0022 0E       		.uleb128 0xe
 168 0023 00       		.byte	0
 169 0024 00       		.byte	0
 170 0025 04       		.uleb128 0x4
 171 0026 16       		.uleb128 0x16
ARM GAS  C:\Users\dell1\AppData\Local\Temp\ccArCNFz.s 			page 4


 172 0027 00       		.byte	0
 173 0028 03       		.uleb128 0x3
 174 0029 0E       		.uleb128 0xe
 175 002a 3A       		.uleb128 0x3a
 176 002b 0B       		.uleb128 0xb
 177 002c 3B       		.uleb128 0x3b
 178 002d 0B       		.uleb128 0xb
 179 002e 49       		.uleb128 0x49
 180 002f 13       		.uleb128 0x13
 181 0030 00       		.byte	0
 182 0031 00       		.byte	0
 183 0032 05       		.uleb128 0x5
 184 0033 16       		.uleb128 0x16
 185 0034 00       		.byte	0
 186 0035 03       		.uleb128 0x3
 187 0036 0E       		.uleb128 0xe
 188 0037 3A       		.uleb128 0x3a
 189 0038 0B       		.uleb128 0xb
 190 0039 3B       		.uleb128 0x3b
 191 003a 05       		.uleb128 0x5
 192 003b 49       		.uleb128 0x49
 193 003c 13       		.uleb128 0x13
 194 003d 00       		.byte	0
 195 003e 00       		.byte	0
 196 003f 06       		.uleb128 0x6
 197 0040 34       		.uleb128 0x34
 198 0041 00       		.byte	0
 199 0042 03       		.uleb128 0x3
 200 0043 0E       		.uleb128 0xe
 201 0044 3A       		.uleb128 0x3a
 202 0045 0B       		.uleb128 0xb
 203 0046 3B       		.uleb128 0x3b
 204 0047 05       		.uleb128 0x5
 205 0048 49       		.uleb128 0x49
 206 0049 13       		.uleb128 0x13
 207 004a 3F       		.uleb128 0x3f
 208 004b 19       		.uleb128 0x19
 209 004c 3C       		.uleb128 0x3c
 210 004d 19       		.uleb128 0x19
 211 004e 00       		.byte	0
 212 004f 00       		.byte	0
 213 0050 07       		.uleb128 0x7
 214 0051 35       		.uleb128 0x35
 215 0052 00       		.byte	0
 216 0053 49       		.uleb128 0x49
 217 0054 13       		.uleb128 0x13
 218 0055 00       		.byte	0
 219 0056 00       		.byte	0
 220 0057 08       		.uleb128 0x8
 221 0058 01       		.uleb128 0x1
 222 0059 01       		.byte	0x1
 223 005a 49       		.uleb128 0x49
 224 005b 13       		.uleb128 0x13
 225 005c 01       		.uleb128 0x1
 226 005d 13       		.uleb128 0x13
 227 005e 00       		.byte	0
 228 005f 00       		.byte	0
ARM GAS  C:\Users\dell1\AppData\Local\Temp\ccArCNFz.s 			page 5


 229 0060 09       		.uleb128 0x9
 230 0061 21       		.uleb128 0x21
 231 0062 00       		.byte	0
 232 0063 49       		.uleb128 0x49
 233 0064 13       		.uleb128 0x13
 234 0065 2F       		.uleb128 0x2f
 235 0066 0B       		.uleb128 0xb
 236 0067 00       		.byte	0
 237 0068 00       		.byte	0
 238 0069 0A       		.uleb128 0xa
 239 006a 34       		.uleb128 0x34
 240 006b 00       		.byte	0
 241 006c 03       		.uleb128 0x3
 242 006d 08       		.uleb128 0x8
 243 006e 3A       		.uleb128 0x3a
 244 006f 0B       		.uleb128 0xb
 245 0070 3B       		.uleb128 0x3b
 246 0071 0B       		.uleb128 0xb
 247 0072 49       		.uleb128 0x49
 248 0073 13       		.uleb128 0x13
 249 0074 3F       		.uleb128 0x3f
 250 0075 19       		.uleb128 0x19
 251 0076 02       		.uleb128 0x2
 252 0077 18       		.uleb128 0x18
 253 0078 00       		.byte	0
 254 0079 00       		.byte	0
 255 007a 00       		.byte	0
 256              		.section	.debug_aranges,"",%progbits
 257 0000 14000000 		.4byte	0x14
 258 0004 0200     		.2byte	0x2
 259 0006 00000000 		.4byte	.Ldebug_info0
 260 000a 04       		.byte	0x4
 261 000b 00       		.byte	0
 262 000c 0000     		.2byte	0
 263 000e 0000     		.2byte	0
 264 0010 00000000 		.4byte	0
 265 0014 00000000 		.4byte	0
 266              		.section	.debug_line,"",%progbits
 267              	.Ldebug_line0:
 268 0000 22010000 		.section	.debug_str,"MS",%progbits,1
 268      02001C01 
 268      00000201 
 268      FB0E0D00 
 268      01010101 
 269              	.LASF7:
 270 0000 6C6F6E67 		.ascii	"long long int\000"
 270      206C6F6E 
 270      6720696E 
 270      7400
 271              	.LASF4:
 272 000e 73686F72 		.ascii	"short unsigned int\000"
 272      7420756E 
 272      7369676E 
 272      65642069 
 272      6E7400
 273              	.LASF18:
 274 0021 2E5C4953 		.ascii	".\\ISR_1.c\000"
ARM GAS  C:\Users\dell1\AppData\Local\Temp\ccArCNFz.s 			page 6


 274      525F312E 
 274      6300
 275              	.LASF0:
 276 002b 756E7369 		.ascii	"unsigned int\000"
 276      676E6564 
 276      20696E74 
 276      00
 277              	.LASF13:
 278 0038 75696E74 		.ascii	"uint8\000"
 278      3800
 279              	.LASF6:
 280 003e 6C6F6E67 		.ascii	"long unsigned int\000"
 280      20756E73 
 280      69676E65 
 280      6420696E 
 280      7400
 281              	.LASF8:
 282 0050 6C6F6E67 		.ascii	"long long unsigned int\000"
 282      206C6F6E 
 282      6720756E 
 282      7369676E 
 282      65642069 
 283              	.LASF17:
 284 0067 474E5520 		.ascii	"GNU C 4.9.3 20150303 (release) [ARM/embedded-4_9-br"
 284      4320342E 
 284      392E3320 
 284      32303135 
 284      30333033 
 285 009a 616E6368 		.ascii	"anch revision 221220] -mcpu=cortex-m3 -mthumb -g -O"
 285      20726576 
 285      6973696F 
 285      6E203232 
 285      31323230 
 286 00cd 67202D66 		.ascii	"g -ffunction-sections -ffat-lto-objects\000"
 286      66756E63 
 286      74696F6E 
 286      2D736563 
 286      74696F6E 
 287              	.LASF2:
 288 00f5 756E7369 		.ascii	"unsigned char\000"
 288      676E6564 
 288      20636861 
 288      7200
 289              	.LASF10:
 290 0103 63686172 		.ascii	"char\000"
 290      00
 291              	.LASF19:
 292 0108 433A5C55 		.ascii	"C:\\Users\\dell1\\Desktop\\final_ccc\\Creative.cyds"
 292      73657273 
 292      5C64656C 
 292      6C315C44 
 292      65736B74 
 293 0136 6E00     		.ascii	"n\000"
 294              	.LASF5:
 295 0138 6C6F6E67 		.ascii	"long int\000"
 295      20696E74 
 295      00
ARM GAS  C:\Users\dell1\AppData\Local\Temp\ccArCNFz.s 			page 7


 296              	.LASF15:
 297 0141 646F7562 		.ascii	"double\000"
 297      6C6500
 298              	.LASF16:
 299 0148 49544D5F 		.ascii	"ITM_RxBuffer\000"
 299      52784275 
 299      66666572 
 299      00
 300              	.LASF1:
 301 0155 7369676E 		.ascii	"signed char\000"
 301      65642063 
 301      68617200 
 302              	.LASF11:
 303 0161 5F5F696E 		.ascii	"__int32_t\000"
 303      7433325F 
 303      7400
 304              	.LASF14:
 305 016b 666C6F61 		.ascii	"float\000"
 305      7400
 306              	.LASF3:
 307 0171 73686F72 		.ascii	"short int\000"
 307      7420696E 
 307      7400
 308              	.LASF12:
 309 017b 696E7433 		.ascii	"int32_t\000"
 309      325F7400 
 310              	.LASF9:
 311 0183 73697A65 		.ascii	"sizetype\000"
 311      74797065 
 311      00
 312              		.ident	"GCC: (GNU Tools for ARM Embedded Processors) 4.9.3 20150303 (release) [ARM/embedded-4_9-br
