ARM GAS  C:\Users\dell1\AppData\Local\Temp\ccuWWypk.s 			page 1


   1              		.syntax unified
   2              		.cpu cortex-m3
   3              		.fpu softvfp
   4              		.eabi_attribute 20, 1
   5              		.eabi_attribute 21, 1
   6              		.eabi_attribute 23, 3
   7              		.eabi_attribute 24, 1
   8              		.eabi_attribute 25, 1
   9              		.eabi_attribute 26, 1
  10              		.eabi_attribute 30, 1
  11              		.eabi_attribute 34, 1
  12              		.eabi_attribute 18, 4
  13              		.thumb
  14              		.file	"ISR_BLUE.c"
  15              		.text
  16              	.Ltext0:
  17              		.cfi_sections	.debug_frame
  18              		.section	.text.isr_rx_Interrupt,"ax",%progbits
  19              		.align	2
  20              		.global	isr_rx_Interrupt
  21              		.thumb
  22              		.thumb_func
  23              		.type	isr_rx_Interrupt, %function
  24              	isr_rx_Interrupt:
  25              	.LFB63:
  26              		.file 1 ".\\ISR_BLUE.c"
   1:.\ISR_BLUE.c  **** /* ========================================
   2:.\ISR_BLUE.c  ****  *
   3:.\ISR_BLUE.c  ****  * Copyright YOUR COMPANY, THE YEAR
   4:.\ISR_BLUE.c  ****  * All Rights Reserved
   5:.\ISR_BLUE.c  ****  * UNPUBLISHED, LICENSED SOFTWARE.
   6:.\ISR_BLUE.c  ****  *
   7:.\ISR_BLUE.c  ****  * CONFIDENTIAL AND PROPRIETARY INFORMATION
   8:.\ISR_BLUE.c  ****  * WHICH IS THE PROPERTY OF your company.
   9:.\ISR_BLUE.c  ****  *
  10:.\ISR_BLUE.c  ****  * ========================================
  11:.\ISR_BLUE.c  **** */
  12:.\ISR_BLUE.c  **** 
  13:.\ISR_BLUE.c  **** /* [] END OF FILE */
  14:.\ISR_BLUE.c  **** #include <cydevice_trm.h>
  15:.\ISR_BLUE.c  **** #include <CyLib.h>
  16:.\ISR_BLUE.c  **** #include <isr_rx.h>
  17:.\ISR_BLUE.c  **** #include "cyapicallbacks.h"
  18:.\ISR_BLUE.c  **** #include <project.h>
  19:.\ISR_BLUE.c  **** 
  20:.\ISR_BLUE.c  **** 
  21:.\ISR_BLUE.c  **** extern int bufIdx;
  22:.\ISR_BLUE.c  **** extern char buffer[100];
  23:.\ISR_BLUE.c  **** extern char bufferchar[100];
  24:.\ISR_BLUE.c  **** extern int bufferchar_len;
  25:.\ISR_BLUE.c  **** extern int state_onoff;// 0 off, 1 on
  26:.\ISR_BLUE.c  **** extern char temp;
  27:.\ISR_BLUE.c  **** extern uint8 blue_char;
  28:.\ISR_BLUE.c  **** extern uint8 ccnm_temp;
  29:.\ISR_BLUE.c  **** //PSoc向Robot的指令
  30:.\ISR_BLUE.c  **** extern uint8 Cmd2Robot[64];
  31:.\ISR_BLUE.c  **** extern uint8 AnsFromRobot[64];
ARM GAS  C:\Users\dell1\AppData\Local\Temp\ccuWWypk.s 			page 2


  32:.\ISR_BLUE.c  **** extern unsigned short ID_read;
  33:.\ISR_BLUE.c  **** extern unsigned short Len_read;
  34:.\ISR_BLUE.c  **** extern unsigned short Blue_len_read;
  35:.\ISR_BLUE.c  **** 
  36:.\ISR_BLUE.c  **** extern void limit_ccw(char id, char angle);
  37:.\ISR_BLUE.c  **** extern void limit_cw(char id, char angle);
  38:.\ISR_BLUE.c  **** extern void motion(char id, int angle, int speed);
  39:.\ISR_BLUE.c  **** extern void read_current_position(uint8 id);
  40:.\ISR_BLUE.c  **** extern void read_current_v(uint8 id);
  41:.\ISR_BLUE.c  **** extern void get_blue_rx();
  42:.\ISR_BLUE.c  **** 
  43:.\ISR_BLUE.c  **** #ifndef CYINT_IRQ_BASE
  44:.\ISR_BLUE.c  **** #define CYINT_IRQ_BASE      16
  45:.\ISR_BLUE.c  **** #endif /* CYINT_IRQ_BASE */
  46:.\ISR_BLUE.c  **** #ifndef CYINT_VECT_TABLE
  47:.\ISR_BLUE.c  **** #define CYINT_VECT_TABLE    ((cyisraddress **) CYREG_NVIC_VECT_OFFSET)
  48:.\ISR_BLUE.c  **** #endif /* CYINT_VECT_TABLE */
  49:.\ISR_BLUE.c  **** 
  50:.\ISR_BLUE.c  **** /* Declared in startup, used to set unused interrupts to. */
  51:.\ISR_BLUE.c  **** CY_ISR_PROTO(IntDefaultHandler);
  52:.\ISR_BLUE.c  **** 
  53:.\ISR_BLUE.c  **** 
  54:.\ISR_BLUE.c  **** CY_ISR(isr_rx_Interrupt)
  55:.\ISR_BLUE.c  **** {
  27              		.loc 1 55 0
  28              		.cfi_startproc
  29              		@ args = 0, pretend = 0, frame = 64
  30              		@ frame_needed = 0, uses_anonymous_args = 0
  56:.\ISR_BLUE.c  ****     #ifdef isr_rx_INTERRUPT_INTERRUPT_CALLBACK
  57:.\ISR_BLUE.c  ****         isr_rx_Interrupt_InterruptCallback();
  58:.\ISR_BLUE.c  ****     #endif /* isr_rx_INTERRUPT_INTERRUPT_CALLBACK */ 
  59:.\ISR_BLUE.c  **** 
  60:.\ISR_BLUE.c  ****     /*  Place your Interrupt code here. */
  61:.\ISR_BLUE.c  ****     /* `#START isr_rx_Interrupt` */
  62:.\ISR_BLUE.c  ****     
  63:.\ISR_BLUE.c  ****     uint8 comm_from_rx[64];
  64:.\ISR_BLUE.c  ****     bufferchar_len = 0;
  31              		.loc 1 64 0
  32 0000 0023     		movs	r3, #0
  33 0002 114A     		ldr	r2, .L7
  34 0004 1360     		str	r3, [r2]
  35              	.LVL0:
  65:.\ISR_BLUE.c  ****     char8 str[100];
  66:.\ISR_BLUE.c  ****     int len = 0;
  67:.\ISR_BLUE.c  ****     int i = 0;
  68:.\ISR_BLUE.c  ****     for(;i<100;i++) str[i] = 0;
  36              		.loc 1 68 0
  37 0006 00E0     		b	.L2
  38              	.LVL1:
  39              	.L3:
  40              		.loc 1 68 0 is_stmt 0 discriminator 2
  41 0008 0133     		adds	r3, r3, #1
  42              	.LVL2:
  43              	.L2:
  44              		.loc 1 68 0 discriminator 1
  45 000a 632B     		cmp	r3, #99
  46 000c FCDD     		ble	.L3
ARM GAS  C:\Users\dell1\AppData\Local\Temp\ccuWWypk.s 			page 3


  55:.\ISR_BLUE.c  ****     #ifdef isr_rx_INTERRUPT_INTERRUPT_CALLBACK
  47              		.loc 1 55 0 is_stmt 1
  48 000e 00B5     		push	{lr}
  49              		.cfi_def_cfa_offset 4
  50              		.cfi_offset 14, -4
  51 0010 91B0     		sub	sp, sp, #68
  52              		.cfi_def_cfa_offset 72
  69:.\ISR_BLUE.c  ****     
  70:.\ISR_BLUE.c  ****     Blue_len_read = 0;
  53              		.loc 1 70 0
  54 0012 0022     		movs	r2, #0
  55 0014 0D4B     		ldr	r3, .L7+4
  56              	.LVL3:
  57 0016 1A80     		strh	r2, [r3]	@ movhi
  71:.\ISR_BLUE.c  ****     
  72:.\ISR_BLUE.c  ****     while(UART_Blue_ReadRxStatus() == UART_Blue_RX_STS_FIFO_NOTEMPTY) 
  58              		.loc 1 72 0
  59 0018 09E0     		b	.L4
  60              	.L5:
  61              	.LBB2:
  73:.\ISR_BLUE.c  ****     {
  74:.\ISR_BLUE.c  ****         char a;
  75:.\ISR_BLUE.c  ****         //buffer[bufIdx++] = UART_Blue_GetChar();
  76:.\ISR_BLUE.c  ****         //a = buffer[bufIdx - 1];
  77:.\ISR_BLUE.c  ****         //if(bufIdx == 100) bufIdx = 0;
  78:.\ISR_BLUE.c  ****         
  79:.\ISR_BLUE.c  ****         
  80:.\ISR_BLUE.c  ****         a = UART_Blue_GetChar();
  62              		.loc 1 80 0
  63 001a FFF7FEFF 		bl	UART_Blue_GetChar
  64              	.LVL4:
  81:.\ISR_BLUE.c  ****         comm_from_rx[Blue_len_read] = a;  
  65              		.loc 1 81 0
  66 001e 0B4A     		ldr	r2, .L7+4
  67 0020 1388     		ldrh	r3, [r2]
  68 0022 10A9     		add	r1, sp, #64
  69 0024 1944     		add	r1, r1, r3
  70 0026 01F8400C 		strb	r0, [r1, #-64]
  82:.\ISR_BLUE.c  ****         Blue_len_read ++;
  71              		.loc 1 82 0
  72 002a 0133     		adds	r3, r3, #1
  73 002c 1380     		strh	r3, [r2]	@ movhi
  74              	.LVL5:
  75              	.L4:
  76              	.LBE2:
  72:.\ISR_BLUE.c  ****     {
  77              		.loc 1 72 0
  78 002e FFF7FEFF 		bl	UART_Blue_ReadRxStatus
  79              	.LVL6:
  80 0032 2028     		cmp	r0, #32
  81 0034 F1D0     		beq	.L5
  83:.\ISR_BLUE.c  ****         
  84:.\ISR_BLUE.c  ****         //UART_Blue_PutChar(a);
  85:.\ISR_BLUE.c  ****        /* if(a)
  86:.\ISR_BLUE.c  ****         {
  87:.\ISR_BLUE.c  ****         str[len] = a;
  88:.\ISR_BLUE.c  ****         len++;
ARM GAS  C:\Users\dell1\AppData\Local\Temp\ccuWWypk.s 			page 4


  89:.\ISR_BLUE.c  ****         switch(a)
  90:.\ISR_BLUE.c  ****         {
  91:.\ISR_BLUE.c  ****             case 'p':
  92:.\ISR_BLUE.c  ****             {
  93:.\ISR_BLUE.c  ****                 if(state_onoff == 0)
  94:.\ISR_BLUE.c  ****                 {
  95:.\ISR_BLUE.c  ****                    state_onoff = 1;
  96:.\ISR_BLUE.c  ****                     temp = 'n';
  97:.\ISR_BLUE.c  ****                 }
  98:.\ISR_BLUE.c  ****                 else
  99:.\ISR_BLUE.c  ****                 {
 100:.\ISR_BLUE.c  ****                    state_onoff = 0; 
 101:.\ISR_BLUE.c  ****                     temp = 'f';
 102:.\ISR_BLUE.c  ****                 }
 103:.\ISR_BLUE.c  ****                 break;   
 104:.\ISR_BLUE.c  ****             }
 105:.\ISR_BLUE.c  ****             case 'm':
 106:.\ISR_BLUE.c  ****                 motion(0, 0x1FF, 0x1FF);
 107:.\ISR_BLUE.c  **** 
 108:.\ISR_BLUE.c  ****                 break;
 109:.\ISR_BLUE.c  ****             case 'b':
 110:.\ISR_BLUE.c  ****                 motion(0, 0x0, 0x1FF);
 111:.\ISR_BLUE.c  ****                 break;
 112:.\ISR_BLUE.c  ****             case 'r':
 113:.\ISR_BLUE.c  ****                 read_current_position(0);
 114:.\ISR_BLUE.c  ****                 break;
 115:.\ISR_BLUE.c  ****             default:break;
 116:.\ISR_BLUE.c  ****         }
 117:.\ISR_BLUE.c  ****         
 118:.\ISR_BLUE.c  ****         }*/
 119:.\ISR_BLUE.c  ****         
 120:.\ISR_BLUE.c  ****         
 121:.\ISR_BLUE.c  ****     }
 122:.\ISR_BLUE.c  ****             ccnm_temp = comm_from_rx[0];
  82              		.loc 1 122 0
  83 0036 9DF80020 		ldrb	r2, [sp]	@ zero_extendqisi2
  84 003a 054B     		ldr	r3, .L7+8
  85 003c 1A70     		strb	r2, [r3]
 123:.\ISR_BLUE.c  ****       //  UART_Blue_PutArray(comm_from_rx,4);
 124:.\ISR_BLUE.c  ****             get_blue_rx();
  86              		.loc 1 124 0
  87 003e FFF7FEFF 		bl	get_blue_rx
  88              	.LVL7:
 125:.\ISR_BLUE.c  ****     
 126:.\ISR_BLUE.c  **** }
  89              		.loc 1 126 0
  90 0042 11B0     		add	sp, sp, #68
  91              		.cfi_def_cfa_offset 4
  92              		@ sp needed
  93 0044 5DF804FB 		ldr	pc, [sp], #4
  94              	.L8:
  95              		.align	2
  96              	.L7:
  97 0048 00000000 		.word	bufferchar_len
  98 004c 00000000 		.word	Blue_len_read
  99 0050 00000000 		.word	ccnm_temp
 100              		.cfi_endproc
ARM GAS  C:\Users\dell1\AppData\Local\Temp\ccuWWypk.s 			page 5


 101              	.LFE63:
 102              		.size	isr_rx_Interrupt, .-isr_rx_Interrupt
 103              		.text
 104              	.Letext0:
 105              		.file 2 "f:\\psoc\\psoc creator\\3.3\\psoc creator\\import\\gnu\\arm\\4.9.3\\arm-none-eabi\\includ
 106              		.file 3 "f:\\psoc\\psoc creator\\3.3\\psoc creator\\import\\gnu\\arm\\4.9.3\\arm-none-eabi\\includ
 107              		.file 4 "Generated_Source\\PSoC5/cytypes.h"
 108              		.file 5 "Generated_Source\\PSoC5/core_cm3.h"
 109              		.file 6 "Generated_Source\\PSoC5/UART_Blue.h"
 110              		.section	.debug_info,"",%progbits
 111              	.Ldebug_info0:
 112 0000 A2010000 		.4byte	0x1a2
 113 0004 0400     		.2byte	0x4
 114 0006 00000000 		.4byte	.Ldebug_abbrev0
 115 000a 04       		.byte	0x4
 116 000b 01       		.uleb128 0x1
 117 000c 07010000 		.4byte	.LASF24
 118 0010 01       		.byte	0x1
 119 0011 B9010000 		.4byte	.LASF25
 120 0015 00000000 		.4byte	.LASF26
 121 0019 00000000 		.4byte	.Ldebug_ranges0+0
 122 001d 00000000 		.4byte	0
 123 0021 00000000 		.4byte	.Ldebug_line0
 124 0025 02       		.uleb128 0x2
 125 0026 04       		.byte	0x4
 126 0027 05       		.byte	0x5
 127 0028 696E7400 		.ascii	"int\000"
 128 002c 03       		.uleb128 0x3
 129 002d 04       		.byte	0x4
 130 002e 07       		.byte	0x7
 131 002f 95010000 		.4byte	.LASF0
 132 0033 03       		.uleb128 0x3
 133 0034 01       		.byte	0x1
 134 0035 06       		.byte	0x6
 135 0036 03020000 		.4byte	.LASF1
 136 003a 03       		.uleb128 0x3
 137 003b 01       		.byte	0x1
 138 003c 08       		.byte	0x8
 139 003d A6000000 		.4byte	.LASF2
 140 0041 03       		.uleb128 0x3
 141 0042 02       		.byte	0x2
 142 0043 05       		.byte	0x5
 143 0044 EA010000 		.4byte	.LASF3
 144 0048 03       		.uleb128 0x3
 145 0049 02       		.byte	0x2
 146 004a 07       		.byte	0x7
 147 004b 3A000000 		.4byte	.LASF4
 148 004f 04       		.uleb128 0x4
 149 0050 30000000 		.4byte	.LASF11
 150 0054 02       		.byte	0x2
 151 0055 3F       		.byte	0x3f
 152 0056 5A000000 		.4byte	0x5a
 153 005a 03       		.uleb128 0x3
 154 005b 04       		.byte	0x4
 155 005c 05       		.byte	0x5
 156 005d FA010000 		.4byte	.LASF5
 157 0061 03       		.uleb128 0x3
ARM GAS  C:\Users\dell1\AppData\Local\Temp\ccuWWypk.s 			page 6


 158 0062 04       		.byte	0x4
 159 0063 07       		.byte	0x7
 160 0064 BA000000 		.4byte	.LASF6
 161 0068 03       		.uleb128 0x3
 162 0069 08       		.byte	0x8
 163 006a 05       		.byte	0x5
 164 006b D7010000 		.4byte	.LASF7
 165 006f 03       		.uleb128 0x3
 166 0070 08       		.byte	0x8
 167 0071 07       		.byte	0x7
 168 0072 A2010000 		.4byte	.LASF8
 169 0076 03       		.uleb128 0x3
 170 0077 04       		.byte	0x4
 171 0078 07       		.byte	0x7
 172 0079 CE010000 		.4byte	.LASF9
 173 007d 03       		.uleb128 0x3
 174 007e 01       		.byte	0x1
 175 007f 08       		.byte	0x8
 176 0080 E5010000 		.4byte	.LASF10
 177 0084 04       		.uleb128 0x4
 178 0085 C6010000 		.4byte	.LASF12
 179 0089 03       		.byte	0x3
 180 008a 2C       		.byte	0x2c
 181 008b 4F000000 		.4byte	0x4f
 182 008f 05       		.uleb128 0x5
 183 0090 F4010000 		.4byte	.LASF13
 184 0094 04       		.byte	0x4
 185 0095 9201     		.2byte	0x192
 186 0097 3A000000 		.4byte	0x3a
 187 009b 03       		.uleb128 0x3
 188 009c 04       		.byte	0x4
 189 009d 04       		.byte	0x4
 190 009e 8E000000 		.4byte	.LASF14
 191 00a2 03       		.uleb128 0x3
 192 00a3 08       		.byte	0x8
 193 00a4 04       		.byte	0x4
 194 00a5 00010000 		.4byte	.LASF15
 195 00a9 05       		.uleb128 0x5
 196 00aa B4000000 		.4byte	.LASF16
 197 00ae 04       		.byte	0x4
 198 00af A301     		.2byte	0x1a3
 199 00b1 7D000000 		.4byte	0x7d
 200 00b5 06       		.uleb128 0x6
 201 00b6 5A000000 		.4byte	.LASF27
 202 00ba 01       		.byte	0x1
 203 00bb 36       		.byte	0x36
 204 00bc 00000000 		.4byte	.LFB63
 205 00c0 54000000 		.4byte	.LFE63-.LFB63
 206 00c4 01       		.uleb128 0x1
 207 00c5 9C       		.byte	0x9c
 208 00c6 34010000 		.4byte	0x134
 209 00ca 07       		.uleb128 0x7
 210 00cb 4D000000 		.4byte	.LASF17
 211 00cf 01       		.byte	0x1
 212 00d0 3F       		.byte	0x3f
 213 00d1 34010000 		.4byte	0x134
 214 00d5 03       		.uleb128 0x3
ARM GAS  C:\Users\dell1\AppData\Local\Temp\ccuWWypk.s 			page 7


 215 00d6 91       		.byte	0x91
 216 00d7 B87F     		.sleb128 -72
 217 00d9 08       		.uleb128 0x8
 218 00da 73747200 		.ascii	"str\000"
 219 00de 01       		.byte	0x1
 220 00df 41       		.byte	0x41
 221 00e0 44010000 		.4byte	0x144
 222 00e4 09       		.uleb128 0x9
 223 00e5 6C656E00 		.ascii	"len\000"
 224 00e9 01       		.byte	0x1
 225 00ea 42       		.byte	0x42
 226 00eb 25000000 		.4byte	0x25
 227 00ef 00       		.byte	0
 228 00f0 0A       		.uleb128 0xa
 229 00f1 6900     		.ascii	"i\000"
 230 00f3 01       		.byte	0x1
 231 00f4 43       		.byte	0x43
 232 00f5 25000000 		.4byte	0x25
 233 00f9 00000000 		.4byte	.LLST0
 234 00fd 0B       		.uleb128 0xb
 235 00fe 1A000000 		.4byte	.LBB2
 236 0102 14000000 		.4byte	.LBE2-.LBB2
 237 0106 21010000 		.4byte	0x121
 238 010a 0A       		.uleb128 0xa
 239 010b 6100     		.ascii	"a\000"
 240 010d 01       		.byte	0x1
 241 010e 4A       		.byte	0x4a
 242 010f 7D000000 		.4byte	0x7d
 243 0113 1F000000 		.4byte	.LLST1
 244 0117 0C       		.uleb128 0xc
 245 0118 1E000000 		.4byte	.LVL4
 246 011c 86010000 		.4byte	0x186
 247 0120 00       		.byte	0
 248 0121 0C       		.uleb128 0xc
 249 0122 32000000 		.4byte	.LVL6
 250 0126 91010000 		.4byte	0x191
 251 012a 0C       		.uleb128 0xc
 252 012b 42000000 		.4byte	.LVL7
 253 012f 9C010000 		.4byte	0x19c
 254 0133 00       		.byte	0
 255 0134 0D       		.uleb128 0xd
 256 0135 8F000000 		.4byte	0x8f
 257 0139 44010000 		.4byte	0x144
 258 013d 0E       		.uleb128 0xe
 259 013e 76000000 		.4byte	0x76
 260 0142 3F       		.byte	0x3f
 261 0143 00       		.byte	0
 262 0144 0D       		.uleb128 0xd
 263 0145 A9000000 		.4byte	0xa9
 264 0149 54010000 		.4byte	0x154
 265 014d 0E       		.uleb128 0xe
 266 014e 76000000 		.4byte	0x76
 267 0152 63       		.byte	0x63
 268 0153 00       		.byte	0
 269 0154 0F       		.uleb128 0xf
 270 0155 DB000000 		.4byte	.LASF18
 271 0159 05       		.byte	0x5
ARM GAS  C:\Users\dell1\AppData\Local\Temp\ccuWWypk.s 			page 8


 272 015a 9606     		.2byte	0x696
 273 015c 60010000 		.4byte	0x160
 274 0160 10       		.uleb128 0x10
 275 0161 84000000 		.4byte	0x84
 276 0165 11       		.uleb128 0x11
 277 0166 CC000000 		.4byte	.LASF19
 278 016a 01       		.byte	0x1
 279 016b 18       		.byte	0x18
 280 016c 25000000 		.4byte	0x25
 281 0170 11       		.uleb128 0x11
 282 0171 E8000000 		.4byte	.LASF20
 283 0175 01       		.byte	0x1
 284 0176 1C       		.byte	0x1c
 285 0177 8F000000 		.4byte	0x8f
 286 017b 11       		.uleb128 0x11
 287 017c F2000000 		.4byte	.LASF21
 288 0180 01       		.byte	0x1
 289 0181 22       		.byte	0x22
 290 0182 48000000 		.4byte	0x48
 291 0186 12       		.uleb128 0x12
 292 0187 94000000 		.4byte	.LASF22
 293 018b 06       		.byte	0x6
 294 018c 71       		.byte	0x71
 295 018d 8F000000 		.4byte	0x8f
 296 0191 12       		.uleb128 0x12
 297 0192 77000000 		.4byte	.LASF23
 298 0196 06       		.byte	0x6
 299 0197 70       		.byte	0x70
 300 0198 8F000000 		.4byte	0x8f
 301 019c 13       		.uleb128 0x13
 302 019d 6B000000 		.4byte	.LASF28
 303 01a1 01       		.byte	0x1
 304 01a2 29       		.byte	0x29
 305 01a3 14       		.uleb128 0x14
 306 01a4 00       		.byte	0
 307 01a5 00       		.byte	0
 308              		.section	.debug_abbrev,"",%progbits
 309              	.Ldebug_abbrev0:
 310 0000 01       		.uleb128 0x1
 311 0001 11       		.uleb128 0x11
 312 0002 01       		.byte	0x1
 313 0003 25       		.uleb128 0x25
 314 0004 0E       		.uleb128 0xe
 315 0005 13       		.uleb128 0x13
 316 0006 0B       		.uleb128 0xb
 317 0007 03       		.uleb128 0x3
 318 0008 0E       		.uleb128 0xe
 319 0009 1B       		.uleb128 0x1b
 320 000a 0E       		.uleb128 0xe
 321 000b 55       		.uleb128 0x55
 322 000c 17       		.uleb128 0x17
 323 000d 11       		.uleb128 0x11
 324 000e 01       		.uleb128 0x1
 325 000f 10       		.uleb128 0x10
 326 0010 17       		.uleb128 0x17
 327 0011 00       		.byte	0
 328 0012 00       		.byte	0
ARM GAS  C:\Users\dell1\AppData\Local\Temp\ccuWWypk.s 			page 9


 329 0013 02       		.uleb128 0x2
 330 0014 24       		.uleb128 0x24
 331 0015 00       		.byte	0
 332 0016 0B       		.uleb128 0xb
 333 0017 0B       		.uleb128 0xb
 334 0018 3E       		.uleb128 0x3e
 335 0019 0B       		.uleb128 0xb
 336 001a 03       		.uleb128 0x3
 337 001b 08       		.uleb128 0x8
 338 001c 00       		.byte	0
 339 001d 00       		.byte	0
 340 001e 03       		.uleb128 0x3
 341 001f 24       		.uleb128 0x24
 342 0020 00       		.byte	0
 343 0021 0B       		.uleb128 0xb
 344 0022 0B       		.uleb128 0xb
 345 0023 3E       		.uleb128 0x3e
 346 0024 0B       		.uleb128 0xb
 347 0025 03       		.uleb128 0x3
 348 0026 0E       		.uleb128 0xe
 349 0027 00       		.byte	0
 350 0028 00       		.byte	0
 351 0029 04       		.uleb128 0x4
 352 002a 16       		.uleb128 0x16
 353 002b 00       		.byte	0
 354 002c 03       		.uleb128 0x3
 355 002d 0E       		.uleb128 0xe
 356 002e 3A       		.uleb128 0x3a
 357 002f 0B       		.uleb128 0xb
 358 0030 3B       		.uleb128 0x3b
 359 0031 0B       		.uleb128 0xb
 360 0032 49       		.uleb128 0x49
 361 0033 13       		.uleb128 0x13
 362 0034 00       		.byte	0
 363 0035 00       		.byte	0
 364 0036 05       		.uleb128 0x5
 365 0037 16       		.uleb128 0x16
 366 0038 00       		.byte	0
 367 0039 03       		.uleb128 0x3
 368 003a 0E       		.uleb128 0xe
 369 003b 3A       		.uleb128 0x3a
 370 003c 0B       		.uleb128 0xb
 371 003d 3B       		.uleb128 0x3b
 372 003e 05       		.uleb128 0x5
 373 003f 49       		.uleb128 0x49
 374 0040 13       		.uleb128 0x13
 375 0041 00       		.byte	0
 376 0042 00       		.byte	0
 377 0043 06       		.uleb128 0x6
 378 0044 2E       		.uleb128 0x2e
 379 0045 01       		.byte	0x1
 380 0046 3F       		.uleb128 0x3f
 381 0047 19       		.uleb128 0x19
 382 0048 03       		.uleb128 0x3
 383 0049 0E       		.uleb128 0xe
 384 004a 3A       		.uleb128 0x3a
 385 004b 0B       		.uleb128 0xb
ARM GAS  C:\Users\dell1\AppData\Local\Temp\ccuWWypk.s 			page 10


 386 004c 3B       		.uleb128 0x3b
 387 004d 0B       		.uleb128 0xb
 388 004e 27       		.uleb128 0x27
 389 004f 19       		.uleb128 0x19
 390 0050 11       		.uleb128 0x11
 391 0051 01       		.uleb128 0x1
 392 0052 12       		.uleb128 0x12
 393 0053 06       		.uleb128 0x6
 394 0054 40       		.uleb128 0x40
 395 0055 18       		.uleb128 0x18
 396 0056 9742     		.uleb128 0x2117
 397 0058 19       		.uleb128 0x19
 398 0059 01       		.uleb128 0x1
 399 005a 13       		.uleb128 0x13
 400 005b 00       		.byte	0
 401 005c 00       		.byte	0
 402 005d 07       		.uleb128 0x7
 403 005e 34       		.uleb128 0x34
 404 005f 00       		.byte	0
 405 0060 03       		.uleb128 0x3
 406 0061 0E       		.uleb128 0xe
 407 0062 3A       		.uleb128 0x3a
 408 0063 0B       		.uleb128 0xb
 409 0064 3B       		.uleb128 0x3b
 410 0065 0B       		.uleb128 0xb
 411 0066 49       		.uleb128 0x49
 412 0067 13       		.uleb128 0x13
 413 0068 02       		.uleb128 0x2
 414 0069 18       		.uleb128 0x18
 415 006a 00       		.byte	0
 416 006b 00       		.byte	0
 417 006c 08       		.uleb128 0x8
 418 006d 34       		.uleb128 0x34
 419 006e 00       		.byte	0
 420 006f 03       		.uleb128 0x3
 421 0070 08       		.uleb128 0x8
 422 0071 3A       		.uleb128 0x3a
 423 0072 0B       		.uleb128 0xb
 424 0073 3B       		.uleb128 0x3b
 425 0074 0B       		.uleb128 0xb
 426 0075 49       		.uleb128 0x49
 427 0076 13       		.uleb128 0x13
 428 0077 00       		.byte	0
 429 0078 00       		.byte	0
 430 0079 09       		.uleb128 0x9
 431 007a 34       		.uleb128 0x34
 432 007b 00       		.byte	0
 433 007c 03       		.uleb128 0x3
 434 007d 08       		.uleb128 0x8
 435 007e 3A       		.uleb128 0x3a
 436 007f 0B       		.uleb128 0xb
 437 0080 3B       		.uleb128 0x3b
 438 0081 0B       		.uleb128 0xb
 439 0082 49       		.uleb128 0x49
 440 0083 13       		.uleb128 0x13
 441 0084 1C       		.uleb128 0x1c
 442 0085 0B       		.uleb128 0xb
ARM GAS  C:\Users\dell1\AppData\Local\Temp\ccuWWypk.s 			page 11


 443 0086 00       		.byte	0
 444 0087 00       		.byte	0
 445 0088 0A       		.uleb128 0xa
 446 0089 34       		.uleb128 0x34
 447 008a 00       		.byte	0
 448 008b 03       		.uleb128 0x3
 449 008c 08       		.uleb128 0x8
 450 008d 3A       		.uleb128 0x3a
 451 008e 0B       		.uleb128 0xb
 452 008f 3B       		.uleb128 0x3b
 453 0090 0B       		.uleb128 0xb
 454 0091 49       		.uleb128 0x49
 455 0092 13       		.uleb128 0x13
 456 0093 02       		.uleb128 0x2
 457 0094 17       		.uleb128 0x17
 458 0095 00       		.byte	0
 459 0096 00       		.byte	0
 460 0097 0B       		.uleb128 0xb
 461 0098 0B       		.uleb128 0xb
 462 0099 01       		.byte	0x1
 463 009a 11       		.uleb128 0x11
 464 009b 01       		.uleb128 0x1
 465 009c 12       		.uleb128 0x12
 466 009d 06       		.uleb128 0x6
 467 009e 01       		.uleb128 0x1
 468 009f 13       		.uleb128 0x13
 469 00a0 00       		.byte	0
 470 00a1 00       		.byte	0
 471 00a2 0C       		.uleb128 0xc
 472 00a3 898201   		.uleb128 0x4109
 473 00a6 00       		.byte	0
 474 00a7 11       		.uleb128 0x11
 475 00a8 01       		.uleb128 0x1
 476 00a9 31       		.uleb128 0x31
 477 00aa 13       		.uleb128 0x13
 478 00ab 00       		.byte	0
 479 00ac 00       		.byte	0
 480 00ad 0D       		.uleb128 0xd
 481 00ae 01       		.uleb128 0x1
 482 00af 01       		.byte	0x1
 483 00b0 49       		.uleb128 0x49
 484 00b1 13       		.uleb128 0x13
 485 00b2 01       		.uleb128 0x1
 486 00b3 13       		.uleb128 0x13
 487 00b4 00       		.byte	0
 488 00b5 00       		.byte	0
 489 00b6 0E       		.uleb128 0xe
 490 00b7 21       		.uleb128 0x21
 491 00b8 00       		.byte	0
 492 00b9 49       		.uleb128 0x49
 493 00ba 13       		.uleb128 0x13
 494 00bb 2F       		.uleb128 0x2f
 495 00bc 0B       		.uleb128 0xb
 496 00bd 00       		.byte	0
 497 00be 00       		.byte	0
 498 00bf 0F       		.uleb128 0xf
 499 00c0 34       		.uleb128 0x34
ARM GAS  C:\Users\dell1\AppData\Local\Temp\ccuWWypk.s 			page 12


 500 00c1 00       		.byte	0
 501 00c2 03       		.uleb128 0x3
 502 00c3 0E       		.uleb128 0xe
 503 00c4 3A       		.uleb128 0x3a
 504 00c5 0B       		.uleb128 0xb
 505 00c6 3B       		.uleb128 0x3b
 506 00c7 05       		.uleb128 0x5
 507 00c8 49       		.uleb128 0x49
 508 00c9 13       		.uleb128 0x13
 509 00ca 3F       		.uleb128 0x3f
 510 00cb 19       		.uleb128 0x19
 511 00cc 3C       		.uleb128 0x3c
 512 00cd 19       		.uleb128 0x19
 513 00ce 00       		.byte	0
 514 00cf 00       		.byte	0
 515 00d0 10       		.uleb128 0x10
 516 00d1 35       		.uleb128 0x35
 517 00d2 00       		.byte	0
 518 00d3 49       		.uleb128 0x49
 519 00d4 13       		.uleb128 0x13
 520 00d5 00       		.byte	0
 521 00d6 00       		.byte	0
 522 00d7 11       		.uleb128 0x11
 523 00d8 34       		.uleb128 0x34
 524 00d9 00       		.byte	0
 525 00da 03       		.uleb128 0x3
 526 00db 0E       		.uleb128 0xe
 527 00dc 3A       		.uleb128 0x3a
 528 00dd 0B       		.uleb128 0xb
 529 00de 3B       		.uleb128 0x3b
 530 00df 0B       		.uleb128 0xb
 531 00e0 49       		.uleb128 0x49
 532 00e1 13       		.uleb128 0x13
 533 00e2 3F       		.uleb128 0x3f
 534 00e3 19       		.uleb128 0x19
 535 00e4 3C       		.uleb128 0x3c
 536 00e5 19       		.uleb128 0x19
 537 00e6 00       		.byte	0
 538 00e7 00       		.byte	0
 539 00e8 12       		.uleb128 0x12
 540 00e9 2E       		.uleb128 0x2e
 541 00ea 00       		.byte	0
 542 00eb 3F       		.uleb128 0x3f
 543 00ec 19       		.uleb128 0x19
 544 00ed 03       		.uleb128 0x3
 545 00ee 0E       		.uleb128 0xe
 546 00ef 3A       		.uleb128 0x3a
 547 00f0 0B       		.uleb128 0xb
 548 00f1 3B       		.uleb128 0x3b
 549 00f2 0B       		.uleb128 0xb
 550 00f3 27       		.uleb128 0x27
 551 00f4 19       		.uleb128 0x19
 552 00f5 49       		.uleb128 0x49
 553 00f6 13       		.uleb128 0x13
 554 00f7 3C       		.uleb128 0x3c
 555 00f8 19       		.uleb128 0x19
 556 00f9 00       		.byte	0
ARM GAS  C:\Users\dell1\AppData\Local\Temp\ccuWWypk.s 			page 13


 557 00fa 00       		.byte	0
 558 00fb 13       		.uleb128 0x13
 559 00fc 2E       		.uleb128 0x2e
 560 00fd 01       		.byte	0x1
 561 00fe 3F       		.uleb128 0x3f
 562 00ff 19       		.uleb128 0x19
 563 0100 03       		.uleb128 0x3
 564 0101 0E       		.uleb128 0xe
 565 0102 3A       		.uleb128 0x3a
 566 0103 0B       		.uleb128 0xb
 567 0104 3B       		.uleb128 0x3b
 568 0105 0B       		.uleb128 0xb
 569 0106 3C       		.uleb128 0x3c
 570 0107 19       		.uleb128 0x19
 571 0108 00       		.byte	0
 572 0109 00       		.byte	0
 573 010a 14       		.uleb128 0x14
 574 010b 18       		.uleb128 0x18
 575 010c 00       		.byte	0
 576 010d 00       		.byte	0
 577 010e 00       		.byte	0
 578 010f 00       		.byte	0
 579              		.section	.debug_loc,"",%progbits
 580              	.Ldebug_loc0:
 581              	.LLST0:
 582 0000 06000000 		.4byte	.LVL0
 583 0004 08000000 		.4byte	.LVL1
 584 0008 0200     		.2byte	0x2
 585 000a 30       		.byte	0x30
 586 000b 9F       		.byte	0x9f
 587 000c 08000000 		.4byte	.LVL1
 588 0010 16000000 		.4byte	.LVL3
 589 0014 0100     		.2byte	0x1
 590 0016 53       		.byte	0x53
 591 0017 00000000 		.4byte	0
 592 001b 00000000 		.4byte	0
 593              	.LLST1:
 594 001f 1E000000 		.4byte	.LVL4
 595 0023 2E000000 		.4byte	.LVL5
 596 0027 0100     		.2byte	0x1
 597 0029 50       		.byte	0x50
 598 002a 00000000 		.4byte	0
 599 002e 00000000 		.4byte	0
 600              		.section	.debug_aranges,"",%progbits
 601 0000 1C000000 		.4byte	0x1c
 602 0004 0200     		.2byte	0x2
 603 0006 00000000 		.4byte	.Ldebug_info0
 604 000a 04       		.byte	0x4
 605 000b 00       		.byte	0
 606 000c 0000     		.2byte	0
 607 000e 0000     		.2byte	0
 608 0010 00000000 		.4byte	.LFB63
 609 0014 54000000 		.4byte	.LFE63-.LFB63
 610 0018 00000000 		.4byte	0
 611 001c 00000000 		.4byte	0
 612              		.section	.debug_ranges,"",%progbits
 613              	.Ldebug_ranges0:
ARM GAS  C:\Users\dell1\AppData\Local\Temp\ccuWWypk.s 			page 14


 614 0000 00000000 		.4byte	.LFB63
 615 0004 54000000 		.4byte	.LFE63
 616 0008 00000000 		.4byte	0
 617 000c 00000000 		.4byte	0
 618              		.section	.debug_line,"",%progbits
 619              	.Ldebug_line0:
 620 0000 65010000 		.section	.debug_str,"MS",%progbits,1
 620      02002E01 
 620      00000201 
 620      FB0E0D00 
 620      01010101 
 621              	.LASF26:
 622 0000 433A5C55 		.ascii	"C:\\Users\\dell1\\Desktop\\final_ccc\\Creative.cyds"
 622      73657273 
 622      5C64656C 
 622      6C315C44 
 622      65736B74 
 623 002e 6E00     		.ascii	"n\000"
 624              	.LASF11:
 625 0030 5F5F696E 		.ascii	"__int32_t\000"
 625      7433325F 
 625      7400
 626              	.LASF4:
 627 003a 73686F72 		.ascii	"short unsigned int\000"
 627      7420756E 
 627      7369676E 
 627      65642069 
 627      6E7400
 628              	.LASF17:
 629 004d 636F6D6D 		.ascii	"comm_from_rx\000"
 629      5F66726F 
 629      6D5F7278 
 629      00
 630              	.LASF27:
 631 005a 6973725F 		.ascii	"isr_rx_Interrupt\000"
 631      72785F49 
 631      6E746572 
 631      72757074 
 631      00
 632              	.LASF28:
 633 006b 6765745F 		.ascii	"get_blue_rx\000"
 633      626C7565 
 633      5F727800 
 634              	.LASF23:
 635 0077 55415254 		.ascii	"UART_Blue_ReadRxStatus\000"
 635      5F426C75 
 635      655F5265 
 635      61645278 
 635      53746174 
 636              	.LASF14:
 637 008e 666C6F61 		.ascii	"float\000"
 637      7400
 638              	.LASF22:
 639 0094 55415254 		.ascii	"UART_Blue_GetChar\000"
 639      5F426C75 
 639      655F4765 
 639      74436861 
ARM GAS  C:\Users\dell1\AppData\Local\Temp\ccuWWypk.s 			page 15


 639      7200
 640              	.LASF2:
 641 00a6 756E7369 		.ascii	"unsigned char\000"
 641      676E6564 
 641      20636861 
 641      7200
 642              	.LASF16:
 643 00b4 63686172 		.ascii	"char8\000"
 643      3800
 644              	.LASF6:
 645 00ba 6C6F6E67 		.ascii	"long unsigned int\000"
 645      20756E73 
 645      69676E65 
 645      6420696E 
 645      7400
 646              	.LASF19:
 647 00cc 62756666 		.ascii	"bufferchar_len\000"
 647      65726368 
 647      61725F6C 
 647      656E00
 648              	.LASF18:
 649 00db 49544D5F 		.ascii	"ITM_RxBuffer\000"
 649      52784275 
 649      66666572 
 649      00
 650              	.LASF20:
 651 00e8 63636E6D 		.ascii	"ccnm_temp\000"
 651      5F74656D 
 651      7000
 652              	.LASF21:
 653 00f2 426C7565 		.ascii	"Blue_len_read\000"
 653      5F6C656E 
 653      5F726561 
 653      6400
 654              	.LASF15:
 655 0100 646F7562 		.ascii	"double\000"
 655      6C6500
 656              	.LASF24:
 657 0107 474E5520 		.ascii	"GNU C 4.9.3 20150303 (release) [ARM/embedded-4_9-br"
 657      4320342E 
 657      392E3320 
 657      32303135 
 657      30333033 
 658 013a 616E6368 		.ascii	"anch revision 221220] -mcpu=cortex-m3 -mthumb -g -O"
 658      20726576 
 658      6973696F 
 658      6E203232 
 658      31323230 
 659 016d 67202D66 		.ascii	"g -ffunction-sections -ffat-lto-objects\000"
 659      66756E63 
 659      74696F6E 
 659      2D736563 
 659      74696F6E 
 660              	.LASF0:
 661 0195 756E7369 		.ascii	"unsigned int\000"
 661      676E6564 
 661      20696E74 
ARM GAS  C:\Users\dell1\AppData\Local\Temp\ccuWWypk.s 			page 16


 661      00
 662              	.LASF8:
 663 01a2 6C6F6E67 		.ascii	"long long unsigned int\000"
 663      206C6F6E 
 663      6720756E 
 663      7369676E 
 663      65642069 
 664              	.LASF25:
 665 01b9 2E5C4953 		.ascii	".\\ISR_BLUE.c\000"
 665      525F424C 
 665      55452E63 
 665      00
 666              	.LASF12:
 667 01c6 696E7433 		.ascii	"int32_t\000"
 667      325F7400 
 668              	.LASF9:
 669 01ce 73697A65 		.ascii	"sizetype\000"
 669      74797065 
 669      00
 670              	.LASF7:
 671 01d7 6C6F6E67 		.ascii	"long long int\000"
 671      206C6F6E 
 671      6720696E 
 671      7400
 672              	.LASF10:
 673 01e5 63686172 		.ascii	"char\000"
 673      00
 674              	.LASF3:
 675 01ea 73686F72 		.ascii	"short int\000"
 675      7420696E 
 675      7400
 676              	.LASF13:
 677 01f4 75696E74 		.ascii	"uint8\000"
 677      3800
 678              	.LASF5:
 679 01fa 6C6F6E67 		.ascii	"long int\000"
 679      20696E74 
 679      00
 680              	.LASF1:
 681 0203 7369676E 		.ascii	"signed char\000"
 681      65642063 
 681      68617200 
 682              		.ident	"GCC: (GNU Tools for ARM Embedded Processors) 4.9.3 20150303 (release) [ARM/embedded-4_9-br
