ARM GAS  C:\Users\dell1\AppData\Local\Temp\ccoZnar2.s 			page 1


   1              		.syntax unified
   2              		.cpu cortex-m3
   3              		.fpu softvfp
   4              		.eabi_attribute 20, 1
   5              		.eabi_attribute 21, 1
   6              		.eabi_attribute 23, 3
   7              		.eabi_attribute 24, 1
   8              		.eabi_attribute 25, 1
   9              		.eabi_attribute 26, 1
  10              		.eabi_attribute 30, 1
  11              		.eabi_attribute 34, 1
  12              		.eabi_attribute 18, 4
  13              		.thumb
  14              		.file	"isr_tx.c"
  15              		.text
  16              	.Ltext0:
  17              		.cfi_sections	.debug_frame
  18              		.section	.text.isr_tx_Interrupt,"ax",%progbits
  19              		.align	2
  20              		.global	isr_tx_Interrupt
  21              		.thumb
  22              		.thumb_func
  23              		.type	isr_tx_Interrupt, %function
  24              	isr_tx_Interrupt:
  25              	.LFB66:
  26              		.file 1 ".\\Generated_Source\\PSoC5\\isr_tx.c"
   1:.\Generated_Source\PSoC5/isr_tx.c **** /*******************************************************************************
   2:.\Generated_Source\PSoC5/isr_tx.c **** * File Name: isr_tx.c  
   3:.\Generated_Source\PSoC5/isr_tx.c **** * Version 1.70
   4:.\Generated_Source\PSoC5/isr_tx.c **** *
   5:.\Generated_Source\PSoC5/isr_tx.c **** *  Description:
   6:.\Generated_Source\PSoC5/isr_tx.c **** *   API for controlling the state of an interrupt.
   7:.\Generated_Source\PSoC5/isr_tx.c **** *
   8:.\Generated_Source\PSoC5/isr_tx.c **** *
   9:.\Generated_Source\PSoC5/isr_tx.c **** *  Note:
  10:.\Generated_Source\PSoC5/isr_tx.c **** *
  11:.\Generated_Source\PSoC5/isr_tx.c **** ********************************************************************************
  12:.\Generated_Source\PSoC5/isr_tx.c **** * Copyright 2008-2015, Cypress Semiconductor Corporation.  All rights reserved.
  13:.\Generated_Source\PSoC5/isr_tx.c **** * You may use this file only in accordance with the license, terms, conditions, 
  14:.\Generated_Source\PSoC5/isr_tx.c **** * disclaimers, and limitations in the end user license agreement accompanying 
  15:.\Generated_Source\PSoC5/isr_tx.c **** * the software package with which this file was provided.
  16:.\Generated_Source\PSoC5/isr_tx.c **** *******************************************************************************/
  17:.\Generated_Source\PSoC5/isr_tx.c **** 
  18:.\Generated_Source\PSoC5/isr_tx.c **** 
  19:.\Generated_Source\PSoC5/isr_tx.c **** #include <cydevice_trm.h>
  20:.\Generated_Source\PSoC5/isr_tx.c **** #include <CyLib.h>
  21:.\Generated_Source\PSoC5/isr_tx.c **** #include <isr_tx.h>
  22:.\Generated_Source\PSoC5/isr_tx.c **** #include "cyapicallbacks.h"
  23:.\Generated_Source\PSoC5/isr_tx.c **** 
  24:.\Generated_Source\PSoC5/isr_tx.c **** #if !defined(isr_tx__REMOVED) /* Check for removal by optimization */
  25:.\Generated_Source\PSoC5/isr_tx.c **** 
  26:.\Generated_Source\PSoC5/isr_tx.c **** /*******************************************************************************
  27:.\Generated_Source\PSoC5/isr_tx.c **** *  Place your includes, defines and code here 
  28:.\Generated_Source\PSoC5/isr_tx.c **** ********************************************************************************/
  29:.\Generated_Source\PSoC5/isr_tx.c **** /* `#START isr_tx_intc` */
  30:.\Generated_Source\PSoC5/isr_tx.c **** 
  31:.\Generated_Source\PSoC5/isr_tx.c **** /* `#END` */
ARM GAS  C:\Users\dell1\AppData\Local\Temp\ccoZnar2.s 			page 2


  32:.\Generated_Source\PSoC5/isr_tx.c **** 
  33:.\Generated_Source\PSoC5/isr_tx.c **** #ifndef CYINT_IRQ_BASE
  34:.\Generated_Source\PSoC5/isr_tx.c **** #define CYINT_IRQ_BASE      16
  35:.\Generated_Source\PSoC5/isr_tx.c **** #endif /* CYINT_IRQ_BASE */
  36:.\Generated_Source\PSoC5/isr_tx.c **** #ifndef CYINT_VECT_TABLE
  37:.\Generated_Source\PSoC5/isr_tx.c **** #define CYINT_VECT_TABLE    ((cyisraddress **) CYREG_NVIC_VECT_OFFSET)
  38:.\Generated_Source\PSoC5/isr_tx.c **** #endif /* CYINT_VECT_TABLE */
  39:.\Generated_Source\PSoC5/isr_tx.c **** 
  40:.\Generated_Source\PSoC5/isr_tx.c **** /* Declared in startup, used to set unused interrupts to. */
  41:.\Generated_Source\PSoC5/isr_tx.c **** CY_ISR_PROTO(IntDefaultHandler);
  42:.\Generated_Source\PSoC5/isr_tx.c **** 
  43:.\Generated_Source\PSoC5/isr_tx.c **** 
  44:.\Generated_Source\PSoC5/isr_tx.c **** /*******************************************************************************
  45:.\Generated_Source\PSoC5/isr_tx.c **** * Function Name: isr_tx_Start
  46:.\Generated_Source\PSoC5/isr_tx.c **** ********************************************************************************
  47:.\Generated_Source\PSoC5/isr_tx.c **** *
  48:.\Generated_Source\PSoC5/isr_tx.c **** * Summary:
  49:.\Generated_Source\PSoC5/isr_tx.c **** *  Set up the interrupt and enable it. This function disables the interrupt, 
  50:.\Generated_Source\PSoC5/isr_tx.c **** *  sets the default interrupt vector, sets the priority from the value in the
  51:.\Generated_Source\PSoC5/isr_tx.c **** *  Design Wide Resources Interrupt Editor, then enables the interrupt to the 
  52:.\Generated_Source\PSoC5/isr_tx.c **** *  interrupt controller.
  53:.\Generated_Source\PSoC5/isr_tx.c **** *
  54:.\Generated_Source\PSoC5/isr_tx.c **** * Parameters:  
  55:.\Generated_Source\PSoC5/isr_tx.c **** *   None
  56:.\Generated_Source\PSoC5/isr_tx.c **** *
  57:.\Generated_Source\PSoC5/isr_tx.c **** * Return:
  58:.\Generated_Source\PSoC5/isr_tx.c **** *   None
  59:.\Generated_Source\PSoC5/isr_tx.c **** *
  60:.\Generated_Source\PSoC5/isr_tx.c **** *******************************************************************************/
  61:.\Generated_Source\PSoC5/isr_tx.c **** void isr_tx_Start(void)
  62:.\Generated_Source\PSoC5/isr_tx.c **** {
  63:.\Generated_Source\PSoC5/isr_tx.c ****     /* For all we know the interrupt is active. */
  64:.\Generated_Source\PSoC5/isr_tx.c ****     isr_tx_Disable();
  65:.\Generated_Source\PSoC5/isr_tx.c **** 
  66:.\Generated_Source\PSoC5/isr_tx.c ****     /* Set the ISR to point to the isr_tx Interrupt. */
  67:.\Generated_Source\PSoC5/isr_tx.c ****     isr_tx_SetVector(&isr_tx_Interrupt);
  68:.\Generated_Source\PSoC5/isr_tx.c **** 
  69:.\Generated_Source\PSoC5/isr_tx.c ****     /* Set the priority. */
  70:.\Generated_Source\PSoC5/isr_tx.c ****     isr_tx_SetPriority((uint8)isr_tx_INTC_PRIOR_NUMBER);
  71:.\Generated_Source\PSoC5/isr_tx.c **** 
  72:.\Generated_Source\PSoC5/isr_tx.c ****     /* Enable it. */
  73:.\Generated_Source\PSoC5/isr_tx.c ****     isr_tx_Enable();
  74:.\Generated_Source\PSoC5/isr_tx.c **** }
  75:.\Generated_Source\PSoC5/isr_tx.c **** 
  76:.\Generated_Source\PSoC5/isr_tx.c **** 
  77:.\Generated_Source\PSoC5/isr_tx.c **** /*******************************************************************************
  78:.\Generated_Source\PSoC5/isr_tx.c **** * Function Name: isr_tx_StartEx
  79:.\Generated_Source\PSoC5/isr_tx.c **** ********************************************************************************
  80:.\Generated_Source\PSoC5/isr_tx.c **** *
  81:.\Generated_Source\PSoC5/isr_tx.c **** * Summary:
  82:.\Generated_Source\PSoC5/isr_tx.c **** *  Sets up the interrupt and enables it. This function disables the interrupt,
  83:.\Generated_Source\PSoC5/isr_tx.c **** *  sets the interrupt vector based on the address passed in, sets the priority 
  84:.\Generated_Source\PSoC5/isr_tx.c **** *  from the value in the Design Wide Resources Interrupt Editor, then enables 
  85:.\Generated_Source\PSoC5/isr_tx.c **** *  the interrupt to the interrupt controller.
  86:.\Generated_Source\PSoC5/isr_tx.c **** *  
  87:.\Generated_Source\PSoC5/isr_tx.c **** *  When defining ISR functions, the CY_ISR and CY_ISR_PROTO macros should be 
  88:.\Generated_Source\PSoC5/isr_tx.c **** *  used to provide consistent definition across compilers:
ARM GAS  C:\Users\dell1\AppData\Local\Temp\ccoZnar2.s 			page 3


  89:.\Generated_Source\PSoC5/isr_tx.c **** *  
  90:.\Generated_Source\PSoC5/isr_tx.c **** *  Function definition example:
  91:.\Generated_Source\PSoC5/isr_tx.c **** *   CY_ISR(MyISR)
  92:.\Generated_Source\PSoC5/isr_tx.c **** *   {
  93:.\Generated_Source\PSoC5/isr_tx.c **** *   }
  94:.\Generated_Source\PSoC5/isr_tx.c **** *   Function prototype example:
  95:.\Generated_Source\PSoC5/isr_tx.c **** *   CY_ISR_PROTO(MyISR);
  96:.\Generated_Source\PSoC5/isr_tx.c **** *
  97:.\Generated_Source\PSoC5/isr_tx.c **** * Parameters:  
  98:.\Generated_Source\PSoC5/isr_tx.c **** *   address: Address of the ISR to set in the interrupt vector table.
  99:.\Generated_Source\PSoC5/isr_tx.c **** *
 100:.\Generated_Source\PSoC5/isr_tx.c **** * Return:
 101:.\Generated_Source\PSoC5/isr_tx.c **** *   None
 102:.\Generated_Source\PSoC5/isr_tx.c **** *
 103:.\Generated_Source\PSoC5/isr_tx.c **** *******************************************************************************/
 104:.\Generated_Source\PSoC5/isr_tx.c **** void isr_tx_StartEx(cyisraddress address)
 105:.\Generated_Source\PSoC5/isr_tx.c **** {
 106:.\Generated_Source\PSoC5/isr_tx.c ****     /* For all we know the interrupt is active. */
 107:.\Generated_Source\PSoC5/isr_tx.c ****     isr_tx_Disable();
 108:.\Generated_Source\PSoC5/isr_tx.c **** 
 109:.\Generated_Source\PSoC5/isr_tx.c ****     /* Set the ISR to point to the isr_tx Interrupt. */
 110:.\Generated_Source\PSoC5/isr_tx.c ****     isr_tx_SetVector(address);
 111:.\Generated_Source\PSoC5/isr_tx.c **** 
 112:.\Generated_Source\PSoC5/isr_tx.c ****     /* Set the priority. */
 113:.\Generated_Source\PSoC5/isr_tx.c ****     isr_tx_SetPriority((uint8)isr_tx_INTC_PRIOR_NUMBER);
 114:.\Generated_Source\PSoC5/isr_tx.c **** 
 115:.\Generated_Source\PSoC5/isr_tx.c ****     /* Enable it. */
 116:.\Generated_Source\PSoC5/isr_tx.c ****     isr_tx_Enable();
 117:.\Generated_Source\PSoC5/isr_tx.c **** }
 118:.\Generated_Source\PSoC5/isr_tx.c **** 
 119:.\Generated_Source\PSoC5/isr_tx.c **** 
 120:.\Generated_Source\PSoC5/isr_tx.c **** /*******************************************************************************
 121:.\Generated_Source\PSoC5/isr_tx.c **** * Function Name: isr_tx_Stop
 122:.\Generated_Source\PSoC5/isr_tx.c **** ********************************************************************************
 123:.\Generated_Source\PSoC5/isr_tx.c **** *
 124:.\Generated_Source\PSoC5/isr_tx.c **** * Summary:
 125:.\Generated_Source\PSoC5/isr_tx.c **** *   Disables and removes the interrupt.
 126:.\Generated_Source\PSoC5/isr_tx.c **** *
 127:.\Generated_Source\PSoC5/isr_tx.c **** * Parameters:  
 128:.\Generated_Source\PSoC5/isr_tx.c **** *   None
 129:.\Generated_Source\PSoC5/isr_tx.c **** *
 130:.\Generated_Source\PSoC5/isr_tx.c **** * Return:
 131:.\Generated_Source\PSoC5/isr_tx.c **** *   None
 132:.\Generated_Source\PSoC5/isr_tx.c **** *
 133:.\Generated_Source\PSoC5/isr_tx.c **** *******************************************************************************/
 134:.\Generated_Source\PSoC5/isr_tx.c **** void isr_tx_Stop(void)
 135:.\Generated_Source\PSoC5/isr_tx.c **** {
 136:.\Generated_Source\PSoC5/isr_tx.c ****     /* Disable this interrupt. */
 137:.\Generated_Source\PSoC5/isr_tx.c ****     isr_tx_Disable();
 138:.\Generated_Source\PSoC5/isr_tx.c **** 
 139:.\Generated_Source\PSoC5/isr_tx.c ****     /* Set the ISR to point to the passive one. */
 140:.\Generated_Source\PSoC5/isr_tx.c ****     isr_tx_SetVector(&IntDefaultHandler);
 141:.\Generated_Source\PSoC5/isr_tx.c **** }
 142:.\Generated_Source\PSoC5/isr_tx.c **** 
 143:.\Generated_Source\PSoC5/isr_tx.c **** 
 144:.\Generated_Source\PSoC5/isr_tx.c **** /*******************************************************************************
 145:.\Generated_Source\PSoC5/isr_tx.c **** * Function Name: isr_tx_Interrupt
ARM GAS  C:\Users\dell1\AppData\Local\Temp\ccoZnar2.s 			page 4


 146:.\Generated_Source\PSoC5/isr_tx.c **** ********************************************************************************
 147:.\Generated_Source\PSoC5/isr_tx.c **** *
 148:.\Generated_Source\PSoC5/isr_tx.c **** * Summary:
 149:.\Generated_Source\PSoC5/isr_tx.c **** *   The default Interrupt Service Routine for isr_tx.
 150:.\Generated_Source\PSoC5/isr_tx.c **** *
 151:.\Generated_Source\PSoC5/isr_tx.c **** *   Add custom code between the coments to keep the next version of this file
 152:.\Generated_Source\PSoC5/isr_tx.c **** *   from over writting your code.
 153:.\Generated_Source\PSoC5/isr_tx.c **** *
 154:.\Generated_Source\PSoC5/isr_tx.c **** * Parameters:  
 155:.\Generated_Source\PSoC5/isr_tx.c **** *
 156:.\Generated_Source\PSoC5/isr_tx.c **** * Return:
 157:.\Generated_Source\PSoC5/isr_tx.c **** *   None
 158:.\Generated_Source\PSoC5/isr_tx.c **** *
 159:.\Generated_Source\PSoC5/isr_tx.c **** *******************************************************************************/
 160:.\Generated_Source\PSoC5/isr_tx.c **** CY_ISR(isr_tx_Interrupt)
 161:.\Generated_Source\PSoC5/isr_tx.c **** {
  27              		.loc 1 161 0
  28              		.cfi_startproc
  29              		@ args = 0, pretend = 0, frame = 0
  30              		@ frame_needed = 0, uses_anonymous_args = 0
  31              		@ link register save eliminated.
  32 0000 7047     		bx	lr
  33              		.cfi_endproc
  34              	.LFE66:
  35              		.size	isr_tx_Interrupt, .-isr_tx_Interrupt
  36 0002 00BF     		.section	.text.isr_tx_SetVector,"ax",%progbits
  37              		.align	2
  38              		.global	isr_tx_SetVector
  39              		.thumb
  40              		.thumb_func
  41              		.type	isr_tx_SetVector, %function
  42              	isr_tx_SetVector:
  43              	.LFB67:
 162:.\Generated_Source\PSoC5/isr_tx.c ****     #ifdef isr_tx_INTERRUPT_INTERRUPT_CALLBACK
 163:.\Generated_Source\PSoC5/isr_tx.c ****         isr_tx_Interrupt_InterruptCallback();
 164:.\Generated_Source\PSoC5/isr_tx.c ****     #endif /* isr_tx_INTERRUPT_INTERRUPT_CALLBACK */ 
 165:.\Generated_Source\PSoC5/isr_tx.c **** 
 166:.\Generated_Source\PSoC5/isr_tx.c ****     /*  Place your Interrupt code here. */
 167:.\Generated_Source\PSoC5/isr_tx.c ****     /* `#START isr_tx_Interrupt` */
 168:.\Generated_Source\PSoC5/isr_tx.c **** 
 169:.\Generated_Source\PSoC5/isr_tx.c ****     /* `#END` */
 170:.\Generated_Source\PSoC5/isr_tx.c **** }
 171:.\Generated_Source\PSoC5/isr_tx.c **** 
 172:.\Generated_Source\PSoC5/isr_tx.c **** 
 173:.\Generated_Source\PSoC5/isr_tx.c **** /*******************************************************************************
 174:.\Generated_Source\PSoC5/isr_tx.c **** * Function Name: isr_tx_SetVector
 175:.\Generated_Source\PSoC5/isr_tx.c **** ********************************************************************************
 176:.\Generated_Source\PSoC5/isr_tx.c **** *
 177:.\Generated_Source\PSoC5/isr_tx.c **** * Summary:
 178:.\Generated_Source\PSoC5/isr_tx.c **** *   Change the ISR vector for the Interrupt. Note calling isr_tx_Start
 179:.\Generated_Source\PSoC5/isr_tx.c **** *   will override any effect this method would have had. To set the vector 
 180:.\Generated_Source\PSoC5/isr_tx.c **** *   before the component has been started use isr_tx_StartEx instead.
 181:.\Generated_Source\PSoC5/isr_tx.c **** * 
 182:.\Generated_Source\PSoC5/isr_tx.c **** *   When defining ISR functions, the CY_ISR and CY_ISR_PROTO macros should be 
 183:.\Generated_Source\PSoC5/isr_tx.c **** *   used to provide consistent definition across compilers:
 184:.\Generated_Source\PSoC5/isr_tx.c **** *
 185:.\Generated_Source\PSoC5/isr_tx.c **** *   Function definition example:
ARM GAS  C:\Users\dell1\AppData\Local\Temp\ccoZnar2.s 			page 5


 186:.\Generated_Source\PSoC5/isr_tx.c **** *   CY_ISR(MyISR)
 187:.\Generated_Source\PSoC5/isr_tx.c **** *   {
 188:.\Generated_Source\PSoC5/isr_tx.c **** *   }
 189:.\Generated_Source\PSoC5/isr_tx.c **** *
 190:.\Generated_Source\PSoC5/isr_tx.c **** *   Function prototype example:
 191:.\Generated_Source\PSoC5/isr_tx.c **** *     CY_ISR_PROTO(MyISR);
 192:.\Generated_Source\PSoC5/isr_tx.c **** *
 193:.\Generated_Source\PSoC5/isr_tx.c **** * Parameters:
 194:.\Generated_Source\PSoC5/isr_tx.c **** *   address: Address of the ISR to set in the interrupt vector table.
 195:.\Generated_Source\PSoC5/isr_tx.c **** *
 196:.\Generated_Source\PSoC5/isr_tx.c **** * Return:
 197:.\Generated_Source\PSoC5/isr_tx.c **** *   None
 198:.\Generated_Source\PSoC5/isr_tx.c **** *
 199:.\Generated_Source\PSoC5/isr_tx.c **** *******************************************************************************/
 200:.\Generated_Source\PSoC5/isr_tx.c **** void isr_tx_SetVector(cyisraddress address)
 201:.\Generated_Source\PSoC5/isr_tx.c **** {
  44              		.loc 1 201 0
  45              		.cfi_startproc
  46              		@ args = 0, pretend = 0, frame = 0
  47              		@ frame_needed = 0, uses_anonymous_args = 0
  48              		@ link register save eliminated.
  49              	.LVL0:
 202:.\Generated_Source\PSoC5/isr_tx.c ****     cyisraddress * ramVectorTable;
 203:.\Generated_Source\PSoC5/isr_tx.c **** 
 204:.\Generated_Source\PSoC5/isr_tx.c ****     ramVectorTable = (cyisraddress *) *CYINT_VECT_TABLE;
  50              		.loc 1 204 0
  51 0000 014B     		ldr	r3, .L3
  52 0002 1B68     		ldr	r3, [r3]
  53              	.LVL1:
 205:.\Generated_Source\PSoC5/isr_tx.c **** 
 206:.\Generated_Source\PSoC5/isr_tx.c ****     ramVectorTable[CYINT_IRQ_BASE + (uint32)isr_tx__INTC_NUMBER] = address;
  54              		.loc 1 206 0
  55 0004 9864     		str	r0, [r3, #72]
  56 0006 7047     		bx	lr
  57              	.L4:
  58              		.align	2
  59              	.L3:
  60 0008 08ED00E0 		.word	-536810232
  61              		.cfi_endproc
  62              	.LFE67:
  63              		.size	isr_tx_SetVector, .-isr_tx_SetVector
  64              		.section	.text.isr_tx_GetVector,"ax",%progbits
  65              		.align	2
  66              		.global	isr_tx_GetVector
  67              		.thumb
  68              		.thumb_func
  69              		.type	isr_tx_GetVector, %function
  70              	isr_tx_GetVector:
  71              	.LFB68:
 207:.\Generated_Source\PSoC5/isr_tx.c **** }
 208:.\Generated_Source\PSoC5/isr_tx.c **** 
 209:.\Generated_Source\PSoC5/isr_tx.c **** 
 210:.\Generated_Source\PSoC5/isr_tx.c **** /*******************************************************************************
 211:.\Generated_Source\PSoC5/isr_tx.c **** * Function Name: isr_tx_GetVector
 212:.\Generated_Source\PSoC5/isr_tx.c **** ********************************************************************************
 213:.\Generated_Source\PSoC5/isr_tx.c **** *
 214:.\Generated_Source\PSoC5/isr_tx.c **** * Summary:
ARM GAS  C:\Users\dell1\AppData\Local\Temp\ccoZnar2.s 			page 6


 215:.\Generated_Source\PSoC5/isr_tx.c **** *   Gets the "address" of the current ISR vector for the Interrupt.
 216:.\Generated_Source\PSoC5/isr_tx.c **** *
 217:.\Generated_Source\PSoC5/isr_tx.c **** * Parameters:
 218:.\Generated_Source\PSoC5/isr_tx.c **** *   None
 219:.\Generated_Source\PSoC5/isr_tx.c **** *
 220:.\Generated_Source\PSoC5/isr_tx.c **** * Return:
 221:.\Generated_Source\PSoC5/isr_tx.c **** *   Address of the ISR in the interrupt vector table.
 222:.\Generated_Source\PSoC5/isr_tx.c **** *
 223:.\Generated_Source\PSoC5/isr_tx.c **** *******************************************************************************/
 224:.\Generated_Source\PSoC5/isr_tx.c **** cyisraddress isr_tx_GetVector(void)
 225:.\Generated_Source\PSoC5/isr_tx.c **** {
  72              		.loc 1 225 0
  73              		.cfi_startproc
  74              		@ args = 0, pretend = 0, frame = 0
  75              		@ frame_needed = 0, uses_anonymous_args = 0
  76              		@ link register save eliminated.
 226:.\Generated_Source\PSoC5/isr_tx.c ****     cyisraddress * ramVectorTable;
 227:.\Generated_Source\PSoC5/isr_tx.c **** 
 228:.\Generated_Source\PSoC5/isr_tx.c ****     ramVectorTable = (cyisraddress *) *CYINT_VECT_TABLE;
  77              		.loc 1 228 0
  78 0000 014B     		ldr	r3, .L6
  79 0002 1B68     		ldr	r3, [r3]
  80              	.LVL2:
 229:.\Generated_Source\PSoC5/isr_tx.c **** 
 230:.\Generated_Source\PSoC5/isr_tx.c ****     return ramVectorTable[CYINT_IRQ_BASE + (uint32)isr_tx__INTC_NUMBER];
 231:.\Generated_Source\PSoC5/isr_tx.c **** }
  81              		.loc 1 231 0
  82 0004 986C     		ldr	r0, [r3, #72]
  83 0006 7047     		bx	lr
  84              	.L7:
  85              		.align	2
  86              	.L6:
  87 0008 08ED00E0 		.word	-536810232
  88              		.cfi_endproc
  89              	.LFE68:
  90              		.size	isr_tx_GetVector, .-isr_tx_GetVector
  91              		.section	.text.isr_tx_SetPriority,"ax",%progbits
  92              		.align	2
  93              		.global	isr_tx_SetPriority
  94              		.thumb
  95              		.thumb_func
  96              		.type	isr_tx_SetPriority, %function
  97              	isr_tx_SetPriority:
  98              	.LFB69:
 232:.\Generated_Source\PSoC5/isr_tx.c **** 
 233:.\Generated_Source\PSoC5/isr_tx.c **** 
 234:.\Generated_Source\PSoC5/isr_tx.c **** /*******************************************************************************
 235:.\Generated_Source\PSoC5/isr_tx.c **** * Function Name: isr_tx_SetPriority
 236:.\Generated_Source\PSoC5/isr_tx.c **** ********************************************************************************
 237:.\Generated_Source\PSoC5/isr_tx.c **** *
 238:.\Generated_Source\PSoC5/isr_tx.c **** * Summary:
 239:.\Generated_Source\PSoC5/isr_tx.c **** *   Sets the Priority of the Interrupt. 
 240:.\Generated_Source\PSoC5/isr_tx.c **** *
 241:.\Generated_Source\PSoC5/isr_tx.c **** *   Note calling isr_tx_Start or isr_tx_StartEx will 
 242:.\Generated_Source\PSoC5/isr_tx.c **** *   override any effect this API would have had. This API should only be called
 243:.\Generated_Source\PSoC5/isr_tx.c **** *   after isr_tx_Start or isr_tx_StartEx has been called. 
 244:.\Generated_Source\PSoC5/isr_tx.c **** *   To set the initial priority for the component, use the Design-Wide Resources
ARM GAS  C:\Users\dell1\AppData\Local\Temp\ccoZnar2.s 			page 7


 245:.\Generated_Source\PSoC5/isr_tx.c **** *   Interrupt Editor.
 246:.\Generated_Source\PSoC5/isr_tx.c **** *
 247:.\Generated_Source\PSoC5/isr_tx.c **** *   Note This API has no effect on Non-maskable interrupt NMI).
 248:.\Generated_Source\PSoC5/isr_tx.c **** *
 249:.\Generated_Source\PSoC5/isr_tx.c **** * Parameters:
 250:.\Generated_Source\PSoC5/isr_tx.c **** *   priority: Priority of the interrupt, 0 being the highest priority
 251:.\Generated_Source\PSoC5/isr_tx.c **** *             PSoC 3 and PSoC 5LP: Priority is from 0 to 7.
 252:.\Generated_Source\PSoC5/isr_tx.c **** *             PSoC 4: Priority is from 0 to 3.
 253:.\Generated_Source\PSoC5/isr_tx.c **** *
 254:.\Generated_Source\PSoC5/isr_tx.c **** * Return:
 255:.\Generated_Source\PSoC5/isr_tx.c **** *   None
 256:.\Generated_Source\PSoC5/isr_tx.c **** *
 257:.\Generated_Source\PSoC5/isr_tx.c **** *******************************************************************************/
 258:.\Generated_Source\PSoC5/isr_tx.c **** void isr_tx_SetPriority(uint8 priority)
 259:.\Generated_Source\PSoC5/isr_tx.c **** {
  99              		.loc 1 259 0
 100              		.cfi_startproc
 101              		@ args = 0, pretend = 0, frame = 0
 102              		@ frame_needed = 0, uses_anonymous_args = 0
 103              		@ link register save eliminated.
 104              	.LVL3:
 260:.\Generated_Source\PSoC5/isr_tx.c ****     *isr_tx_INTC_PRIOR = priority << 5;
 105              		.loc 1 260 0
 106 0000 4001     		lsls	r0, r0, #5
 107              	.LVL4:
 108 0002 C0B2     		uxtb	r0, r0
 109 0004 014B     		ldr	r3, .L9
 110 0006 1870     		strb	r0, [r3]
 111 0008 7047     		bx	lr
 112              	.L10:
 113 000a 00BF     		.align	2
 114              	.L9:
 115 000c 02E400E0 		.word	-536812542
 116              		.cfi_endproc
 117              	.LFE69:
 118              		.size	isr_tx_SetPriority, .-isr_tx_SetPriority
 119              		.section	.text.isr_tx_GetPriority,"ax",%progbits
 120              		.align	2
 121              		.global	isr_tx_GetPriority
 122              		.thumb
 123              		.thumb_func
 124              		.type	isr_tx_GetPriority, %function
 125              	isr_tx_GetPriority:
 126              	.LFB70:
 261:.\Generated_Source\PSoC5/isr_tx.c **** }
 262:.\Generated_Source\PSoC5/isr_tx.c **** 
 263:.\Generated_Source\PSoC5/isr_tx.c **** 
 264:.\Generated_Source\PSoC5/isr_tx.c **** /*******************************************************************************
 265:.\Generated_Source\PSoC5/isr_tx.c **** * Function Name: isr_tx_GetPriority
 266:.\Generated_Source\PSoC5/isr_tx.c **** ********************************************************************************
 267:.\Generated_Source\PSoC5/isr_tx.c **** *
 268:.\Generated_Source\PSoC5/isr_tx.c **** * Summary:
 269:.\Generated_Source\PSoC5/isr_tx.c **** *   Gets the Priority of the Interrupt.
 270:.\Generated_Source\PSoC5/isr_tx.c **** *
 271:.\Generated_Source\PSoC5/isr_tx.c **** * Parameters:
 272:.\Generated_Source\PSoC5/isr_tx.c **** *   None
 273:.\Generated_Source\PSoC5/isr_tx.c **** *
ARM GAS  C:\Users\dell1\AppData\Local\Temp\ccoZnar2.s 			page 8


 274:.\Generated_Source\PSoC5/isr_tx.c **** * Return:
 275:.\Generated_Source\PSoC5/isr_tx.c **** *   Priority of the interrupt, 0 being the highest priority
 276:.\Generated_Source\PSoC5/isr_tx.c **** *    PSoC 3 and PSoC 5LP: Priority is from 0 to 7.
 277:.\Generated_Source\PSoC5/isr_tx.c **** *    PSoC 4: Priority is from 0 to 3.
 278:.\Generated_Source\PSoC5/isr_tx.c **** *
 279:.\Generated_Source\PSoC5/isr_tx.c **** *******************************************************************************/
 280:.\Generated_Source\PSoC5/isr_tx.c **** uint8 isr_tx_GetPriority(void)
 281:.\Generated_Source\PSoC5/isr_tx.c **** {
 127              		.loc 1 281 0
 128              		.cfi_startproc
 129              		@ args = 0, pretend = 0, frame = 0
 130              		@ frame_needed = 0, uses_anonymous_args = 0
 131              		@ link register save eliminated.
 282:.\Generated_Source\PSoC5/isr_tx.c ****     uint8 priority;
 283:.\Generated_Source\PSoC5/isr_tx.c **** 
 284:.\Generated_Source\PSoC5/isr_tx.c **** 
 285:.\Generated_Source\PSoC5/isr_tx.c ****     priority = *isr_tx_INTC_PRIOR >> 5;
 132              		.loc 1 285 0
 133 0000 014B     		ldr	r3, .L12
 134 0002 1878     		ldrb	r0, [r3]	@ zero_extendqisi2
 135              	.LVL5:
 286:.\Generated_Source\PSoC5/isr_tx.c **** 
 287:.\Generated_Source\PSoC5/isr_tx.c ****     return priority;
 288:.\Generated_Source\PSoC5/isr_tx.c **** }
 136              		.loc 1 288 0
 137 0004 4009     		lsrs	r0, r0, #5
 138              	.LVL6:
 139 0006 7047     		bx	lr
 140              	.L13:
 141              		.align	2
 142              	.L12:
 143 0008 02E400E0 		.word	-536812542
 144              		.cfi_endproc
 145              	.LFE70:
 146              		.size	isr_tx_GetPriority, .-isr_tx_GetPriority
 147              		.section	.text.isr_tx_Enable,"ax",%progbits
 148              		.align	2
 149              		.global	isr_tx_Enable
 150              		.thumb
 151              		.thumb_func
 152              		.type	isr_tx_Enable, %function
 153              	isr_tx_Enable:
 154              	.LFB71:
 289:.\Generated_Source\PSoC5/isr_tx.c **** 
 290:.\Generated_Source\PSoC5/isr_tx.c **** 
 291:.\Generated_Source\PSoC5/isr_tx.c **** /*******************************************************************************
 292:.\Generated_Source\PSoC5/isr_tx.c **** * Function Name: isr_tx_Enable
 293:.\Generated_Source\PSoC5/isr_tx.c **** ********************************************************************************
 294:.\Generated_Source\PSoC5/isr_tx.c **** *
 295:.\Generated_Source\PSoC5/isr_tx.c **** * Summary:
 296:.\Generated_Source\PSoC5/isr_tx.c **** *   Enables the interrupt to the interrupt controller. Do not call this function
 297:.\Generated_Source\PSoC5/isr_tx.c **** *   unless ISR_Start() has been called or the functionality of the ISR_Start() 
 298:.\Generated_Source\PSoC5/isr_tx.c **** *   function, which sets the vector and the priority, has been called.
 299:.\Generated_Source\PSoC5/isr_tx.c **** *
 300:.\Generated_Source\PSoC5/isr_tx.c **** * Parameters:
 301:.\Generated_Source\PSoC5/isr_tx.c **** *   None
 302:.\Generated_Source\PSoC5/isr_tx.c **** *
ARM GAS  C:\Users\dell1\AppData\Local\Temp\ccoZnar2.s 			page 9


 303:.\Generated_Source\PSoC5/isr_tx.c **** * Return:
 304:.\Generated_Source\PSoC5/isr_tx.c **** *   None
 305:.\Generated_Source\PSoC5/isr_tx.c **** *
 306:.\Generated_Source\PSoC5/isr_tx.c **** *******************************************************************************/
 307:.\Generated_Source\PSoC5/isr_tx.c **** void isr_tx_Enable(void)
 308:.\Generated_Source\PSoC5/isr_tx.c **** {
 155              		.loc 1 308 0
 156              		.cfi_startproc
 157              		@ args = 0, pretend = 0, frame = 0
 158              		@ frame_needed = 0, uses_anonymous_args = 0
 159              		@ link register save eliminated.
 309:.\Generated_Source\PSoC5/isr_tx.c ****     /* Enable the general interrupt. */
 310:.\Generated_Source\PSoC5/isr_tx.c ****     *isr_tx_INTC_SET_EN = isr_tx__INTC_MASK;
 160              		.loc 1 310 0
 161 0000 0422     		movs	r2, #4
 162 0002 014B     		ldr	r3, .L15
 163 0004 1A60     		str	r2, [r3]
 164 0006 7047     		bx	lr
 165              	.L16:
 166              		.align	2
 167              	.L15:
 168 0008 00E100E0 		.word	-536813312
 169              		.cfi_endproc
 170              	.LFE71:
 171              		.size	isr_tx_Enable, .-isr_tx_Enable
 172              		.section	.text.isr_tx_GetState,"ax",%progbits
 173              		.align	2
 174              		.global	isr_tx_GetState
 175              		.thumb
 176              		.thumb_func
 177              		.type	isr_tx_GetState, %function
 178              	isr_tx_GetState:
 179              	.LFB72:
 311:.\Generated_Source\PSoC5/isr_tx.c **** }
 312:.\Generated_Source\PSoC5/isr_tx.c **** 
 313:.\Generated_Source\PSoC5/isr_tx.c **** 
 314:.\Generated_Source\PSoC5/isr_tx.c **** /*******************************************************************************
 315:.\Generated_Source\PSoC5/isr_tx.c **** * Function Name: isr_tx_GetState
 316:.\Generated_Source\PSoC5/isr_tx.c **** ********************************************************************************
 317:.\Generated_Source\PSoC5/isr_tx.c **** *
 318:.\Generated_Source\PSoC5/isr_tx.c **** * Summary:
 319:.\Generated_Source\PSoC5/isr_tx.c **** *   Gets the state (enabled, disabled) of the Interrupt.
 320:.\Generated_Source\PSoC5/isr_tx.c **** *
 321:.\Generated_Source\PSoC5/isr_tx.c **** * Parameters:
 322:.\Generated_Source\PSoC5/isr_tx.c **** *   None
 323:.\Generated_Source\PSoC5/isr_tx.c **** *
 324:.\Generated_Source\PSoC5/isr_tx.c **** * Return:
 325:.\Generated_Source\PSoC5/isr_tx.c **** *   1 if enabled, 0 if disabled.
 326:.\Generated_Source\PSoC5/isr_tx.c **** *
 327:.\Generated_Source\PSoC5/isr_tx.c **** *******************************************************************************/
 328:.\Generated_Source\PSoC5/isr_tx.c **** uint8 isr_tx_GetState(void)
 329:.\Generated_Source\PSoC5/isr_tx.c **** {
 180              		.loc 1 329 0
 181              		.cfi_startproc
 182              		@ args = 0, pretend = 0, frame = 0
 183              		@ frame_needed = 0, uses_anonymous_args = 0
 184              		@ link register save eliminated.
ARM GAS  C:\Users\dell1\AppData\Local\Temp\ccoZnar2.s 			page 10


 330:.\Generated_Source\PSoC5/isr_tx.c ****     /* Get the state of the general interrupt. */
 331:.\Generated_Source\PSoC5/isr_tx.c ****     return ((*isr_tx_INTC_SET_EN & (uint32)isr_tx__INTC_MASK) != 0u) ? 1u:0u;
 185              		.loc 1 331 0
 186 0000 044B     		ldr	r3, .L20
 187 0002 1B68     		ldr	r3, [r3]
 188 0004 13F0040F 		tst	r3, #4
 189 0008 01D0     		beq	.L19
 190 000a 0120     		movs	r0, #1
 191 000c 7047     		bx	lr
 192              	.L19:
 193 000e 0020     		movs	r0, #0
 332:.\Generated_Source\PSoC5/isr_tx.c **** }
 194              		.loc 1 332 0
 195 0010 7047     		bx	lr
 196              	.L21:
 197 0012 00BF     		.align	2
 198              	.L20:
 199 0014 00E100E0 		.word	-536813312
 200              		.cfi_endproc
 201              	.LFE72:
 202              		.size	isr_tx_GetState, .-isr_tx_GetState
 203              		.section	.text.isr_tx_Disable,"ax",%progbits
 204              		.align	2
 205              		.global	isr_tx_Disable
 206              		.thumb
 207              		.thumb_func
 208              		.type	isr_tx_Disable, %function
 209              	isr_tx_Disable:
 210              	.LFB73:
 333:.\Generated_Source\PSoC5/isr_tx.c **** 
 334:.\Generated_Source\PSoC5/isr_tx.c **** 
 335:.\Generated_Source\PSoC5/isr_tx.c **** /*******************************************************************************
 336:.\Generated_Source\PSoC5/isr_tx.c **** * Function Name: isr_tx_Disable
 337:.\Generated_Source\PSoC5/isr_tx.c **** ********************************************************************************
 338:.\Generated_Source\PSoC5/isr_tx.c **** *
 339:.\Generated_Source\PSoC5/isr_tx.c **** * Summary:
 340:.\Generated_Source\PSoC5/isr_tx.c **** *   Disables the Interrupt in the interrupt controller.
 341:.\Generated_Source\PSoC5/isr_tx.c **** *
 342:.\Generated_Source\PSoC5/isr_tx.c **** * Parameters:
 343:.\Generated_Source\PSoC5/isr_tx.c **** *   None
 344:.\Generated_Source\PSoC5/isr_tx.c **** *
 345:.\Generated_Source\PSoC5/isr_tx.c **** * Return:
 346:.\Generated_Source\PSoC5/isr_tx.c **** *   None
 347:.\Generated_Source\PSoC5/isr_tx.c **** *
 348:.\Generated_Source\PSoC5/isr_tx.c **** *******************************************************************************/
 349:.\Generated_Source\PSoC5/isr_tx.c **** void isr_tx_Disable(void)
 350:.\Generated_Source\PSoC5/isr_tx.c **** {
 211              		.loc 1 350 0
 212              		.cfi_startproc
 213              		@ args = 0, pretend = 0, frame = 0
 214              		@ frame_needed = 0, uses_anonymous_args = 0
 215              		@ link register save eliminated.
 351:.\Generated_Source\PSoC5/isr_tx.c ****     /* Disable the general interrupt. */
 352:.\Generated_Source\PSoC5/isr_tx.c ****     *isr_tx_INTC_CLR_EN = isr_tx__INTC_MASK;
 216              		.loc 1 352 0
 217 0000 0422     		movs	r2, #4
 218 0002 014B     		ldr	r3, .L23
ARM GAS  C:\Users\dell1\AppData\Local\Temp\ccoZnar2.s 			page 11


 219 0004 1A60     		str	r2, [r3]
 220 0006 7047     		bx	lr
 221              	.L24:
 222              		.align	2
 223              	.L23:
 224 0008 80E100E0 		.word	-536813184
 225              		.cfi_endproc
 226              	.LFE73:
 227              		.size	isr_tx_Disable, .-isr_tx_Disable
 228              		.section	.text.isr_tx_Start,"ax",%progbits
 229              		.align	2
 230              		.global	isr_tx_Start
 231              		.thumb
 232              		.thumb_func
 233              		.type	isr_tx_Start, %function
 234              	isr_tx_Start:
 235              	.LFB63:
  62:.\Generated_Source\PSoC5/isr_tx.c ****     /* For all we know the interrupt is active. */
 236              		.loc 1 62 0
 237              		.cfi_startproc
 238              		@ args = 0, pretend = 0, frame = 0
 239              		@ frame_needed = 0, uses_anonymous_args = 0
 240 0000 08B5     		push	{r3, lr}
 241              		.cfi_def_cfa_offset 8
 242              		.cfi_offset 3, -8
 243              		.cfi_offset 14, -4
  64:.\Generated_Source\PSoC5/isr_tx.c **** 
 244              		.loc 1 64 0
 245 0002 FFF7FEFF 		bl	isr_tx_Disable
 246              	.LVL7:
  67:.\Generated_Source\PSoC5/isr_tx.c **** 
 247              		.loc 1 67 0
 248 0006 0448     		ldr	r0, .L27
 249 0008 FFF7FEFF 		bl	isr_tx_SetVector
 250              	.LVL8:
  70:.\Generated_Source\PSoC5/isr_tx.c **** 
 251              		.loc 1 70 0
 252 000c 0720     		movs	r0, #7
 253 000e FFF7FEFF 		bl	isr_tx_SetPriority
 254              	.LVL9:
  73:.\Generated_Source\PSoC5/isr_tx.c **** }
 255              		.loc 1 73 0
 256 0012 FFF7FEFF 		bl	isr_tx_Enable
 257              	.LVL10:
 258 0016 08BD     		pop	{r3, pc}
 259              	.L28:
 260              		.align	2
 261              	.L27:
 262 0018 00000000 		.word	isr_tx_Interrupt
 263              		.cfi_endproc
 264              	.LFE63:
 265              		.size	isr_tx_Start, .-isr_tx_Start
 266              		.section	.text.isr_tx_StartEx,"ax",%progbits
 267              		.align	2
 268              		.global	isr_tx_StartEx
 269              		.thumb
 270              		.thumb_func
ARM GAS  C:\Users\dell1\AppData\Local\Temp\ccoZnar2.s 			page 12


 271              		.type	isr_tx_StartEx, %function
 272              	isr_tx_StartEx:
 273              	.LFB64:
 105:.\Generated_Source\PSoC5/isr_tx.c ****     /* For all we know the interrupt is active. */
 274              		.loc 1 105 0
 275              		.cfi_startproc
 276              		@ args = 0, pretend = 0, frame = 0
 277              		@ frame_needed = 0, uses_anonymous_args = 0
 278              	.LVL11:
 279 0000 10B5     		push	{r4, lr}
 280              		.cfi_def_cfa_offset 8
 281              		.cfi_offset 4, -8
 282              		.cfi_offset 14, -4
 283 0002 0446     		mov	r4, r0
 107:.\Generated_Source\PSoC5/isr_tx.c **** 
 284              		.loc 1 107 0
 285 0004 FFF7FEFF 		bl	isr_tx_Disable
 286              	.LVL12:
 110:.\Generated_Source\PSoC5/isr_tx.c **** 
 287              		.loc 1 110 0
 288 0008 2046     		mov	r0, r4
 289 000a FFF7FEFF 		bl	isr_tx_SetVector
 290              	.LVL13:
 113:.\Generated_Source\PSoC5/isr_tx.c **** 
 291              		.loc 1 113 0
 292 000e 0720     		movs	r0, #7
 293 0010 FFF7FEFF 		bl	isr_tx_SetPriority
 294              	.LVL14:
 116:.\Generated_Source\PSoC5/isr_tx.c **** }
 295              		.loc 1 116 0
 296 0014 FFF7FEFF 		bl	isr_tx_Enable
 297              	.LVL15:
 298 0018 10BD     		pop	{r4, pc}
 299              		.cfi_endproc
 300              	.LFE64:
 301              		.size	isr_tx_StartEx, .-isr_tx_StartEx
 302 001a 00BF     		.section	.text.isr_tx_Stop,"ax",%progbits
 303              		.align	2
 304              		.global	isr_tx_Stop
 305              		.thumb
 306              		.thumb_func
 307              		.type	isr_tx_Stop, %function
 308              	isr_tx_Stop:
 309              	.LFB65:
 135:.\Generated_Source\PSoC5/isr_tx.c ****     /* Disable this interrupt. */
 310              		.loc 1 135 0
 311              		.cfi_startproc
 312              		@ args = 0, pretend = 0, frame = 0
 313              		@ frame_needed = 0, uses_anonymous_args = 0
 314 0000 08B5     		push	{r3, lr}
 315              		.cfi_def_cfa_offset 8
 316              		.cfi_offset 3, -8
 317              		.cfi_offset 14, -4
 137:.\Generated_Source\PSoC5/isr_tx.c **** 
 318              		.loc 1 137 0
 319 0002 FFF7FEFF 		bl	isr_tx_Disable
 320              	.LVL16:
ARM GAS  C:\Users\dell1\AppData\Local\Temp\ccoZnar2.s 			page 13


 140:.\Generated_Source\PSoC5/isr_tx.c **** }
 321              		.loc 1 140 0
 322 0006 0248     		ldr	r0, .L33
 323 0008 FFF7FEFF 		bl	isr_tx_SetVector
 324              	.LVL17:
 325 000c 08BD     		pop	{r3, pc}
 326              	.L34:
 327 000e 00BF     		.align	2
 328              	.L33:
 329 0010 00000000 		.word	IntDefaultHandler
 330              		.cfi_endproc
 331              	.LFE65:
 332              		.size	isr_tx_Stop, .-isr_tx_Stop
 333              		.section	.text.isr_tx_SetPending,"ax",%progbits
 334              		.align	2
 335              		.global	isr_tx_SetPending
 336              		.thumb
 337              		.thumb_func
 338              		.type	isr_tx_SetPending, %function
 339              	isr_tx_SetPending:
 340              	.LFB74:
 353:.\Generated_Source\PSoC5/isr_tx.c **** }
 354:.\Generated_Source\PSoC5/isr_tx.c **** 
 355:.\Generated_Source\PSoC5/isr_tx.c **** 
 356:.\Generated_Source\PSoC5/isr_tx.c **** /*******************************************************************************
 357:.\Generated_Source\PSoC5/isr_tx.c **** * Function Name: isr_tx_SetPending
 358:.\Generated_Source\PSoC5/isr_tx.c **** ********************************************************************************
 359:.\Generated_Source\PSoC5/isr_tx.c **** *
 360:.\Generated_Source\PSoC5/isr_tx.c **** * Summary:
 361:.\Generated_Source\PSoC5/isr_tx.c **** *   Causes the Interrupt to enter the pending state, a software method of
 362:.\Generated_Source\PSoC5/isr_tx.c **** *   generating the interrupt.
 363:.\Generated_Source\PSoC5/isr_tx.c **** *
 364:.\Generated_Source\PSoC5/isr_tx.c **** * Parameters:
 365:.\Generated_Source\PSoC5/isr_tx.c **** *   None
 366:.\Generated_Source\PSoC5/isr_tx.c **** *
 367:.\Generated_Source\PSoC5/isr_tx.c **** * Return:
 368:.\Generated_Source\PSoC5/isr_tx.c **** *   None
 369:.\Generated_Source\PSoC5/isr_tx.c **** *
 370:.\Generated_Source\PSoC5/isr_tx.c **** * Side Effects:
 371:.\Generated_Source\PSoC5/isr_tx.c **** *   If interrupts are enabled and the interrupt is set up properly, the ISR is
 372:.\Generated_Source\PSoC5/isr_tx.c **** *   entered (depending on the priority of this interrupt and other pending 
 373:.\Generated_Source\PSoC5/isr_tx.c **** *   interrupts).
 374:.\Generated_Source\PSoC5/isr_tx.c **** *
 375:.\Generated_Source\PSoC5/isr_tx.c **** *******************************************************************************/
 376:.\Generated_Source\PSoC5/isr_tx.c **** void isr_tx_SetPending(void)
 377:.\Generated_Source\PSoC5/isr_tx.c **** {
 341              		.loc 1 377 0
 342              		.cfi_startproc
 343              		@ args = 0, pretend = 0, frame = 0
 344              		@ frame_needed = 0, uses_anonymous_args = 0
 345              		@ link register save eliminated.
 378:.\Generated_Source\PSoC5/isr_tx.c ****     *isr_tx_INTC_SET_PD = isr_tx__INTC_MASK;
 346              		.loc 1 378 0
 347 0000 0422     		movs	r2, #4
 348 0002 014B     		ldr	r3, .L36
 349 0004 1A60     		str	r2, [r3]
 350 0006 7047     		bx	lr
ARM GAS  C:\Users\dell1\AppData\Local\Temp\ccoZnar2.s 			page 14


 351              	.L37:
 352              		.align	2
 353              	.L36:
 354 0008 00E200E0 		.word	-536813056
 355              		.cfi_endproc
 356              	.LFE74:
 357              		.size	isr_tx_SetPending, .-isr_tx_SetPending
 358              		.section	.text.isr_tx_ClearPending,"ax",%progbits
 359              		.align	2
 360              		.global	isr_tx_ClearPending
 361              		.thumb
 362              		.thumb_func
 363              		.type	isr_tx_ClearPending, %function
 364              	isr_tx_ClearPending:
 365              	.LFB75:
 379:.\Generated_Source\PSoC5/isr_tx.c **** }
 380:.\Generated_Source\PSoC5/isr_tx.c **** 
 381:.\Generated_Source\PSoC5/isr_tx.c **** 
 382:.\Generated_Source\PSoC5/isr_tx.c **** /*******************************************************************************
 383:.\Generated_Source\PSoC5/isr_tx.c **** * Function Name: isr_tx_ClearPending
 384:.\Generated_Source\PSoC5/isr_tx.c **** ********************************************************************************
 385:.\Generated_Source\PSoC5/isr_tx.c **** *
 386:.\Generated_Source\PSoC5/isr_tx.c **** * Summary:
 387:.\Generated_Source\PSoC5/isr_tx.c **** *   Clears a pending interrupt in the interrupt controller.
 388:.\Generated_Source\PSoC5/isr_tx.c **** *
 389:.\Generated_Source\PSoC5/isr_tx.c **** *   Note Some interrupt sources are clear-on-read and require the block 
 390:.\Generated_Source\PSoC5/isr_tx.c **** *   interrupt/status register to be read/cleared with the appropriate block API 
 391:.\Generated_Source\PSoC5/isr_tx.c **** *   (GPIO, UART, and so on). Otherwise the ISR will continue to remain in 
 392:.\Generated_Source\PSoC5/isr_tx.c **** *   pending state even though the interrupt itself is cleared using this API.
 393:.\Generated_Source\PSoC5/isr_tx.c **** *
 394:.\Generated_Source\PSoC5/isr_tx.c **** * Parameters:
 395:.\Generated_Source\PSoC5/isr_tx.c **** *   None
 396:.\Generated_Source\PSoC5/isr_tx.c **** *
 397:.\Generated_Source\PSoC5/isr_tx.c **** * Return:
 398:.\Generated_Source\PSoC5/isr_tx.c **** *   None
 399:.\Generated_Source\PSoC5/isr_tx.c **** *
 400:.\Generated_Source\PSoC5/isr_tx.c **** *******************************************************************************/
 401:.\Generated_Source\PSoC5/isr_tx.c **** void isr_tx_ClearPending(void)
 402:.\Generated_Source\PSoC5/isr_tx.c **** {
 366              		.loc 1 402 0
 367              		.cfi_startproc
 368              		@ args = 0, pretend = 0, frame = 0
 369              		@ frame_needed = 0, uses_anonymous_args = 0
 370              		@ link register save eliminated.
 403:.\Generated_Source\PSoC5/isr_tx.c ****     *isr_tx_INTC_CLR_PD = isr_tx__INTC_MASK;
 371              		.loc 1 403 0
 372 0000 0422     		movs	r2, #4
 373 0002 014B     		ldr	r3, .L39
 374 0004 1A60     		str	r2, [r3]
 375 0006 7047     		bx	lr
 376              	.L40:
 377              		.align	2
 378              	.L39:
 379 0008 80E200E0 		.word	-536812928
 380              		.cfi_endproc
 381              	.LFE75:
 382              		.size	isr_tx_ClearPending, .-isr_tx_ClearPending
ARM GAS  C:\Users\dell1\AppData\Local\Temp\ccoZnar2.s 			page 15


 383              		.text
 384              	.Letext0:
 385              		.file 2 "f:\\psoc\\psoc creator\\3.3\\psoc creator\\import\\gnu\\arm\\4.9.3\\arm-none-eabi\\includ
 386              		.file 3 "f:\\psoc\\psoc creator\\3.3\\psoc creator\\import\\gnu\\arm\\4.9.3\\arm-none-eabi\\includ
 387              		.file 4 "Generated_Source\\PSoC5/cytypes.h"
 388              		.file 5 "Generated_Source\\PSoC5/core_cm3.h"
 389              		.section	.debug_info,"",%progbits
 390              	.Ldebug_info0:
 391 0000 EE020000 		.4byte	0x2ee
 392 0004 0400     		.2byte	0x4
 393 0006 00000000 		.4byte	.Ldebug_abbrev0
 394 000a 04       		.byte	0x4
 395 000b 01       		.uleb128 0x1
 396 000c 81010000 		.4byte	.LASF35
 397 0010 01       		.byte	0x1
 398 0011 44000000 		.4byte	.LASF36
 399 0015 06000000 		.4byte	.LASF37
 400 0019 00000000 		.4byte	.Ldebug_ranges0+0
 401 001d 00000000 		.4byte	0
 402 0021 00000000 		.4byte	.Ldebug_line0
 403 0025 02       		.uleb128 0x2
 404 0026 04       		.byte	0x4
 405 0027 05       		.byte	0x5
 406 0028 696E7400 		.ascii	"int\000"
 407 002c 03       		.uleb128 0x3
 408 002d 04       		.byte	0x4
 409 002e 07       		.byte	0x7
 410 002f 55010000 		.4byte	.LASF0
 411 0033 03       		.uleb128 0x3
 412 0034 01       		.byte	0x1
 413 0035 06       		.byte	0x6
 414 0036 85020000 		.4byte	.LASF1
 415 003a 03       		.uleb128 0x3
 416 003b 01       		.byte	0x1
 417 003c 08       		.byte	0x8
 418 003d B9000000 		.4byte	.LASF2
 419 0041 03       		.uleb128 0x3
 420 0042 02       		.byte	0x2
 421 0043 05       		.byte	0x5
 422 0044 6C020000 		.4byte	.LASF3
 423 0048 03       		.uleb128 0x3
 424 0049 02       		.byte	0x2
 425 004a 07       		.byte	0x7
 426 004b EF000000 		.4byte	.LASF4
 427 004f 04       		.uleb128 0x4
 428 0050 76000000 		.4byte	.LASF11
 429 0054 02       		.byte	0x2
 430 0055 3F       		.byte	0x3f
 431 0056 5A000000 		.4byte	0x5a
 432 005a 03       		.uleb128 0x3
 433 005b 04       		.byte	0x4
 434 005c 05       		.byte	0x5
 435 005d 7C020000 		.4byte	.LASF5
 436 0061 03       		.uleb128 0x3
 437 0062 04       		.byte	0x4
 438 0063 07       		.byte	0x7
 439 0064 DD000000 		.4byte	.LASF6
ARM GAS  C:\Users\dell1\AppData\Local\Temp\ccoZnar2.s 			page 16


 440 0068 03       		.uleb128 0x3
 441 0069 08       		.byte	0x8
 442 006a 05       		.byte	0x5
 443 006b 39020000 		.4byte	.LASF7
 444 006f 03       		.uleb128 0x3
 445 0070 08       		.byte	0x8
 446 0071 07       		.byte	0x7
 447 0072 6A010000 		.4byte	.LASF8
 448 0076 03       		.uleb128 0x3
 449 0077 04       		.byte	0x4
 450 0078 07       		.byte	0x7
 451 0079 30020000 		.4byte	.LASF9
 452 007d 05       		.uleb128 0x5
 453 007e 04       		.byte	0x4
 454 007f 83000000 		.4byte	0x83
 455 0083 06       		.uleb128 0x6
 456 0084 03       		.uleb128 0x3
 457 0085 01       		.byte	0x1
 458 0086 08       		.byte	0x8
 459 0087 47020000 		.4byte	.LASF10
 460 008b 04       		.uleb128 0x4
 461 008c 1C020000 		.4byte	.LASF12
 462 0090 03       		.byte	0x3
 463 0091 2C       		.byte	0x2c
 464 0092 4F000000 		.4byte	0x4f
 465 0096 07       		.uleb128 0x7
 466 0097 76020000 		.4byte	.LASF13
 467 009b 04       		.byte	0x4
 468 009c 9201     		.2byte	0x192
 469 009e 3A000000 		.4byte	0x3a
 470 00a2 07       		.uleb128 0x7
 471 00a3 2C010000 		.4byte	.LASF14
 472 00a7 04       		.byte	0x4
 473 00a8 9401     		.2byte	0x194
 474 00aa 61000000 		.4byte	0x61
 475 00ae 03       		.uleb128 0x3
 476 00af 04       		.byte	0x4
 477 00b0 04       		.byte	0x4
 478 00b1 B3000000 		.4byte	.LASF15
 479 00b5 03       		.uleb128 0x3
 480 00b6 08       		.byte	0x8
 481 00b7 04       		.byte	0x4
 482 00b8 0F010000 		.4byte	.LASF16
 483 00bc 07       		.uleb128 0x7
 484 00bd D8000000 		.4byte	.LASF17
 485 00c1 04       		.byte	0x4
 486 00c2 3C02     		.2byte	0x23c
 487 00c4 C8000000 		.4byte	0xc8
 488 00c8 08       		.uleb128 0x8
 489 00c9 96000000 		.4byte	0x96
 490 00cd 07       		.uleb128 0x7
 491 00ce 00000000 		.4byte	.LASF18
 492 00d2 04       		.byte	0x4
 493 00d3 3E02     		.2byte	0x23e
 494 00d5 D9000000 		.4byte	0xd9
 495 00d9 08       		.uleb128 0x8
 496 00da A2000000 		.4byte	0xa2
ARM GAS  C:\Users\dell1\AppData\Local\Temp\ccoZnar2.s 			page 17


 497 00de 07       		.uleb128 0x7
 498 00df 0F020000 		.4byte	.LASF19
 499 00e3 04       		.byte	0x4
 500 00e4 4E02     		.2byte	0x24e
 501 00e6 7D000000 		.4byte	0x7d
 502 00ea 09       		.uleb128 0x9
 503 00eb 93000000 		.4byte	.LASF27
 504 00ef 01       		.byte	0x1
 505 00f0 A0       		.byte	0xa0
 506 00f1 00000000 		.4byte	.LFB66
 507 00f5 02000000 		.4byte	.LFE66-.LFB66
 508 00f9 01       		.uleb128 0x1
 509 00fa 9C       		.byte	0x9c
 510 00fb 0A       		.uleb128 0xa
 511 00fc 5B020000 		.4byte	.LASF21
 512 0100 01       		.byte	0x1
 513 0101 C8       		.byte	0xc8
 514 0102 00000000 		.4byte	.LFB67
 515 0106 0C000000 		.4byte	.LFE67-.LFB67
 516 010a 01       		.uleb128 0x1
 517 010b 9C       		.byte	0x9c
 518 010c 2B010000 		.4byte	0x12b
 519 0110 0B       		.uleb128 0xb
 520 0111 62010000 		.4byte	.LASF23
 521 0115 01       		.byte	0x1
 522 0116 C8       		.byte	0xc8
 523 0117 DE000000 		.4byte	0xde
 524 011b 01       		.uleb128 0x1
 525 011c 50       		.byte	0x50
 526 011d 0C       		.uleb128 0xc
 527 011e 4C020000 		.4byte	.LASF20
 528 0122 01       		.byte	0x1
 529 0123 CA       		.byte	0xca
 530 0124 2B010000 		.4byte	0x12b
 531 0128 01       		.uleb128 0x1
 532 0129 53       		.byte	0x53
 533 012a 00       		.byte	0
 534 012b 05       		.uleb128 0x5
 535 012c 04       		.byte	0x4
 536 012d DE000000 		.4byte	0xde
 537 0131 0D       		.uleb128 0xd
 538 0132 C7000000 		.4byte	.LASF25
 539 0136 01       		.byte	0x1
 540 0137 E0       		.byte	0xe0
 541 0138 DE000000 		.4byte	0xde
 542 013c 00000000 		.4byte	.LFB68
 543 0140 0C000000 		.4byte	.LFE68-.LFB68
 544 0144 01       		.uleb128 0x1
 545 0145 9C       		.byte	0x9c
 546 0146 58010000 		.4byte	0x158
 547 014a 0C       		.uleb128 0xc
 548 014b 4C020000 		.4byte	.LASF20
 549 014f 01       		.byte	0x1
 550 0150 E2       		.byte	0xe2
 551 0151 2B010000 		.4byte	0x12b
 552 0155 01       		.uleb128 0x1
 553 0156 53       		.byte	0x53
ARM GAS  C:\Users\dell1\AppData\Local\Temp\ccoZnar2.s 			page 18


 554 0157 00       		.byte	0
 555 0158 0E       		.uleb128 0xe
 556 0159 42010000 		.4byte	.LASF22
 557 015d 01       		.byte	0x1
 558 015e 0201     		.2byte	0x102
 559 0160 00000000 		.4byte	.LFB69
 560 0164 10000000 		.4byte	.LFE69-.LFB69
 561 0168 01       		.uleb128 0x1
 562 0169 9C       		.byte	0x9c
 563 016a 7F010000 		.4byte	0x17f
 564 016e 0F       		.uleb128 0xf
 565 016f 23010000 		.4byte	.LASF24
 566 0173 01       		.byte	0x1
 567 0174 0201     		.2byte	0x102
 568 0176 96000000 		.4byte	0x96
 569 017a 00000000 		.4byte	.LLST0
 570 017e 00       		.byte	0
 571 017f 10       		.uleb128 0x10
 572 0180 80000000 		.4byte	.LASF26
 573 0184 01       		.byte	0x1
 574 0185 1801     		.2byte	0x118
 575 0187 96000000 		.4byte	0x96
 576 018b 00000000 		.4byte	.LFB70
 577 018f 0C000000 		.4byte	.LFE70-.LFB70
 578 0193 01       		.uleb128 0x1
 579 0194 9C       		.byte	0x9c
 580 0195 AA010000 		.4byte	0x1aa
 581 0199 11       		.uleb128 0x11
 582 019a 23010000 		.4byte	.LASF24
 583 019e 01       		.byte	0x1
 584 019f 1A01     		.2byte	0x11a
 585 01a1 96000000 		.4byte	0x96
 586 01a5 21000000 		.4byte	.LLST1
 587 01a9 00       		.byte	0
 588 01aa 12       		.uleb128 0x12
 589 01ab 36000000 		.4byte	.LASF28
 590 01af 01       		.byte	0x1
 591 01b0 3301     		.2byte	0x133
 592 01b2 00000000 		.4byte	.LFB71
 593 01b6 0C000000 		.4byte	.LFE71-.LFB71
 594 01ba 01       		.uleb128 0x1
 595 01bb 9C       		.byte	0x9c
 596 01bc 13       		.uleb128 0x13
 597 01bd 66000000 		.4byte	.LASF38
 598 01c1 01       		.byte	0x1
 599 01c2 4801     		.2byte	0x148
 600 01c4 96000000 		.4byte	0x96
 601 01c8 00000000 		.4byte	.LFB72
 602 01cc 18000000 		.4byte	.LFE72-.LFB72
 603 01d0 01       		.uleb128 0x1
 604 01d1 9C       		.byte	0x9c
 605 01d2 12       		.uleb128 0x12
 606 01d3 33010000 		.4byte	.LASF29
 607 01d7 01       		.byte	0x1
 608 01d8 5D01     		.2byte	0x15d
 609 01da 00000000 		.4byte	.LFB73
 610 01de 0C000000 		.4byte	.LFE73-.LFB73
ARM GAS  C:\Users\dell1\AppData\Local\Temp\ccoZnar2.s 			page 19


 611 01e2 01       		.uleb128 0x1
 612 01e3 9C       		.byte	0x9c
 613 01e4 0A       		.uleb128 0xa
 614 01e5 16010000 		.4byte	.LASF30
 615 01e9 01       		.byte	0x1
 616 01ea 3D       		.byte	0x3d
 617 01eb 00000000 		.4byte	.LFB63
 618 01ef 1C000000 		.4byte	.LFE63-.LFB63
 619 01f3 01       		.uleb128 0x1
 620 01f4 9C       		.byte	0x9c
 621 01f5 36020000 		.4byte	0x236
 622 01f9 14       		.uleb128 0x14
 623 01fa 06000000 		.4byte	.LVL7
 624 01fe D2010000 		.4byte	0x1d2
 625 0202 15       		.uleb128 0x15
 626 0203 0C000000 		.4byte	.LVL8
 627 0207 FB000000 		.4byte	0xfb
 628 020b 19020000 		.4byte	0x219
 629 020f 16       		.uleb128 0x16
 630 0210 01       		.uleb128 0x1
 631 0211 50       		.byte	0x50
 632 0212 05       		.uleb128 0x5
 633 0213 03       		.byte	0x3
 634 0214 00000000 		.4byte	isr_tx_Interrupt
 635 0218 00       		.byte	0
 636 0219 15       		.uleb128 0x15
 637 021a 12000000 		.4byte	.LVL9
 638 021e 58010000 		.4byte	0x158
 639 0222 2C020000 		.4byte	0x22c
 640 0226 16       		.uleb128 0x16
 641 0227 01       		.uleb128 0x1
 642 0228 50       		.byte	0x50
 643 0229 01       		.uleb128 0x1
 644 022a 37       		.byte	0x37
 645 022b 00       		.byte	0
 646 022c 14       		.uleb128 0x14
 647 022d 16000000 		.4byte	.LVL10
 648 0231 AA010000 		.4byte	0x1aa
 649 0235 00       		.byte	0
 650 0236 0A       		.uleb128 0xa
 651 0237 A4000000 		.4byte	.LASF31
 652 023b 01       		.byte	0x1
 653 023c 68       		.byte	0x68
 654 023d 00000000 		.4byte	.LFB64
 655 0241 1A000000 		.4byte	.LFE64-.LFB64
 656 0245 01       		.uleb128 0x1
 657 0246 9C       		.byte	0x9c
 658 0247 94020000 		.4byte	0x294
 659 024b 17       		.uleb128 0x17
 660 024c 62010000 		.4byte	.LASF23
 661 0250 01       		.byte	0x1
 662 0251 68       		.byte	0x68
 663 0252 DE000000 		.4byte	0xde
 664 0256 38000000 		.4byte	.LLST2
 665 025a 14       		.uleb128 0x14
 666 025b 08000000 		.4byte	.LVL12
 667 025f D2010000 		.4byte	0x1d2
ARM GAS  C:\Users\dell1\AppData\Local\Temp\ccoZnar2.s 			page 20


 668 0263 15       		.uleb128 0x15
 669 0264 0E000000 		.4byte	.LVL13
 670 0268 FB000000 		.4byte	0xfb
 671 026c 77020000 		.4byte	0x277
 672 0270 16       		.uleb128 0x16
 673 0271 01       		.uleb128 0x1
 674 0272 50       		.byte	0x50
 675 0273 02       		.uleb128 0x2
 676 0274 74       		.byte	0x74
 677 0275 00       		.sleb128 0
 678 0276 00       		.byte	0
 679 0277 15       		.uleb128 0x15
 680 0278 14000000 		.4byte	.LVL14
 681 027c 58010000 		.4byte	0x158
 682 0280 8A020000 		.4byte	0x28a
 683 0284 16       		.uleb128 0x16
 684 0285 01       		.uleb128 0x1
 685 0286 50       		.byte	0x50
 686 0287 01       		.uleb128 0x1
 687 0288 37       		.byte	0x37
 688 0289 00       		.byte	0
 689 028a 14       		.uleb128 0x14
 690 028b 18000000 		.4byte	.LVL15
 691 028f AA010000 		.4byte	0x1aa
 692 0293 00       		.byte	0
 693 0294 0A       		.uleb128 0xa
 694 0295 24020000 		.4byte	.LASF32
 695 0299 01       		.byte	0x1
 696 029a 86       		.byte	0x86
 697 029b 00000000 		.4byte	.LFB65
 698 029f 14000000 		.4byte	.LFE65-.LFB65
 699 02a3 01       		.uleb128 0x1
 700 02a4 9C       		.byte	0x9c
 701 02a5 BC020000 		.4byte	0x2bc
 702 02a9 14       		.uleb128 0x14
 703 02aa 06000000 		.4byte	.LVL16
 704 02ae D2010000 		.4byte	0x1d2
 705 02b2 14       		.uleb128 0x14
 706 02b3 0C000000 		.4byte	.LVL17
 707 02b7 FB000000 		.4byte	0xfb
 708 02bb 00       		.byte	0
 709 02bc 12       		.uleb128 0x12
 710 02bd A5020000 		.4byte	.LASF33
 711 02c1 01       		.byte	0x1
 712 02c2 7801     		.2byte	0x178
 713 02c4 00000000 		.4byte	.LFB74
 714 02c8 0C000000 		.4byte	.LFE74-.LFB74
 715 02cc 01       		.uleb128 0x1
 716 02cd 9C       		.byte	0x9c
 717 02ce 12       		.uleb128 0x12
 718 02cf 91020000 		.4byte	.LASF34
 719 02d3 01       		.byte	0x1
 720 02d4 9101     		.2byte	0x191
 721 02d6 00000000 		.4byte	.LFB75
 722 02da 0C000000 		.4byte	.LFE75-.LFB75
 723 02de 01       		.uleb128 0x1
 724 02df 9C       		.byte	0x9c
ARM GAS  C:\Users\dell1\AppData\Local\Temp\ccoZnar2.s 			page 21


 725 02e0 18       		.uleb128 0x18
 726 02e1 02010000 		.4byte	.LASF39
 727 02e5 05       		.byte	0x5
 728 02e6 9606     		.2byte	0x696
 729 02e8 EC020000 		.4byte	0x2ec
 730 02ec 08       		.uleb128 0x8
 731 02ed 8B000000 		.4byte	0x8b
 732 02f1 00       		.byte	0
 733              		.section	.debug_abbrev,"",%progbits
 734              	.Ldebug_abbrev0:
 735 0000 01       		.uleb128 0x1
 736 0001 11       		.uleb128 0x11
 737 0002 01       		.byte	0x1
 738 0003 25       		.uleb128 0x25
 739 0004 0E       		.uleb128 0xe
 740 0005 13       		.uleb128 0x13
 741 0006 0B       		.uleb128 0xb
 742 0007 03       		.uleb128 0x3
 743 0008 0E       		.uleb128 0xe
 744 0009 1B       		.uleb128 0x1b
 745 000a 0E       		.uleb128 0xe
 746 000b 55       		.uleb128 0x55
 747 000c 17       		.uleb128 0x17
 748 000d 11       		.uleb128 0x11
 749 000e 01       		.uleb128 0x1
 750 000f 10       		.uleb128 0x10
 751 0010 17       		.uleb128 0x17
 752 0011 00       		.byte	0
 753 0012 00       		.byte	0
 754 0013 02       		.uleb128 0x2
 755 0014 24       		.uleb128 0x24
 756 0015 00       		.byte	0
 757 0016 0B       		.uleb128 0xb
 758 0017 0B       		.uleb128 0xb
 759 0018 3E       		.uleb128 0x3e
 760 0019 0B       		.uleb128 0xb
 761 001a 03       		.uleb128 0x3
 762 001b 08       		.uleb128 0x8
 763 001c 00       		.byte	0
 764 001d 00       		.byte	0
 765 001e 03       		.uleb128 0x3
 766 001f 24       		.uleb128 0x24
 767 0020 00       		.byte	0
 768 0021 0B       		.uleb128 0xb
 769 0022 0B       		.uleb128 0xb
 770 0023 3E       		.uleb128 0x3e
 771 0024 0B       		.uleb128 0xb
 772 0025 03       		.uleb128 0x3
 773 0026 0E       		.uleb128 0xe
 774 0027 00       		.byte	0
 775 0028 00       		.byte	0
 776 0029 04       		.uleb128 0x4
 777 002a 16       		.uleb128 0x16
 778 002b 00       		.byte	0
 779 002c 03       		.uleb128 0x3
 780 002d 0E       		.uleb128 0xe
 781 002e 3A       		.uleb128 0x3a
ARM GAS  C:\Users\dell1\AppData\Local\Temp\ccoZnar2.s 			page 22


 782 002f 0B       		.uleb128 0xb
 783 0030 3B       		.uleb128 0x3b
 784 0031 0B       		.uleb128 0xb
 785 0032 49       		.uleb128 0x49
 786 0033 13       		.uleb128 0x13
 787 0034 00       		.byte	0
 788 0035 00       		.byte	0
 789 0036 05       		.uleb128 0x5
 790 0037 0F       		.uleb128 0xf
 791 0038 00       		.byte	0
 792 0039 0B       		.uleb128 0xb
 793 003a 0B       		.uleb128 0xb
 794 003b 49       		.uleb128 0x49
 795 003c 13       		.uleb128 0x13
 796 003d 00       		.byte	0
 797 003e 00       		.byte	0
 798 003f 06       		.uleb128 0x6
 799 0040 15       		.uleb128 0x15
 800 0041 00       		.byte	0
 801 0042 27       		.uleb128 0x27
 802 0043 19       		.uleb128 0x19
 803 0044 00       		.byte	0
 804 0045 00       		.byte	0
 805 0046 07       		.uleb128 0x7
 806 0047 16       		.uleb128 0x16
 807 0048 00       		.byte	0
 808 0049 03       		.uleb128 0x3
 809 004a 0E       		.uleb128 0xe
 810 004b 3A       		.uleb128 0x3a
 811 004c 0B       		.uleb128 0xb
 812 004d 3B       		.uleb128 0x3b
 813 004e 05       		.uleb128 0x5
 814 004f 49       		.uleb128 0x49
 815 0050 13       		.uleb128 0x13
 816 0051 00       		.byte	0
 817 0052 00       		.byte	0
 818 0053 08       		.uleb128 0x8
 819 0054 35       		.uleb128 0x35
 820 0055 00       		.byte	0
 821 0056 49       		.uleb128 0x49
 822 0057 13       		.uleb128 0x13
 823 0058 00       		.byte	0
 824 0059 00       		.byte	0
 825 005a 09       		.uleb128 0x9
 826 005b 2E       		.uleb128 0x2e
 827 005c 00       		.byte	0
 828 005d 3F       		.uleb128 0x3f
 829 005e 19       		.uleb128 0x19
 830 005f 03       		.uleb128 0x3
 831 0060 0E       		.uleb128 0xe
 832 0061 3A       		.uleb128 0x3a
 833 0062 0B       		.uleb128 0xb
 834 0063 3B       		.uleb128 0x3b
 835 0064 0B       		.uleb128 0xb
 836 0065 27       		.uleb128 0x27
 837 0066 19       		.uleb128 0x19
 838 0067 11       		.uleb128 0x11
ARM GAS  C:\Users\dell1\AppData\Local\Temp\ccoZnar2.s 			page 23


 839 0068 01       		.uleb128 0x1
 840 0069 12       		.uleb128 0x12
 841 006a 06       		.uleb128 0x6
 842 006b 40       		.uleb128 0x40
 843 006c 18       		.uleb128 0x18
 844 006d 9742     		.uleb128 0x2117
 845 006f 19       		.uleb128 0x19
 846 0070 00       		.byte	0
 847 0071 00       		.byte	0
 848 0072 0A       		.uleb128 0xa
 849 0073 2E       		.uleb128 0x2e
 850 0074 01       		.byte	0x1
 851 0075 3F       		.uleb128 0x3f
 852 0076 19       		.uleb128 0x19
 853 0077 03       		.uleb128 0x3
 854 0078 0E       		.uleb128 0xe
 855 0079 3A       		.uleb128 0x3a
 856 007a 0B       		.uleb128 0xb
 857 007b 3B       		.uleb128 0x3b
 858 007c 0B       		.uleb128 0xb
 859 007d 27       		.uleb128 0x27
 860 007e 19       		.uleb128 0x19
 861 007f 11       		.uleb128 0x11
 862 0080 01       		.uleb128 0x1
 863 0081 12       		.uleb128 0x12
 864 0082 06       		.uleb128 0x6
 865 0083 40       		.uleb128 0x40
 866 0084 18       		.uleb128 0x18
 867 0085 9742     		.uleb128 0x2117
 868 0087 19       		.uleb128 0x19
 869 0088 01       		.uleb128 0x1
 870 0089 13       		.uleb128 0x13
 871 008a 00       		.byte	0
 872 008b 00       		.byte	0
 873 008c 0B       		.uleb128 0xb
 874 008d 05       		.uleb128 0x5
 875 008e 00       		.byte	0
 876 008f 03       		.uleb128 0x3
 877 0090 0E       		.uleb128 0xe
 878 0091 3A       		.uleb128 0x3a
 879 0092 0B       		.uleb128 0xb
 880 0093 3B       		.uleb128 0x3b
 881 0094 0B       		.uleb128 0xb
 882 0095 49       		.uleb128 0x49
 883 0096 13       		.uleb128 0x13
 884 0097 02       		.uleb128 0x2
 885 0098 18       		.uleb128 0x18
 886 0099 00       		.byte	0
 887 009a 00       		.byte	0
 888 009b 0C       		.uleb128 0xc
 889 009c 34       		.uleb128 0x34
 890 009d 00       		.byte	0
 891 009e 03       		.uleb128 0x3
 892 009f 0E       		.uleb128 0xe
 893 00a0 3A       		.uleb128 0x3a
 894 00a1 0B       		.uleb128 0xb
 895 00a2 3B       		.uleb128 0x3b
ARM GAS  C:\Users\dell1\AppData\Local\Temp\ccoZnar2.s 			page 24


 896 00a3 0B       		.uleb128 0xb
 897 00a4 49       		.uleb128 0x49
 898 00a5 13       		.uleb128 0x13
 899 00a6 02       		.uleb128 0x2
 900 00a7 18       		.uleb128 0x18
 901 00a8 00       		.byte	0
 902 00a9 00       		.byte	0
 903 00aa 0D       		.uleb128 0xd
 904 00ab 2E       		.uleb128 0x2e
 905 00ac 01       		.byte	0x1
 906 00ad 3F       		.uleb128 0x3f
 907 00ae 19       		.uleb128 0x19
 908 00af 03       		.uleb128 0x3
 909 00b0 0E       		.uleb128 0xe
 910 00b1 3A       		.uleb128 0x3a
 911 00b2 0B       		.uleb128 0xb
 912 00b3 3B       		.uleb128 0x3b
 913 00b4 0B       		.uleb128 0xb
 914 00b5 27       		.uleb128 0x27
 915 00b6 19       		.uleb128 0x19
 916 00b7 49       		.uleb128 0x49
 917 00b8 13       		.uleb128 0x13
 918 00b9 11       		.uleb128 0x11
 919 00ba 01       		.uleb128 0x1
 920 00bb 12       		.uleb128 0x12
 921 00bc 06       		.uleb128 0x6
 922 00bd 40       		.uleb128 0x40
 923 00be 18       		.uleb128 0x18
 924 00bf 9742     		.uleb128 0x2117
 925 00c1 19       		.uleb128 0x19
 926 00c2 01       		.uleb128 0x1
 927 00c3 13       		.uleb128 0x13
 928 00c4 00       		.byte	0
 929 00c5 00       		.byte	0
 930 00c6 0E       		.uleb128 0xe
 931 00c7 2E       		.uleb128 0x2e
 932 00c8 01       		.byte	0x1
 933 00c9 3F       		.uleb128 0x3f
 934 00ca 19       		.uleb128 0x19
 935 00cb 03       		.uleb128 0x3
 936 00cc 0E       		.uleb128 0xe
 937 00cd 3A       		.uleb128 0x3a
 938 00ce 0B       		.uleb128 0xb
 939 00cf 3B       		.uleb128 0x3b
 940 00d0 05       		.uleb128 0x5
 941 00d1 27       		.uleb128 0x27
 942 00d2 19       		.uleb128 0x19
 943 00d3 11       		.uleb128 0x11
 944 00d4 01       		.uleb128 0x1
 945 00d5 12       		.uleb128 0x12
 946 00d6 06       		.uleb128 0x6
 947 00d7 40       		.uleb128 0x40
 948 00d8 18       		.uleb128 0x18
 949 00d9 9742     		.uleb128 0x2117
 950 00db 19       		.uleb128 0x19
 951 00dc 01       		.uleb128 0x1
 952 00dd 13       		.uleb128 0x13
ARM GAS  C:\Users\dell1\AppData\Local\Temp\ccoZnar2.s 			page 25


 953 00de 00       		.byte	0
 954 00df 00       		.byte	0
 955 00e0 0F       		.uleb128 0xf
 956 00e1 05       		.uleb128 0x5
 957 00e2 00       		.byte	0
 958 00e3 03       		.uleb128 0x3
 959 00e4 0E       		.uleb128 0xe
 960 00e5 3A       		.uleb128 0x3a
 961 00e6 0B       		.uleb128 0xb
 962 00e7 3B       		.uleb128 0x3b
 963 00e8 05       		.uleb128 0x5
 964 00e9 49       		.uleb128 0x49
 965 00ea 13       		.uleb128 0x13
 966 00eb 02       		.uleb128 0x2
 967 00ec 17       		.uleb128 0x17
 968 00ed 00       		.byte	0
 969 00ee 00       		.byte	0
 970 00ef 10       		.uleb128 0x10
 971 00f0 2E       		.uleb128 0x2e
 972 00f1 01       		.byte	0x1
 973 00f2 3F       		.uleb128 0x3f
 974 00f3 19       		.uleb128 0x19
 975 00f4 03       		.uleb128 0x3
 976 00f5 0E       		.uleb128 0xe
 977 00f6 3A       		.uleb128 0x3a
 978 00f7 0B       		.uleb128 0xb
 979 00f8 3B       		.uleb128 0x3b
 980 00f9 05       		.uleb128 0x5
 981 00fa 27       		.uleb128 0x27
 982 00fb 19       		.uleb128 0x19
 983 00fc 49       		.uleb128 0x49
 984 00fd 13       		.uleb128 0x13
 985 00fe 11       		.uleb128 0x11
 986 00ff 01       		.uleb128 0x1
 987 0100 12       		.uleb128 0x12
 988 0101 06       		.uleb128 0x6
 989 0102 40       		.uleb128 0x40
 990 0103 18       		.uleb128 0x18
 991 0104 9742     		.uleb128 0x2117
 992 0106 19       		.uleb128 0x19
 993 0107 01       		.uleb128 0x1
 994 0108 13       		.uleb128 0x13
 995 0109 00       		.byte	0
 996 010a 00       		.byte	0
 997 010b 11       		.uleb128 0x11
 998 010c 34       		.uleb128 0x34
 999 010d 00       		.byte	0
 1000 010e 03       		.uleb128 0x3
 1001 010f 0E       		.uleb128 0xe
 1002 0110 3A       		.uleb128 0x3a
 1003 0111 0B       		.uleb128 0xb
 1004 0112 3B       		.uleb128 0x3b
 1005 0113 05       		.uleb128 0x5
 1006 0114 49       		.uleb128 0x49
 1007 0115 13       		.uleb128 0x13
 1008 0116 02       		.uleb128 0x2
 1009 0117 17       		.uleb128 0x17
ARM GAS  C:\Users\dell1\AppData\Local\Temp\ccoZnar2.s 			page 26


 1010 0118 00       		.byte	0
 1011 0119 00       		.byte	0
 1012 011a 12       		.uleb128 0x12
 1013 011b 2E       		.uleb128 0x2e
 1014 011c 00       		.byte	0
 1015 011d 3F       		.uleb128 0x3f
 1016 011e 19       		.uleb128 0x19
 1017 011f 03       		.uleb128 0x3
 1018 0120 0E       		.uleb128 0xe
 1019 0121 3A       		.uleb128 0x3a
 1020 0122 0B       		.uleb128 0xb
 1021 0123 3B       		.uleb128 0x3b
 1022 0124 05       		.uleb128 0x5
 1023 0125 27       		.uleb128 0x27
 1024 0126 19       		.uleb128 0x19
 1025 0127 11       		.uleb128 0x11
 1026 0128 01       		.uleb128 0x1
 1027 0129 12       		.uleb128 0x12
 1028 012a 06       		.uleb128 0x6
 1029 012b 40       		.uleb128 0x40
 1030 012c 18       		.uleb128 0x18
 1031 012d 9742     		.uleb128 0x2117
 1032 012f 19       		.uleb128 0x19
 1033 0130 00       		.byte	0
 1034 0131 00       		.byte	0
 1035 0132 13       		.uleb128 0x13
 1036 0133 2E       		.uleb128 0x2e
 1037 0134 00       		.byte	0
 1038 0135 3F       		.uleb128 0x3f
 1039 0136 19       		.uleb128 0x19
 1040 0137 03       		.uleb128 0x3
 1041 0138 0E       		.uleb128 0xe
 1042 0139 3A       		.uleb128 0x3a
 1043 013a 0B       		.uleb128 0xb
 1044 013b 3B       		.uleb128 0x3b
 1045 013c 05       		.uleb128 0x5
 1046 013d 27       		.uleb128 0x27
 1047 013e 19       		.uleb128 0x19
 1048 013f 49       		.uleb128 0x49
 1049 0140 13       		.uleb128 0x13
 1050 0141 11       		.uleb128 0x11
 1051 0142 01       		.uleb128 0x1
 1052 0143 12       		.uleb128 0x12
 1053 0144 06       		.uleb128 0x6
 1054 0145 40       		.uleb128 0x40
 1055 0146 18       		.uleb128 0x18
 1056 0147 9742     		.uleb128 0x2117
 1057 0149 19       		.uleb128 0x19
 1058 014a 00       		.byte	0
 1059 014b 00       		.byte	0
 1060 014c 14       		.uleb128 0x14
 1061 014d 898201   		.uleb128 0x4109
 1062 0150 00       		.byte	0
 1063 0151 11       		.uleb128 0x11
 1064 0152 01       		.uleb128 0x1
 1065 0153 31       		.uleb128 0x31
 1066 0154 13       		.uleb128 0x13
ARM GAS  C:\Users\dell1\AppData\Local\Temp\ccoZnar2.s 			page 27


 1067 0155 00       		.byte	0
 1068 0156 00       		.byte	0
 1069 0157 15       		.uleb128 0x15
 1070 0158 898201   		.uleb128 0x4109
 1071 015b 01       		.byte	0x1
 1072 015c 11       		.uleb128 0x11
 1073 015d 01       		.uleb128 0x1
 1074 015e 31       		.uleb128 0x31
 1075 015f 13       		.uleb128 0x13
 1076 0160 01       		.uleb128 0x1
 1077 0161 13       		.uleb128 0x13
 1078 0162 00       		.byte	0
 1079 0163 00       		.byte	0
 1080 0164 16       		.uleb128 0x16
 1081 0165 8A8201   		.uleb128 0x410a
 1082 0168 00       		.byte	0
 1083 0169 02       		.uleb128 0x2
 1084 016a 18       		.uleb128 0x18
 1085 016b 9142     		.uleb128 0x2111
 1086 016d 18       		.uleb128 0x18
 1087 016e 00       		.byte	0
 1088 016f 00       		.byte	0
 1089 0170 17       		.uleb128 0x17
 1090 0171 05       		.uleb128 0x5
 1091 0172 00       		.byte	0
 1092 0173 03       		.uleb128 0x3
 1093 0174 0E       		.uleb128 0xe
 1094 0175 3A       		.uleb128 0x3a
 1095 0176 0B       		.uleb128 0xb
 1096 0177 3B       		.uleb128 0x3b
 1097 0178 0B       		.uleb128 0xb
 1098 0179 49       		.uleb128 0x49
 1099 017a 13       		.uleb128 0x13
 1100 017b 02       		.uleb128 0x2
 1101 017c 17       		.uleb128 0x17
 1102 017d 00       		.byte	0
 1103 017e 00       		.byte	0
 1104 017f 18       		.uleb128 0x18
 1105 0180 34       		.uleb128 0x34
 1106 0181 00       		.byte	0
 1107 0182 03       		.uleb128 0x3
 1108 0183 0E       		.uleb128 0xe
 1109 0184 3A       		.uleb128 0x3a
 1110 0185 0B       		.uleb128 0xb
 1111 0186 3B       		.uleb128 0x3b
 1112 0187 05       		.uleb128 0x5
 1113 0188 49       		.uleb128 0x49
 1114 0189 13       		.uleb128 0x13
 1115 018a 3F       		.uleb128 0x3f
 1116 018b 19       		.uleb128 0x19
 1117 018c 3C       		.uleb128 0x3c
 1118 018d 19       		.uleb128 0x19
 1119 018e 00       		.byte	0
 1120 018f 00       		.byte	0
 1121 0190 00       		.byte	0
 1122              		.section	.debug_loc,"",%progbits
 1123              	.Ldebug_loc0:
ARM GAS  C:\Users\dell1\AppData\Local\Temp\ccoZnar2.s 			page 28


 1124              	.LLST0:
 1125 0000 00000000 		.4byte	.LVL3
 1126 0004 02000000 		.4byte	.LVL4
 1127 0008 0100     		.2byte	0x1
 1128 000a 50       		.byte	0x50
 1129 000b 02000000 		.4byte	.LVL4
 1130 000f 10000000 		.4byte	.LFE69
 1131 0013 0400     		.2byte	0x4
 1132 0015 F3       		.byte	0xf3
 1133 0016 01       		.uleb128 0x1
 1134 0017 50       		.byte	0x50
 1135 0018 9F       		.byte	0x9f
 1136 0019 00000000 		.4byte	0
 1137 001d 00000000 		.4byte	0
 1138              	.LLST1:
 1139 0021 04000000 		.4byte	.LVL5
 1140 0025 06000000 		.4byte	.LVL6
 1141 0029 0500     		.2byte	0x5
 1142 002b 70       		.byte	0x70
 1143 002c 00       		.sleb128 0
 1144 002d 35       		.byte	0x35
 1145 002e 25       		.byte	0x25
 1146 002f 9F       		.byte	0x9f
 1147 0030 00000000 		.4byte	0
 1148 0034 00000000 		.4byte	0
 1149              	.LLST2:
 1150 0038 00000000 		.4byte	.LVL11
 1151 003c 07000000 		.4byte	.LVL12-1
 1152 0040 0100     		.2byte	0x1
 1153 0042 50       		.byte	0x50
 1154 0043 07000000 		.4byte	.LVL12-1
 1155 0047 1A000000 		.4byte	.LFE64
 1156 004b 0100     		.2byte	0x1
 1157 004d 54       		.byte	0x54
 1158 004e 00000000 		.4byte	0
 1159 0052 00000000 		.4byte	0
 1160              		.section	.debug_aranges,"",%progbits
 1161 0000 7C000000 		.4byte	0x7c
 1162 0004 0200     		.2byte	0x2
 1163 0006 00000000 		.4byte	.Ldebug_info0
 1164 000a 04       		.byte	0x4
 1165 000b 00       		.byte	0
 1166 000c 0000     		.2byte	0
 1167 000e 0000     		.2byte	0
 1168 0010 00000000 		.4byte	.LFB66
 1169 0014 02000000 		.4byte	.LFE66-.LFB66
 1170 0018 00000000 		.4byte	.LFB67
 1171 001c 0C000000 		.4byte	.LFE67-.LFB67
 1172 0020 00000000 		.4byte	.LFB68
 1173 0024 0C000000 		.4byte	.LFE68-.LFB68
 1174 0028 00000000 		.4byte	.LFB69
 1175 002c 10000000 		.4byte	.LFE69-.LFB69
 1176 0030 00000000 		.4byte	.LFB70
 1177 0034 0C000000 		.4byte	.LFE70-.LFB70
 1178 0038 00000000 		.4byte	.LFB71
 1179 003c 0C000000 		.4byte	.LFE71-.LFB71
 1180 0040 00000000 		.4byte	.LFB72
ARM GAS  C:\Users\dell1\AppData\Local\Temp\ccoZnar2.s 			page 29


 1181 0044 18000000 		.4byte	.LFE72-.LFB72
 1182 0048 00000000 		.4byte	.LFB73
 1183 004c 0C000000 		.4byte	.LFE73-.LFB73
 1184 0050 00000000 		.4byte	.LFB63
 1185 0054 1C000000 		.4byte	.LFE63-.LFB63
 1186 0058 00000000 		.4byte	.LFB64
 1187 005c 1A000000 		.4byte	.LFE64-.LFB64
 1188 0060 00000000 		.4byte	.LFB65
 1189 0064 14000000 		.4byte	.LFE65-.LFB65
 1190 0068 00000000 		.4byte	.LFB74
 1191 006c 0C000000 		.4byte	.LFE74-.LFB74
 1192 0070 00000000 		.4byte	.LFB75
 1193 0074 0C000000 		.4byte	.LFE75-.LFB75
 1194 0078 00000000 		.4byte	0
 1195 007c 00000000 		.4byte	0
 1196              		.section	.debug_ranges,"",%progbits
 1197              	.Ldebug_ranges0:
 1198 0000 00000000 		.4byte	.LFB66
 1199 0004 02000000 		.4byte	.LFE66
 1200 0008 00000000 		.4byte	.LFB67
 1201 000c 0C000000 		.4byte	.LFE67
 1202 0010 00000000 		.4byte	.LFB68
 1203 0014 0C000000 		.4byte	.LFE68
 1204 0018 00000000 		.4byte	.LFB69
 1205 001c 10000000 		.4byte	.LFE69
 1206 0020 00000000 		.4byte	.LFB70
 1207 0024 0C000000 		.4byte	.LFE70
 1208 0028 00000000 		.4byte	.LFB71
 1209 002c 0C000000 		.4byte	.LFE71
 1210 0030 00000000 		.4byte	.LFB72
 1211 0034 18000000 		.4byte	.LFE72
 1212 0038 00000000 		.4byte	.LFB73
 1213 003c 0C000000 		.4byte	.LFE73
 1214 0040 00000000 		.4byte	.LFB63
 1215 0044 1C000000 		.4byte	.LFE63
 1216 0048 00000000 		.4byte	.LFB64
 1217 004c 1A000000 		.4byte	.LFE64
 1218 0050 00000000 		.4byte	.LFB65
 1219 0054 14000000 		.4byte	.LFE65
 1220 0058 00000000 		.4byte	.LFB74
 1221 005c 0C000000 		.4byte	.LFE74
 1222 0060 00000000 		.4byte	.LFB75
 1223 0064 0C000000 		.4byte	.LFE75
 1224 0068 00000000 		.4byte	0
 1225 006c 00000000 		.4byte	0
 1226              		.section	.debug_line,"",%progbits
 1227              	.Ldebug_line0:
 1228 0000 20020000 		.section	.debug_str,"MS",%progbits,1
 1228      02003401 
 1228      00000201 
 1228      FB0E0D00 
 1228      01010101 
 1229              	.LASF18:
 1230 0000 72656733 		.ascii	"reg32\000"
 1230      3200
 1231              	.LASF37:
 1232 0006 433A5C55 		.ascii	"C:\\Users\\dell1\\Desktop\\final_ccc\\Creative.cyds"
ARM GAS  C:\Users\dell1\AppData\Local\Temp\ccoZnar2.s 			page 30


 1232      73657273 
 1232      5C64656C 
 1232      6C315C44 
 1232      65736B74 
 1233 0034 6E00     		.ascii	"n\000"
 1234              	.LASF28:
 1235 0036 6973725F 		.ascii	"isr_tx_Enable\000"
 1235      74785F45 
 1235      6E61626C 
 1235      6500
 1236              	.LASF36:
 1237 0044 2E5C4765 		.ascii	".\\Generated_Source\\PSoC5\\isr_tx.c\000"
 1237      6E657261 
 1237      7465645F 
 1237      536F7572 
 1237      63655C50 
 1238              	.LASF38:
 1239 0066 6973725F 		.ascii	"isr_tx_GetState\000"
 1239      74785F47 
 1239      65745374 
 1239      61746500 
 1240              	.LASF11:
 1241 0076 5F5F696E 		.ascii	"__int32_t\000"
 1241      7433325F 
 1241      7400
 1242              	.LASF26:
 1243 0080 6973725F 		.ascii	"isr_tx_GetPriority\000"
 1243      74785F47 
 1243      65745072 
 1243      696F7269 
 1243      747900
 1244              	.LASF27:
 1245 0093 6973725F 		.ascii	"isr_tx_Interrupt\000"
 1245      74785F49 
 1245      6E746572 
 1245      72757074 
 1245      00
 1246              	.LASF31:
 1247 00a4 6973725F 		.ascii	"isr_tx_StartEx\000"
 1247      74785F53 
 1247      74617274 
 1247      457800
 1248              	.LASF15:
 1249 00b3 666C6F61 		.ascii	"float\000"
 1249      7400
 1250              	.LASF2:
 1251 00b9 756E7369 		.ascii	"unsigned char\000"
 1251      676E6564 
 1251      20636861 
 1251      7200
 1252              	.LASF25:
 1253 00c7 6973725F 		.ascii	"isr_tx_GetVector\000"
 1253      74785F47 
 1253      65745665 
 1253      63746F72 
 1253      00
 1254              	.LASF17:
ARM GAS  C:\Users\dell1\AppData\Local\Temp\ccoZnar2.s 			page 31


 1255 00d8 72656738 		.ascii	"reg8\000"
 1255      00
 1256              	.LASF6:
 1257 00dd 6C6F6E67 		.ascii	"long unsigned int\000"
 1257      20756E73 
 1257      69676E65 
 1257      6420696E 
 1257      7400
 1258              	.LASF4:
 1259 00ef 73686F72 		.ascii	"short unsigned int\000"
 1259      7420756E 
 1259      7369676E 
 1259      65642069 
 1259      6E7400
 1260              	.LASF39:
 1261 0102 49544D5F 		.ascii	"ITM_RxBuffer\000"
 1261      52784275 
 1261      66666572 
 1261      00
 1262              	.LASF16:
 1263 010f 646F7562 		.ascii	"double\000"
 1263      6C6500
 1264              	.LASF30:
 1265 0116 6973725F 		.ascii	"isr_tx_Start\000"
 1265      74785F53 
 1265      74617274 
 1265      00
 1266              	.LASF24:
 1267 0123 7072696F 		.ascii	"priority\000"
 1267      72697479 
 1267      00
 1268              	.LASF14:
 1269 012c 75696E74 		.ascii	"uint32\000"
 1269      333200
 1270              	.LASF29:
 1271 0133 6973725F 		.ascii	"isr_tx_Disable\000"
 1271      74785F44 
 1271      69736162 
 1271      6C6500
 1272              	.LASF22:
 1273 0142 6973725F 		.ascii	"isr_tx_SetPriority\000"
 1273      74785F53 
 1273      65745072 
 1273      696F7269 
 1273      747900
 1274              	.LASF0:
 1275 0155 756E7369 		.ascii	"unsigned int\000"
 1275      676E6564 
 1275      20696E74 
 1275      00
 1276              	.LASF23:
 1277 0162 61646472 		.ascii	"address\000"
 1277      65737300 
 1278              	.LASF8:
 1279 016a 6C6F6E67 		.ascii	"long long unsigned int\000"
 1279      206C6F6E 
 1279      6720756E 
ARM GAS  C:\Users\dell1\AppData\Local\Temp\ccoZnar2.s 			page 32


 1279      7369676E 
 1279      65642069 
 1280              	.LASF35:
 1281 0181 474E5520 		.ascii	"GNU C 4.9.3 20150303 (release) [ARM/embedded-4_9-br"
 1281      4320342E 
 1281      392E3320 
 1281      32303135 
 1281      30333033 
 1282 01b4 616E6368 		.ascii	"anch revision 221220] -mcpu=cortex-m3 -mthumb -g -O"
 1282      20726576 
 1282      6973696F 
 1282      6E203232 
 1282      31323230 
 1283 01e7 67202D66 		.ascii	"g -ffunction-sections -ffat-lto-objects\000"
 1283      66756E63 
 1283      74696F6E 
 1283      2D736563 
 1283      74696F6E 
 1284              	.LASF19:
 1285 020f 63796973 		.ascii	"cyisraddress\000"
 1285      72616464 
 1285      72657373 
 1285      00
 1286              	.LASF12:
 1287 021c 696E7433 		.ascii	"int32_t\000"
 1287      325F7400 
 1288              	.LASF32:
 1289 0224 6973725F 		.ascii	"isr_tx_Stop\000"
 1289      74785F53 
 1289      746F7000 
 1290              	.LASF9:
 1291 0230 73697A65 		.ascii	"sizetype\000"
 1291      74797065 
 1291      00
 1292              	.LASF7:
 1293 0239 6C6F6E67 		.ascii	"long long int\000"
 1293      206C6F6E 
 1293      6720696E 
 1293      7400
 1294              	.LASF10:
 1295 0247 63686172 		.ascii	"char\000"
 1295      00
 1296              	.LASF20:
 1297 024c 72616D56 		.ascii	"ramVectorTable\000"
 1297      6563746F 
 1297      72546162 
 1297      6C6500
 1298              	.LASF21:
 1299 025b 6973725F 		.ascii	"isr_tx_SetVector\000"
 1299      74785F53 
 1299      65745665 
 1299      63746F72 
 1299      00
 1300              	.LASF3:
 1301 026c 73686F72 		.ascii	"short int\000"
 1301      7420696E 
 1301      7400
ARM GAS  C:\Users\dell1\AppData\Local\Temp\ccoZnar2.s 			page 33


 1302              	.LASF13:
 1303 0276 75696E74 		.ascii	"uint8\000"
 1303      3800
 1304              	.LASF5:
 1305 027c 6C6F6E67 		.ascii	"long int\000"
 1305      20696E74 
 1305      00
 1306              	.LASF1:
 1307 0285 7369676E 		.ascii	"signed char\000"
 1307      65642063 
 1307      68617200 
 1308              	.LASF34:
 1309 0291 6973725F 		.ascii	"isr_tx_ClearPending\000"
 1309      74785F43 
 1309      6C656172 
 1309      50656E64 
 1309      696E6700 
 1310              	.LASF33:
 1311 02a5 6973725F 		.ascii	"isr_tx_SetPending\000"
 1311      74785F53 
 1311      65745065 
 1311      6E64696E 
 1311      6700
 1312              		.ident	"GCC: (GNU Tools for ARM Embedded Processors) 4.9.3 20150303 (release) [ARM/embedded-4_9-br
